#
# There is insufficient memory for the Java Runtime Environment to continue.
# Native memory allocation (malloc) failed to allocate 1495376 bytes for Chunk::new
# Possible reasons:
#   The system is out of physical RAM or swap space
#   The process is running with CompressedOops enabled, and the Java Heap may be blocking the growth of the native heap
# Possible solutions:
#   Reduce memory load on the system
#   Increase physical memory or swap space
#   Check if swap backing store is full
#   Decrease Java heap size (-Xmx/-Xms)
#   Decrease number of Java threads
#   Decrease Java thread stack sizes (-Xss)
#   Set larger code cache with -XX:ReservedCodeCacheSize=
#   JVM is running with Unscaled Compressed Oops mode in which the Java heap is
#     placed in the first 4GB address space. The Java Heap base address is the
#     maximum limit for the native heap growth. Please use -XX:HeapBaseMinAddress
#     to set the Java Heap base and to place the Java Heap above 4GB virtual address.
# This output file may be truncated or incomplete.
#
#  Out of Memory Error (./src/hotspot/share/memory/arena.cpp:197), pid=5836, tid=17172
#
# JRE version: OpenJDK Runtime Environment (11.0.10) (build 11.0.10+0-b96-7249189)
# Java VM: OpenJDK 64-Bit Server VM (11.0.10+0-b96-7249189, mixed mode, tiered, compressed oops, g1 gc, windows-amd64)
# No core dump will be written. Minidumps are not enabled by default on client versions of Windows
#

---------------  S U M M A R Y ------------

Command Line: --add-opens=java.base/java.util=ALL-UNNAMED --add-opens=java.base/java.lang=ALL-UNNAMED --add-opens=java.base/java.lang.invoke=ALL-UNNAMED --add-opens=java.base/java.util=ALL-UNNAMED --add-opens=java.prefs/java.util.prefs=ALL-UNNAMED --add-opens=java.prefs/java.util.prefs=ALL-UNNAMED --add-opens=java.base/java.nio.charset=ALL-UNNAMED --add-opens=java.base/java.net=ALL-UNNAMED --add-opens=java.base/java.util.concurrent.atomic=ALL-UNNAMED -Xmx2048m -Dfile.encoding=UTF-8 -Duser.country=US -Duser.language=en -Duser.variant org.gradle.launcher.daemon.bootstrap.GradleDaemon 7.0.2

Host: Intel(R) Core(TM) i5-8265U CPU @ 1.60GHz, 8 cores, 11G,  Windows 10 , 64 bit Build 22463 (10.0.22463.1000)
Time: Fri Oct  1 14:13:56 2021 SE Asia Standard Time elapsed time: 2148.097294 seconds (0d 0h 35m 48s)

---------------  T H R E A D  ---------------

Current thread (0x0000020dfc3d8000):  JavaThread "C2 CompilerThread1" daemon [_thread_in_native, id=17172, stack(0x000000af9af00000,0x000000af9b000000)]


Current CompileTask:
C2:2148097 16300   !   4       java.nio.file.FileTreeWalker::next (144 bytes)

Stack: [0x000000af9af00000,0x000000af9b000000]
Native frames: (J=compiled Java code, j=interpreted, Vv=VM code, C=native code)
V  [jvm.dll+0x5ecfaa]
V  [jvm.dll+0x722bd5]
V  [jvm.dll+0x72412d]
V  [jvm.dll+0x7247e3]
V  [jvm.dll+0x242928]
V  [jvm.dll+0xbc4fc]
V  [jvm.dll+0xbca0c]
V  [jvm.dll+0x352d3b]
V  [jvm.dll+0x320ad3]
V  [jvm.dll+0x31ffca]
V  [jvm.dll+0x1fb602]
V  [jvm.dll+0x1fa7f4]
V  [jvm.dll+0x18354c]
V  [jvm.dll+0x208ee7]
V  [jvm.dll+0x207731]
V  [jvm.dll+0x6eb1cf]
V  [jvm.dll+0x6e3d45]
V  [jvm.dll+0x5ebe96]
C  [ucrtbase.dll+0x293cc]
C  [KERNEL32.DLL+0x16d50]
C  [ntdll.dll+0x4c6b]


---------------  P R O C E S S  ---------------

Threads class SMR info:
_java_thread_list=0x0000020df9a23110, length=71, elements={
0x0000020dd93a7800, 0x0000020df4062800, 0x0000020df406d800, 0x0000020df3837800,
0x0000020df40bf800, 0x0000020df40c0000, 0x0000020df40c5000, 0x0000020df40c8000,
0x0000020df40ce800, 0x0000020df422c000, 0x0000020df5c62000, 0x0000020df430d000,
0x0000020df6095800, 0x0000020df70e4800, 0x0000020df70e3800, 0x0000020df70e7000,
0x0000020df70e2800, 0x0000020df70e1000, 0x0000020df62ab000, 0x0000020df62ad800,
0x0000020df62aa800, 0x0000020df62b1000, 0x0000020df62ac000, 0x0000020df62ac800,
0x0000020df62ae800, 0x0000020df62af000, 0x0000020df7a37800, 0x0000020df7a37000,
0x0000020dfa296000, 0x0000020dfa29c800, 0x0000020dfa297800, 0x0000020dfa298800,
0x0000020dfa29d800, 0x0000020dfa29f000, 0x0000020dfa2a0000, 0x0000020dfa29e800,
0x0000020dfa29a000, 0x0000020dfa2a0800, 0x0000020dfa2a1800, 0x0000020dfa29c000,
0x0000020dfa2a5000, 0x0000020dfa2a4000, 0x0000020dfa2a2800, 0x0000020df7a38800,
0x0000020df7a36000, 0x0000020df7a3c800, 0x0000020df7a3e000, 0x0000020df7a40000,
0x0000020df7a3d800, 0x0000020df7a3b000, 0x0000020df7a3a000, 0x0000020df7a3f000,
0x0000020df7a40800, 0x0000020df7a41800, 0x0000020df7a42800, 0x0000020df7a43000,
0x0000020df70e2000, 0x0000020df70e5000, 0x0000020df70e0800, 0x0000020df70e6000,
0x0000020df62b0000, 0x0000020dfcbd4000, 0x0000020dfcbd1800, 0x0000020dfcbd1000,
0x0000020dfcbcf000, 0x0000020dfcbd5000, 0x0000020dfcbd3800, 0x0000020dfa29b000,
0x0000020dfa2a3000, 0x0000020dfc3d9000, 0x0000020dfc3d8000
}

Java Threads: ( => current thread )
  0x0000020dd93a7800 JavaThread "main" [_thread_blocked, id=840, stack(0x000000af99300000,0x000000af99400000)]
  0x0000020df4062800 JavaThread "Reference Handler" daemon [_thread_blocked, id=20588, stack(0x000000af99a00000,0x000000af99b00000)]
  0x0000020df406d800 JavaThread "Finalizer" daemon [_thread_blocked, id=5840, stack(0x000000af99b00000,0x000000af99c00000)]
  0x0000020df3837800 JavaThread "Signal Dispatcher" daemon [_thread_blocked, id=2912, stack(0x000000af99c00000,0x000000af99d00000)]
  0x0000020df40bf800 JavaThread "Attach Listener" daemon [_thread_blocked, id=13372, stack(0x000000af99d00000,0x000000af99e00000)]
  0x0000020df40c0000 JavaThread "Service Thread" daemon [_thread_blocked, id=16600, stack(0x000000af99e00000,0x000000af99f00000)]
  0x0000020df40c5000 JavaThread "C2 CompilerThread0" daemon [_thread_in_native, id=17568, stack(0x000000af99f00000,0x000000af9a000000)]
  0x0000020df40c8000 JavaThread "C1 CompilerThread0" daemon [_thread_blocked, id=16696, stack(0x000000af9a000000,0x000000af9a100000)]
  0x0000020df40ce800 JavaThread "Sweeper thread" daemon [_thread_blocked, id=19024, stack(0x000000af9a100000,0x000000af9a200000)]
  0x0000020df422c000 JavaThread "Common-Cleaner" daemon [_thread_blocked, id=820, stack(0x000000af9a200000,0x000000af9a300000)]
  0x0000020df5c62000 JavaThread "Daemon health stats" [_thread_blocked, id=8292, stack(0x000000af9a900000,0x000000af9aa00000)]
  0x0000020df430d000 JavaThread "Incoming local TCP Connector on port 54709" [_thread_in_native, id=20488, stack(0x000000af9a400000,0x000000af9a500000)]
  0x0000020df6095800 JavaThread "Daemon periodic checks" [_thread_blocked, id=22448, stack(0x000000af9a800000,0x000000af9a900000)]
  0x0000020df70e4800 JavaThread "Cache worker for file hash cache (C:\Users\ThanhLong\.gradle\caches\7.0.2\fileHashes)" [_thread_blocked, id=9532, stack(0x000000af9b100000,0x000000af9b200000)]
  0x0000020df70e3800 JavaThread "File lock request listener" [_thread_in_native, id=3984, stack(0x000000af9b200000,0x000000af9b300000)]
  0x0000020df70e7000 JavaThread "Cache worker for journal cache (C:\Users\ThanhLong\.gradle\caches\journal-1)" [_thread_blocked, id=19292, stack(0x000000af9b800000,0x000000af9b900000)]
  0x0000020df70e2800 JavaThread "File watcher server" daemon [_thread_in_native, id=12540, stack(0x000000af9bb00000,0x000000af9bc00000)]
  0x0000020df70e1000 JavaThread "File watcher consumer" daemon [_thread_blocked, id=19516, stack(0x000000af9bc00000,0x000000af9bd00000)]
  0x0000020df62ab000 JavaThread "jar transforms" [_thread_blocked, id=22120, stack(0x000000af9bd00000,0x000000af9be00000)]
  0x0000020df62ad800 JavaThread "jar transforms Thread 2" [_thread_blocked, id=19792, stack(0x000000af9be00000,0x000000af9bf00000)]
  0x0000020df62aa800 JavaThread "jar transforms Thread 3" [_thread_blocked, id=4532, stack(0x000000af9bf00000,0x000000af9c000000)]
  0x0000020df62b1000 JavaThread "jar transforms Thread 4" [_thread_blocked, id=17812, stack(0x000000af9c000000,0x000000af9c100000)]
  0x0000020df62ac000 JavaThread "jar transforms Thread 5" [_thread_blocked, id=3844, stack(0x000000af9c100000,0x000000af9c200000)]
  0x0000020df62ac800 JavaThread "jar transforms Thread 6" [_thread_blocked, id=22328, stack(0x000000af9c200000,0x000000af9c300000)]
  0x0000020df62ae800 JavaThread "jar transforms Thread 7" [_thread_blocked, id=5748, stack(0x000000af9c300000,0x000000af9c400000)]
  0x0000020df62af000 JavaThread "jar transforms Thread 8" [_thread_blocked, id=4684, stack(0x000000af9c400000,0x000000af9c500000)]
  0x0000020df7a37800 JavaThread "Cache worker for execution history cache (C:\Users\ThanhLong\.gradle\caches\7.0.2\executionHistory)" [_thread_blocked, id=9116, stack(0x000000af9c800000,0x000000af9c900000)]
  0x0000020df7a37000 JavaThread "Cache worker for file content cache (C:\Users\ThanhLong\.gradle\caches\7.0.2\fileContent)" [_thread_blocked, id=22128, stack(0x000000af9ca00000,0x000000af9cb00000)]
  0x0000020dfa296000 JavaThread "Memory manager" [_thread_blocked, id=19944, stack(0x000000af9d600000,0x000000af9d700000)]
  0x0000020dfa29c800 JavaThread "pool-3-thread-1" [_thread_blocked, id=13460, stack(0x000000af9d700000,0x000000af9d800000)]
  0x0000020dfa297800 JavaThread "Daemon Thread 2" [_thread_blocked, id=11660, stack(0x000000af99000000,0x000000af99100000)]
  0x0000020dfa298800 JavaThread "Handler for socket connection from /127.0.0.1:54709 to /127.0.0.1:56515" [_thread_in_native, id=20968, stack(0x000000af99100000,0x000000af99200000)]
  0x0000020dfa29d800 JavaThread "Cancel handler" [_thread_blocked, id=11620, stack(0x000000af99200000,0x000000af99300000)]
  0x0000020dfa29f000 JavaThread "Daemon worker Thread 2" [_thread_blocked, id=14340, stack(0x000000af9aa00000,0x000000af9ab00000)]
  0x0000020dfa2a0000 JavaThread "Asynchronous log dispatcher for DefaultDaemonConnection: socket connection from /127.0.0.1:54709 to /127.0.0.1:56515" [_thread_blocked, id=18784, stack(0x000000af9ab00000,0x000000af9ac00000)]
  0x0000020dfa29e800 JavaThread "Stdin handler" [_thread_blocked, id=19552, stack(0x000000af9ac00000,0x000000af9ad00000)]
  0x0000020dfa29a000 JavaThread "Daemon client event forwarder" [_thread_blocked, id=6792, stack(0x000000af9ad00000,0x000000af9ae00000)]
  0x0000020dfa2a0800 JavaThread "Cache worker for file hash cache (D:\demo1\.gradle\7.0.2\fileHashes)" [_thread_blocked, id=21576, stack(0x000000af9ae00000,0x000000af9af00000)]
  0x0000020dfa2a1800 JavaThread "Cache worker for checksums cache (D:\demo1\.gradle\checksums)" [_thread_blocked, id=13784, stack(0x000000af9b000000,0x000000af9b100000)]
  0x0000020dfa29c000 JavaThread "Cache worker for cache directory md-supplier (C:\Users\ThanhLong\.gradle\caches\7.0.2\md-supplier)" [_thread_blocked, id=10624, stack(0x000000af9b900000,0x000000af9ba00000)]
  0x0000020dfa2a5000 JavaThread "Cache worker for cache directory md-rule (C:\Users\ThanhLong\.gradle\caches\7.0.2\md-rule)" [_thread_blocked, id=18280, stack(0x000000af9ba00000,0x000000af9bb00000)]
  0x0000020dfa2a4000 JavaThread "Cache worker for dependencies-accessors (D:\demo1\.gradle\7.0.2\dependencies-accessors)" [_thread_blocked, id=14084, stack(0x000000af9c500000,0x000000af9c600000)]
  0x0000020dfa2a2800 JavaThread "Cache worker for Build Output Cleanup Cache (D:\demo1\.gradle\buildOutputCleanup)" [_thread_blocked, id=14208, stack(0x000000af9c600000,0x000000af9c700000)]
  0x0000020df7a38800 JavaThread "Build operations" [_thread_blocked, id=20228, stack(0x000000af9c900000,0x000000af9ca00000)]
  0x0000020df7a36000 JavaThread "Build operations Thread 2" [_thread_blocked, id=19808, stack(0x000000af9cb00000,0x000000af9cc00000)]
  0x0000020df7a3c800 JavaThread "Build operations Thread 3" [_thread_blocked, id=23184, stack(0x000000af9cc00000,0x000000af9cd00000)]
  0x0000020df7a3e000 JavaThread "Build operations Thread 4" [_thread_blocked, id=21112, stack(0x000000af9cd00000,0x000000af9ce00000)]
  0x0000020df7a40000 JavaThread "Build operations Thread 5" [_thread_blocked, id=304, stack(0x000000af9ce00000,0x000000af9cf00000)]
  0x0000020df7a3d800 JavaThread "Build operations Thread 6" [_thread_blocked, id=19888, stack(0x000000af9cf00000,0x000000af9d000000)]
  0x0000020df7a3b000 JavaThread "Build operations Thread 7" [_thread_blocked, id=15032, stack(0x000000af9d000000,0x000000af9d100000)]
  0x0000020df7a3a000 JavaThread "Build operations Thread 8" [_thread_blocked, id=12132, stack(0x000000af9d100000,0x000000af9d200000)]
  0x0000020df7a3f000 JavaThread "build event listener" [_thread_blocked, id=21980, stack(0x000000af9d200000,0x000000af9d300000)]
  0x0000020df7a40800 JavaThread "pool-6-thread-1" [_thread_blocked, id=2028, stack(0x000000af9d300000,0x000000af9d400000)]
  0x0000020df7a41800 JavaThread "build event listener" [_thread_blocked, id=22464, stack(0x000000af9d400000,0x000000af9d500000)]
  0x0000020df7a42800 JavaThread "Execution worker for ':'" [_thread_blocked, id=12744, stack(0x000000af9d800000,0x000000af9d900000)]
  0x0000020df7a43000 JavaThread "Execution worker for ':' Thread 2" [_thread_in_Java, id=18184, stack(0x000000af9d900000,0x000000af9da00000)]
  0x0000020df70e2000 JavaThread "Execution worker for ':' Thread 3" [_thread_blocked, id=5720, stack(0x000000af9da00000,0x000000af9db00000)]
  0x0000020df70e5000 JavaThread "Execution worker for ':' Thread 4" [_thread_blocked, id=14708, stack(0x000000af9db00000,0x000000af9dc00000)]
  0x0000020df70e0800 JavaThread "Execution worker for ':' Thread 5" [_thread_blocked, id=15272, stack(0x000000af9dc00000,0x000000af9dd00000)]
  0x0000020df70e6000 JavaThread "Execution worker for ':' Thread 6" [_thread_blocked, id=17640, stack(0x000000af9dd00000,0x000000af9de00000)]
  0x0000020df62b0000 JavaThread "Execution worker for ':' Thread 7" [_thread_in_native, id=1236, stack(0x000000af9de00000,0x000000af9df00000)]
  0x0000020dfcbd4000 JavaThread "Cache worker for execution history cache (D:\demo1\.gradle\7.0.2\executionHistory)" [_thread_blocked, id=23476, stack(0x000000af9df00000,0x000000af9e000000)]
  0x0000020dfcbd1800 JavaThread "WorkerExecutor Queue" [_thread_blocked, id=22776, stack(0x000000af9c700000,0x000000af9c800000)]
  0x0000020dfcbd1000 JavaThread "WorkerExecutor Queue Thread 2" [_thread_blocked, id=10088, stack(0x000000af9e000000,0x000000af9e100000)]
  0x0000020dfcbcf000 JavaThread "WorkerExecutor Queue Thread 3" [_thread_blocked, id=19008, stack(0x000000af9e200000,0x000000af9e300000)]
  0x0000020dfcbd5000 JavaThread "WorkerExecutor Queue Thread 4" [_thread_blocked, id=21516, stack(0x000000af9e400000,0x000000af9e500000)]
  0x0000020dfcbd3800 JavaThread "WorkerExecutor Queue Thread 5" [_thread_blocked, id=8132, stack(0x000000af9e500000,0x000000af9e600000)]
  0x0000020dfa29b000 JavaThread "WorkerExecutor Queue Thread 6" [_thread_blocked, id=21976, stack(0x000000af9e600000,0x000000af9e700000)]
  0x0000020dfa2a3000 JavaThread "WorkerExecutor Queue Thread 7" [_thread_blocked, id=8928, stack(0x000000af9e700000,0x000000af9e800000)]
  0x0000020dfc3d9000 JavaThread "WorkerExecutor Queue Thread 8" [_thread_blocked, id=13520, stack(0x000000af9e800000,0x000000af9e900000)]
=>0x0000020dfc3d8000 JavaThread "C2 CompilerThread1" daemon [_thread_in_native, id=17172, stack(0x000000af9af00000,0x000000af9b000000)]

Other Threads:
  0x0000020df3836800 VMThread "VM Thread" [stack: 0x000000af99900000,0x000000af99a00000] [id=11000]
  0x0000020df424c800 WatcherThread [stack: 0x000000af9a300000,0x000000af9a400000] [id=20948]
  0x0000020dd93be000 GCTaskThread "GC Thread#0" [stack: 0x000000af99400000,0x000000af99500000] [id=3656]
  0x0000020df50b3800 GCTaskThread "GC Thread#1" [stack: 0x000000af9a500000,0x000000af9a600000] [id=11556]
  0x0000020df50b4800 GCTaskThread "GC Thread#2" [stack: 0x000000af9a600000,0x000000af9a700000] [id=23192]
  0x0000020df49e7800 GCTaskThread "GC Thread#3" [stack: 0x000000af9a700000,0x000000af9a800000] [id=19196]
  0x0000020df6826000 GCTaskThread "GC Thread#4" [stack: 0x000000af9b300000,0x000000af9b400000] [id=18232]
  0x0000020df58a3000 GCTaskThread "GC Thread#5" [stack: 0x000000af9b400000,0x000000af9b500000] [id=17948]
  0x0000020df55c5000 GCTaskThread "GC Thread#6" [stack: 0x000000af9b500000,0x000000af9b600000] [id=15292]
  0x0000020df5f6e000 GCTaskThread "GC Thread#7" [stack: 0x000000af9b600000,0x000000af9b700000] [id=13128]
  0x0000020dd93f4000 ConcurrentGCThread "G1 Main Marker" [stack: 0x000000af99500000,0x000000af99600000] [id=16656]
  0x0000020dd93f5800 ConcurrentGCThread "G1 Conc#0" [stack: 0x000000af99600000,0x000000af99700000] [id=20892]
  0x0000020df6531000 ConcurrentGCThread "G1 Conc#1" [stack: 0x000000af9b700000,0x000000af9b800000] [id=15108]
  0x0000020df369c800 ConcurrentGCThread "G1 Refine#0" [stack: 0x000000af99700000,0x000000af99800000] [id=20912]
  0x0000020df79d0000 ConcurrentGCThread "G1 Refine#1" [stack: 0x000000af9d500000,0x000000af9d600000] [id=552]
  0x0000020dfd5d5800 ConcurrentGCThread "G1 Refine#2" [stack: 0x000000af9e300000,0x000000af9e400000] [id=9180]
  0x0000020df369d800 ConcurrentGCThread "G1 Young RemSet Sampling" [stack: 0x000000af99800000,0x000000af99900000] [id=18348]

Threads with active compile tasks:
C2 CompilerThread12148119 16300   !   4       java.nio.file.FileTreeWalker::next (144 bytes)

VM state:not at safepoint (normal execution)

VM Mutex/Monitor currently owned by a thread: None

Heap address: 0x0000000080000000, size: 2048 MB, Compressed Oops mode: 32-bit
Narrow klass base: 0x0000000000000000, Narrow klass shift: 3
Compressed class space size: 1073741824 Address: 0x0000000100000000

Heap:
 garbage-first heap   total 196608K, used 117580K [0x0000000080000000, 0x0000000100000000)
  region size 1024K, 5 young (5120K), 1 survivors (1024K)
 Metaspace       used 120557K, capacity 123227K, committed 124160K, reserved 1157120K
  class space    used 14877K, capacity 15858K, committed 16128K, reserved 1048576K
Heap Regions: E=young(eden), S=young(survivor), O=old, HS=humongous(starts), HC=humongous(continues), CS=collection set, F=free, A=archive, TAMS=top-at-mark-start (previous, next)
|   0|0x0000000080000000, 0x0000000080100000, 0x0000000080100000|100%| O|  |TAMS 0x0000000080100000, 0x0000000080000000| Untracked 
|   1|0x0000000080100000, 0x0000000080200000, 0x0000000080200000|100%| O|  |TAMS 0x0000000080200000, 0x0000000080100000| Untracked 
|   2|0x0000000080200000, 0x0000000080300000, 0x0000000080300000|100%| O|  |TAMS 0x0000000080300000, 0x0000000080200000| Untracked 
|   3|0x0000000080300000, 0x0000000080400000, 0x0000000080400000|100%|HS|  |TAMS 0x0000000080400000, 0x0000000080300000| Complete 
|   4|0x0000000080400000, 0x0000000080500000, 0x0000000080500000|100%|HC|  |TAMS 0x0000000080500000, 0x0000000080400000| Complete 
|   5|0x0000000080500000, 0x0000000080600000, 0x0000000080600000|100%|HC|  |TAMS 0x0000000080600000, 0x0000000080500000| Complete 
|   6|0x0000000080600000, 0x0000000080700000, 0x0000000080700000|100%| O|  |TAMS 0x0000000080700000, 0x0000000080600000| Untracked 
|   7|0x0000000080700000, 0x0000000080800000, 0x0000000080800000|100%| O|  |TAMS 0x0000000080800000, 0x0000000080700000| Untracked 
|   8|0x0000000080800000, 0x0000000080900000, 0x0000000080900000|100%| O|  |TAMS 0x0000000080900000, 0x0000000080800000| Untracked 
|   9|0x0000000080900000, 0x0000000080a00000, 0x0000000080a00000|100%| O|  |TAMS 0x0000000080a00000, 0x0000000080900000| Untracked 
|  10|0x0000000080a00000, 0x0000000080b00000, 0x0000000080b00000|100%| O|  |TAMS 0x0000000080b00000, 0x0000000080a00000| Untracked 
|  11|0x0000000080b00000, 0x0000000080c00000, 0x0000000080c00000|100%| O|  |TAMS 0x0000000080c00000, 0x0000000080b00000| Untracked 
|  12|0x0000000080c00000, 0x0000000080d00000, 0x0000000080d00000|100%| O|  |TAMS 0x0000000080c14400, 0x0000000080c00000| Untracked 
|  13|0x0000000080d00000, 0x0000000080e00000, 0x0000000080e00000|100%| O|  |TAMS 0x0000000080e00000, 0x0000000080d00000| Untracked 
|  14|0x0000000080e00000, 0x0000000080f00000, 0x0000000080f00000|100%| O|  |TAMS 0x0000000080f00000, 0x0000000080e00000| Untracked 
|  15|0x0000000080f00000, 0x0000000081000000, 0x0000000081000000|100%| O|  |TAMS 0x0000000081000000, 0x0000000080f00000| Untracked 
|  16|0x0000000081000000, 0x0000000081100000, 0x0000000081100000|100%| O|  |TAMS 0x0000000081100000, 0x0000000081000000| Untracked 
|  17|0x0000000081100000, 0x0000000081200000, 0x0000000081200000|100%|HS|  |TAMS 0x0000000081200000, 0x0000000081100000| Complete 
|  18|0x0000000081200000, 0x0000000081300000, 0x0000000081300000|100%|HC|  |TAMS 0x0000000081300000, 0x0000000081200000| Complete 
|  19|0x0000000081300000, 0x0000000081400000, 0x0000000081400000|100%|HS|  |TAMS 0x0000000081400000, 0x0000000081300000| Complete 
|  20|0x0000000081400000, 0x0000000081500000, 0x0000000081500000|100%|HC|  |TAMS 0x0000000081500000, 0x0000000081400000| Complete 
|  21|0x0000000081500000, 0x0000000081600000, 0x0000000081600000|100%|HC|  |TAMS 0x0000000081600000, 0x0000000081500000| Complete 
|  22|0x0000000081600000, 0x0000000081700000, 0x0000000081700000|100%|HS|  |TAMS 0x0000000081700000, 0x0000000081600000| Complete 
|  23|0x0000000081700000, 0x0000000081800000, 0x0000000081800000|100%|HC|  |TAMS 0x0000000081800000, 0x0000000081700000| Complete 
|  24|0x0000000081800000, 0x0000000081900000, 0x0000000081900000|100%|HC|  |TAMS 0x0000000081900000, 0x0000000081800000| Complete 
|  25|0x0000000081900000, 0x0000000081a00000, 0x0000000081a00000|100%|HC|  |TAMS 0x0000000081a00000, 0x0000000081900000| Complete 
|  26|0x0000000081a00000, 0x0000000081b00000, 0x0000000081b00000|100%|HC|  |TAMS 0x0000000081b00000, 0x0000000081a00000| Complete 
|  27|0x0000000081b00000, 0x0000000081c00000, 0x0000000081c00000|100%|HS|  |TAMS 0x0000000081c00000, 0x0000000081b00000| Complete 
|  28|0x0000000081c00000, 0x0000000081d00000, 0x0000000081d00000|100%| O|  |TAMS 0x0000000081d00000, 0x0000000081c00000| Untracked 
|  29|0x0000000081d00000, 0x0000000081e00000, 0x0000000081e00000|100%| O|  |TAMS 0x0000000081e00000, 0x0000000081d00000| Untracked 
|  30|0x0000000081e00000, 0x0000000081f00000, 0x0000000081f00000|100%|HS|  |TAMS 0x0000000081f00000, 0x0000000081e00000| Complete 
|  31|0x0000000081f00000, 0x0000000082000000, 0x0000000082000000|100%|HC|  |TAMS 0x0000000082000000, 0x0000000081f00000| Complete 
|  32|0x0000000082000000, 0x0000000082100000, 0x0000000082100000|100%|HC|  |TAMS 0x0000000082100000, 0x0000000082000000| Complete 
|  33|0x0000000082100000, 0x0000000082200000, 0x0000000082200000|100%|HC|  |TAMS 0x0000000082200000, 0x0000000082100000| Complete 
|  34|0x0000000082200000, 0x0000000082300000, 0x0000000082300000|100%|HC|  |TAMS 0x0000000082300000, 0x0000000082200000| Complete 
|  35|0x0000000082300000, 0x0000000082400000, 0x0000000082400000|100%|HS|  |TAMS 0x0000000082400000, 0x0000000082300000| Complete 
|  36|0x0000000082400000, 0x0000000082500000, 0x0000000082500000|100%|HC|  |TAMS 0x0000000082500000, 0x0000000082400000| Complete 
|  37|0x0000000082500000, 0x0000000082600000, 0x0000000082600000|100%|HC|  |TAMS 0x0000000082600000, 0x0000000082500000| Complete 
|  38|0x0000000082600000, 0x0000000082700000, 0x0000000082700000|100%| O|  |TAMS 0x0000000082700000, 0x0000000082600000| Untracked 
|  39|0x0000000082700000, 0x0000000082800000, 0x0000000082800000|100%| O|  |TAMS 0x0000000082800000, 0x0000000082700000| Untracked 
|  40|0x0000000082800000, 0x0000000082900000, 0x0000000082900000|100%| O|  |TAMS 0x0000000082900000, 0x0000000082800000| Untracked 
|  41|0x0000000082900000, 0x0000000082a00000, 0x0000000082a00000|100%| O|  |TAMS 0x0000000082a00000, 0x0000000082900000| Untracked 
|  42|0x0000000082a00000, 0x0000000082a00000, 0x0000000082b00000|  0%| F|  |TAMS 0x0000000082a00000, 0x0000000082a00000| Untracked 
|  43|0x0000000082b00000, 0x0000000082c00000, 0x0000000082c00000|100%| O|  |TAMS 0x0000000082c00000, 0x0000000082b00000| Untracked 
|  44|0x0000000082c00000, 0x0000000082d00000, 0x0000000082d00000|100%| O|  |TAMS 0x0000000082d00000, 0x0000000082c00000| Untracked 
|  45|0x0000000082d00000, 0x0000000082d00000, 0x0000000082e00000|  0%| F|  |TAMS 0x0000000082d00000, 0x0000000082d00000| Untracked 
|  46|0x0000000082e00000, 0x0000000082f00000, 0x0000000082f00000|100%| O|  |TAMS 0x0000000082f00000, 0x0000000082e00000| Untracked 
|  47|0x0000000082f00000, 0x0000000083000000, 0x0000000083000000|100%| O|  |TAMS 0x0000000083000000, 0x0000000082f00000| Untracked 
|  48|0x0000000083000000, 0x0000000083100000, 0x0000000083100000|100%| O|  |TAMS 0x0000000083100000, 0x0000000083000000| Untracked 
|  49|0x0000000083100000, 0x0000000083200000, 0x0000000083200000|100%| O|  |TAMS 0x0000000083200000, 0x0000000083100000| Untracked 
|  50|0x0000000083200000, 0x0000000083300000, 0x0000000083300000|100%| O|  |TAMS 0x0000000083300000, 0x0000000083200000| Untracked 
|  51|0x0000000083300000, 0x0000000083300000, 0x0000000083400000|  0%| F|  |TAMS 0x0000000083300000, 0x0000000083300000| Untracked 
|  52|0x0000000083400000, 0x0000000083500000, 0x0000000083500000|100%|HS|  |TAMS 0x0000000083500000, 0x0000000083400000| Complete 
|  53|0x0000000083500000, 0x0000000083600000, 0x0000000083600000|100%|HS|  |TAMS 0x0000000083600000, 0x0000000083500000| Complete 
|  54|0x0000000083600000, 0x0000000083700000, 0x0000000083700000|100%|HC|  |TAMS 0x0000000083700000, 0x0000000083600000| Complete 
|  55|0x0000000083700000, 0x0000000083700000, 0x0000000083800000|  0%| F|  |TAMS 0x0000000083700000, 0x0000000083700000| Untracked 
|  56|0x0000000083800000, 0x0000000083900000, 0x0000000083900000|100%| O|  |TAMS 0x0000000083900000, 0x0000000083800000| Untracked 
|  57|0x0000000083900000, 0x0000000083a00000, 0x0000000083a00000|100%| O|  |TAMS 0x0000000083a00000, 0x0000000083900000| Untracked 
|  58|0x0000000083a00000, 0x0000000083b00000, 0x0000000083b00000|100%| O|  |TAMS 0x0000000083b00000, 0x0000000083a00000| Untracked 
|  59|0x0000000083b00000, 0x0000000083c00000, 0x0000000083c00000|100%| O|  |TAMS 0x0000000083c00000, 0x0000000083b00000| Untracked 
|  60|0x0000000083c00000, 0x0000000083d00000, 0x0000000083d00000|100%| O|  |TAMS 0x0000000083d00000, 0x0000000083c00000| Untracked 
|  61|0x0000000083d00000, 0x0000000083e00000, 0x0000000083e00000|100%| O|  |TAMS 0x0000000083e00000, 0x0000000083d00000| Untracked 
|  62|0x0000000083e00000, 0x0000000083f00000, 0x0000000083f00000|100%| O|  |TAMS 0x0000000083f00000, 0x0000000083e00000| Untracked 
|  63|0x0000000083f00000, 0x0000000084000000, 0x0000000084000000|100%| O|  |TAMS 0x0000000084000000, 0x0000000083f00000| Untracked 
|  64|0x0000000084000000, 0x0000000084100000, 0x0000000084100000|100%| O|  |TAMS 0x0000000084100000, 0x0000000084000000| Untracked 
|  65|0x0000000084100000, 0x0000000084200000, 0x0000000084200000|100%| O|  |TAMS 0x0000000084200000, 0x0000000084100000| Untracked 
|  66|0x0000000084200000, 0x0000000084300000, 0x0000000084300000|100%| O|  |TAMS 0x0000000084200000, 0x0000000084200000| Untracked 
|  67|0x0000000084300000, 0x0000000084400000, 0x0000000084400000|100%| O|  |TAMS 0x0000000084400000, 0x0000000084300000| Untracked 
|  68|0x0000000084400000, 0x0000000084400000, 0x0000000084500000|  0%| F|  |TAMS 0x0000000084400000, 0x0000000084400000| Untracked 
|  69|0x0000000084500000, 0x0000000084600000, 0x0000000084600000|100%| O|  |TAMS 0x0000000084600000, 0x0000000084500000| Untracked 
|  70|0x0000000084600000, 0x0000000084700000, 0x0000000084700000|100%| O|  |TAMS 0x0000000084700000, 0x0000000084600000| Untracked 
|  71|0x0000000084700000, 0x0000000084800000, 0x0000000084800000|100%| O|  |TAMS 0x0000000084800000, 0x0000000084700000| Untracked 
|  72|0x0000000084800000, 0x0000000084900000, 0x0000000084900000|100%| O|  |TAMS 0x0000000084900000, 0x0000000084800000| Untracked 
|  73|0x0000000084900000, 0x0000000084a00000, 0x0000000084a00000|100%| O|  |TAMS 0x0000000084a00000, 0x0000000084900000| Untracked 
|  74|0x0000000084a00000, 0x0000000084b00000, 0x0000000084b00000|100%|HS|  |TAMS 0x0000000084b00000, 0x0000000084a00000| Complete 
|  75|0x0000000084b00000, 0x0000000084c00000, 0x0000000084c00000|100%| O|  |TAMS 0x0000000084c00000, 0x0000000084b00000| Untracked 
|  76|0x0000000084c00000, 0x0000000084c00000, 0x0000000084d00000|  0%| F|  |TAMS 0x0000000084c00000, 0x0000000084c00000| Untracked 
|  77|0x0000000084d00000, 0x0000000084e00000, 0x0000000084e00000|100%| O|  |TAMS 0x0000000084e00000, 0x0000000084d00000| Untracked 
|  78|0x0000000084e00000, 0x0000000084f00000, 0x0000000084f00000|100%| O|  |TAMS 0x0000000084f00000, 0x0000000084e00000| Untracked 
|  79|0x0000000084f00000, 0x0000000084f00000, 0x0000000085000000|  0%| F|  |TAMS 0x0000000084f00000, 0x0000000084f00000| Untracked 
|  80|0x0000000085000000, 0x0000000085100000, 0x0000000085100000|100%| O|  |TAMS 0x0000000085000000, 0x0000000085000000| Untracked 
|  81|0x0000000085100000, 0x0000000085200000, 0x0000000085200000|100%| O|  |TAMS 0x0000000085100000, 0x0000000085100000| Untracked 
|  82|0x0000000085200000, 0x0000000085300000, 0x0000000085300000|100%| O|  |TAMS 0x0000000085300000, 0x0000000085200000| Untracked 
|  83|0x0000000085300000, 0x0000000085400000, 0x0000000085400000|100%| O|  |TAMS 0x0000000085300000, 0x0000000085300000| Untracked 
|  84|0x0000000085400000, 0x0000000085500000, 0x0000000085500000|100%| O|  |TAMS 0x0000000085400000, 0x0000000085400000| Untracked 
|  85|0x0000000085500000, 0x0000000085600000, 0x0000000085600000|100%| O|  |TAMS 0x0000000085500000, 0x0000000085500000| Untracked 
|  86|0x0000000085600000, 0x0000000085700000, 0x0000000085700000|100%| O|  |TAMS 0x0000000085700000, 0x0000000085600000| Untracked 
|  87|0x0000000085700000, 0x0000000085800000, 0x0000000085800000|100%| O|  |TAMS 0x0000000085800000, 0x0000000085700000| Untracked 
|  88|0x0000000085800000, 0x0000000085900000, 0x0000000085900000|100%| O|  |TAMS 0x0000000085900000, 0x0000000085800000| Untracked 
|  89|0x0000000085900000, 0x0000000085a00000, 0x0000000085a00000|100%| O|  |TAMS 0x0000000085a00000, 0x0000000085900000| Untracked 
|  90|0x0000000085a00000, 0x0000000085b00000, 0x0000000085b00000|100%| O|  |TAMS 0x0000000085a00000, 0x0000000085a00000| Untracked 
|  91|0x0000000085b00000, 0x0000000085c00000, 0x0000000085c00000|100%| O|  |TAMS 0x0000000085b00000, 0x0000000085b00000| Untracked 
|  92|0x0000000085c00000, 0x0000000085d00000, 0x0000000085d00000|100%| O|  |TAMS 0x0000000085c00000, 0x0000000085c00000| Untracked 
|  93|0x0000000085d00000, 0x0000000085e00000, 0x0000000085e00000|100%| O|  |TAMS 0x0000000085d00000, 0x0000000085d00000| Untracked 
|  94|0x0000000085e00000, 0x0000000085e0c800, 0x0000000085f00000|  4%| O|  |TAMS 0x0000000085e00000, 0x0000000085e00000| Untracked 
|  95|0x0000000085f00000, 0x0000000086000000, 0x0000000086000000|100%| O|  |TAMS 0x0000000086000000, 0x0000000085f00000| Untracked 
|  96|0x0000000086000000, 0x0000000086100000, 0x0000000086100000|100%| O|  |TAMS 0x0000000086100000, 0x0000000086000000| Untracked 
|  97|0x0000000086100000, 0x0000000086100000, 0x0000000086200000|  0%| F|  |TAMS 0x0000000086100000, 0x0000000086100000| Untracked 
|  98|0x0000000086200000, 0x0000000086300000, 0x0000000086300000|100%| O|  |TAMS 0x0000000086300000, 0x0000000086200000| Untracked 
|  99|0x0000000086300000, 0x0000000086400000, 0x0000000086400000|100%| O|  |TAMS 0x0000000086400000, 0x0000000086300000| Untracked 
| 100|0x0000000086400000, 0x0000000086500000, 0x0000000086500000|100%| O|  |TAMS 0x0000000086500000, 0x0000000086400000| Untracked 
| 101|0x0000000086500000, 0x0000000086500000, 0x0000000086600000|  0%| F|  |TAMS 0x0000000086500000, 0x0000000086500000| Untracked 
| 102|0x0000000086600000, 0x0000000086600000, 0x0000000086700000|  0%| F|  |TAMS 0x0000000086600000, 0x0000000086600000| Untracked 
| 103|0x0000000086700000, 0x0000000086700000, 0x0000000086800000|  0%| F|  |TAMS 0x0000000086700000, 0x0000000086700000| Untracked 
| 104|0x0000000086800000, 0x0000000086900000, 0x0000000086900000|100%| O|  |TAMS 0x0000000086900000, 0x0000000086800000| Untracked 
| 105|0x0000000086900000, 0x0000000086a00000, 0x0000000086a00000|100%| O|  |TAMS 0x0000000086a00000, 0x0000000086900000| Untracked 
| 106|0x0000000086a00000, 0x0000000086b00000, 0x0000000086b00000|100%| O|  |TAMS 0x0000000086b00000, 0x0000000086a00000| Untracked 
| 107|0x0000000086b00000, 0x0000000086c00000, 0x0000000086c00000|100%| O|  |TAMS 0x0000000086c00000, 0x0000000086b00000| Untracked 
| 108|0x0000000086c00000, 0x0000000086d00000, 0x0000000086d00000|100%| O|  |TAMS 0x0000000086d00000, 0x0000000086c00000| Untracked 
| 109|0x0000000086d00000, 0x0000000086e00000, 0x0000000086e00000|100%| O|  |TAMS 0x0000000086e00000, 0x0000000086d00000| Untracked 
| 110|0x0000000086e00000, 0x0000000086f00000, 0x0000000086f00000|100%| O|  |TAMS 0x0000000086f00000, 0x0000000086e00000| Untracked 
| 111|0x0000000086f00000, 0x0000000087000000, 0x0000000087000000|100%| O|  |TAMS 0x0000000087000000, 0x0000000086f00000| Untracked 
| 112|0x0000000087000000, 0x0000000087000000, 0x0000000087100000|  0%| F|  |TAMS 0x0000000087000000, 0x0000000087000000| Untracked 
| 113|0x0000000087100000, 0x0000000087100000, 0x0000000087200000|  0%| F|  |TAMS 0x0000000087100000, 0x0000000087100000| Untracked 
| 114|0x0000000087200000, 0x0000000087300000, 0x0000000087300000|100%| O|  |TAMS 0x0000000087300000, 0x0000000087200000| Untracked 
| 115|0x0000000087300000, 0x0000000087400000, 0x0000000087400000|100%| O|  |TAMS 0x0000000087400000, 0x0000000087300000| Untracked 
| 116|0x0000000087400000, 0x0000000087500000, 0x0000000087500000|100%| O|  |TAMS 0x0000000087500000, 0x0000000087400000| Untracked 
| 117|0x0000000087500000, 0x0000000087500000, 0x0000000087600000|  0%| F|  |TAMS 0x0000000087500000, 0x0000000087500000| Untracked 
| 118|0x0000000087600000, 0x0000000087600000, 0x0000000087700000|  0%| F|  |TAMS 0x0000000087600000, 0x0000000087600000| Untracked 
| 119|0x0000000087700000, 0x0000000087700000, 0x0000000087800000|  0%| F|  |TAMS 0x0000000087700000, 0x0000000087700000| Untracked 
| 120|0x0000000087800000, 0x0000000087900000, 0x0000000087900000|100%| O|  |TAMS 0x0000000087900000, 0x0000000087800000| Untracked 
| 121|0x0000000087900000, 0x0000000087900000, 0x0000000087a00000|  0%| F|  |TAMS 0x0000000087900000, 0x0000000087900000| Untracked 
| 122|0x0000000087a00000, 0x0000000087a00000, 0x0000000087b00000|  0%| F|  |TAMS 0x0000000087a00000, 0x0000000087a00000| Untracked 
| 123|0x0000000087b00000, 0x0000000087b00000, 0x0000000087c00000|  0%| F|  |TAMS 0x0000000087b00000, 0x0000000087b00000| Untracked 
| 124|0x0000000087c00000, 0x0000000087c00000, 0x0000000087d00000|  0%| F|  |TAMS 0x0000000087c00000, 0x0000000087c00000| Untracked 
| 125|0x0000000087d00000, 0x0000000087d00000, 0x0000000087e00000|  0%| F|  |TAMS 0x0000000087d00000, 0x0000000087d00000| Untracked 
| 126|0x0000000087e00000, 0x0000000087f00000, 0x0000000087f00000|100%| O|  |TAMS 0x0000000087f00000, 0x0000000087e00000| Untracked 
| 127|0x0000000087f00000, 0x0000000087f00000, 0x0000000088000000|  0%| F|  |TAMS 0x0000000087f00000, 0x0000000087f00000| Untracked 
| 128|0x0000000088000000, 0x0000000088000000, 0x0000000088100000|  0%| F|  |TAMS 0x0000000088000000, 0x0000000088000000| Untracked 
| 129|0x0000000088100000, 0x0000000088100000, 0x0000000088200000|  0%| F|  |TAMS 0x0000000088100000, 0x0000000088100000| Untracked 
| 130|0x0000000088200000, 0x0000000088200000, 0x0000000088300000|  0%| F|  |TAMS 0x0000000088200000, 0x0000000088200000| Untracked 
| 131|0x0000000088300000, 0x0000000088400000, 0x0000000088400000|100%| O|  |TAMS 0x0000000088400000, 0x0000000088300000| Untracked 
| 132|0x0000000088400000, 0x0000000088500000, 0x0000000088500000|100%| O|  |TAMS 0x0000000088500000, 0x0000000088400000| Untracked 
| 133|0x0000000088500000, 0x0000000088600000, 0x0000000088600000|100%| O|  |TAMS 0x0000000088600000, 0x0000000088500000| Untracked 
| 134|0x0000000088600000, 0x0000000088700000, 0x0000000088700000|100%| O|  |TAMS 0x0000000088700000, 0x0000000088600000| Untracked 
| 135|0x0000000088700000, 0x0000000088800000, 0x0000000088800000|100%| O|  |TAMS 0x0000000088800000, 0x0000000088700000| Untracked 
| 136|0x0000000088800000, 0x0000000088800000, 0x0000000088900000|  0%| F|  |TAMS 0x0000000088800000, 0x0000000088800000| Untracked 
| 137|0x0000000088900000, 0x0000000088900000, 0x0000000088a00000|  0%| F|  |TAMS 0x0000000088900000, 0x0000000088900000| Untracked 
| 138|0x0000000088a00000, 0x0000000088a00000, 0x0000000088b00000|  0%| F|  |TAMS 0x0000000088a00000, 0x0000000088a00000| Untracked 
| 139|0x0000000088b00000, 0x0000000088b00000, 0x0000000088c00000|  0%| F|  |TAMS 0x0000000088b00000, 0x0000000088b00000| Untracked 
| 140|0x0000000088c00000, 0x0000000088c00000, 0x0000000088d00000|  0%| F|  |TAMS 0x0000000088c00000, 0x0000000088c00000| Untracked 
| 141|0x0000000088d00000, 0x0000000088d00000, 0x0000000088e00000|  0%| F|  |TAMS 0x0000000088d00000, 0x0000000088d00000| Untracked 
| 142|0x0000000088e00000, 0x0000000088e00000, 0x0000000088f00000|  0%| F|  |TAMS 0x0000000088e00000, 0x0000000088e00000| Untracked 
| 143|0x0000000088f00000, 0x0000000089000000, 0x0000000089000000|100%| O|  |TAMS 0x0000000089000000, 0x0000000088f00000| Untracked 
| 144|0x0000000089000000, 0x0000000089000000, 0x0000000089100000|  0%| F|  |TAMS 0x0000000089000000, 0x0000000089000000| Untracked 
| 145|0x0000000089100000, 0x0000000089100000, 0x0000000089200000|  0%| F|  |TAMS 0x0000000089100000, 0x0000000089100000| Untracked 
| 146|0x0000000089200000, 0x0000000089200000, 0x0000000089300000|  0%| F|  |TAMS 0x0000000089200000, 0x0000000089200000| Untracked 
| 147|0x0000000089300000, 0x0000000089300000, 0x0000000089400000|  0%| F|  |TAMS 0x0000000089300000, 0x0000000089300000| Untracked 
| 148|0x0000000089400000, 0x00000000894c68f0, 0x0000000089500000| 77%| S|CS|TAMS 0x0000000089400000, 0x0000000089400000| Complete 
| 149|0x0000000089500000, 0x0000000089500000, 0x0000000089600000|  0%| F|  |TAMS 0x0000000089500000, 0x0000000089500000| Untracked 
| 150|0x0000000089600000, 0x0000000089600000, 0x0000000089700000|  0%| F|  |TAMS 0x0000000089600000, 0x0000000089600000| Untracked 
| 151|0x0000000089700000, 0x0000000089700000, 0x0000000089800000|  0%| F|  |TAMS 0x0000000089700000, 0x0000000089700000| Untracked 
| 152|0x0000000089800000, 0x0000000089800000, 0x0000000089900000|  0%| F|  |TAMS 0x0000000089800000, 0x0000000089800000| Untracked 
| 153|0x0000000089900000, 0x0000000089900000, 0x0000000089a00000|  0%| F|  |TAMS 0x0000000089900000, 0x0000000089900000| Untracked 
| 154|0x0000000089a00000, 0x0000000089a00000, 0x0000000089b00000|  0%| F|  |TAMS 0x0000000089a00000, 0x0000000089a00000| Untracked 
| 155|0x0000000089b00000, 0x0000000089b00000, 0x0000000089c00000|  0%| F|  |TAMS 0x0000000089b00000, 0x0000000089b00000| Untracked 
| 156|0x0000000089c00000, 0x0000000089c00000, 0x0000000089d00000|  0%| F|  |TAMS 0x0000000089c00000, 0x0000000089c00000| Untracked 
| 157|0x0000000089d00000, 0x0000000089d00000, 0x0000000089e00000|  0%| F|  |TAMS 0x0000000089d00000, 0x0000000089d00000| Untracked 
| 158|0x0000000089e00000, 0x0000000089e00000, 0x0000000089f00000|  0%| F|  |TAMS 0x0000000089e00000, 0x0000000089e00000| Untracked 
| 159|0x0000000089f00000, 0x0000000089f00000, 0x000000008a000000|  0%| F|  |TAMS 0x0000000089f00000, 0x0000000089f00000| Untracked 
| 160|0x000000008a000000, 0x000000008a000000, 0x000000008a100000|  0%| F|  |TAMS 0x000000008a000000, 0x000000008a000000| Untracked 
| 161|0x000000008a100000, 0x000000008a100000, 0x000000008a200000|  0%| F|  |TAMS 0x000000008a100000, 0x000000008a100000| Untracked 
| 162|0x000000008a200000, 0x000000008a200000, 0x000000008a300000|  0%| F|  |TAMS 0x000000008a200000, 0x000000008a200000| Untracked 
| 163|0x000000008a300000, 0x000000008a300000, 0x000000008a400000|  0%| F|  |TAMS 0x000000008a300000, 0x000000008a300000| Untracked 
| 164|0x000000008a400000, 0x000000008a400000, 0x000000008a500000|  0%| F|  |TAMS 0x000000008a400000, 0x000000008a400000| Untracked 
| 165|0x000000008a500000, 0x000000008a500000, 0x000000008a600000|  0%| F|  |TAMS 0x000000008a500000, 0x000000008a500000| Untracked 
| 166|0x000000008a600000, 0x000000008a600000, 0x000000008a700000|  0%| F|  |TAMS 0x000000008a600000, 0x000000008a600000| Untracked 
| 167|0x000000008a700000, 0x000000008a700000, 0x000000008a800000|  0%| F|  |TAMS 0x000000008a700000, 0x000000008a700000| Untracked 
| 168|0x000000008a800000, 0x000000008a800000, 0x000000008a900000|  0%| F|  |TAMS 0x000000008a800000, 0x000000008a800000| Untracked 
| 169|0x000000008a900000, 0x000000008a900000, 0x000000008aa00000|  0%| F|  |TAMS 0x000000008a900000, 0x000000008a900000| Untracked 
| 170|0x000000008aa00000, 0x000000008aa00000, 0x000000008ab00000|  0%| F|  |TAMS 0x000000008aa00000, 0x000000008aa00000| Untracked 
| 171|0x000000008ab00000, 0x000000008ab00000, 0x000000008ac00000|  0%| F|  |TAMS 0x000000008ab00000, 0x000000008ab00000| Untracked 
| 172|0x000000008ac00000, 0x000000008ac00000, 0x000000008ad00000|  0%| F|  |TAMS 0x000000008ac00000, 0x000000008ac00000| Untracked 
| 173|0x000000008ad00000, 0x000000008ad00000, 0x000000008ae00000|  0%| F|  |TAMS 0x000000008ad00000, 0x000000008ad00000| Untracked 
| 174|0x000000008ae00000, 0x000000008ae00000, 0x000000008af00000|  0%| F|  |TAMS 0x000000008ae00000, 0x000000008ae00000| Untracked 
| 175|0x000000008af00000, 0x000000008af00000, 0x000000008b000000|  0%| F|  |TAMS 0x000000008af00000, 0x000000008af00000| Untracked 
| 176|0x000000008b000000, 0x000000008b000000, 0x000000008b100000|  0%| F|  |TAMS 0x000000008b000000, 0x000000008b000000| Untracked 
| 177|0x000000008b100000, 0x000000008b100000, 0x000000008b200000|  0%| F|  |TAMS 0x000000008b100000, 0x000000008b100000| Untracked 
| 178|0x000000008b200000, 0x000000008b200000, 0x000000008b300000|  0%| F|  |TAMS 0x000000008b200000, 0x000000008b200000| Untracked 
| 179|0x000000008b300000, 0x000000008b300000, 0x000000008b400000|  0%| F|  |TAMS 0x000000008b300000, 0x000000008b300000| Untracked 
| 180|0x000000008b400000, 0x000000008b400000, 0x000000008b500000|  0%| F|  |TAMS 0x000000008b400000, 0x000000008b400000| Untracked 
| 181|0x000000008b500000, 0x000000008b500000, 0x000000008b600000|  0%| F|  |TAMS 0x000000008b500000, 0x000000008b500000| Untracked 
| 182|0x000000008b600000, 0x000000008b600000, 0x000000008b700000|  0%| F|  |TAMS 0x000000008b600000, 0x000000008b600000| Untracked 
| 183|0x000000008b700000, 0x000000008b700000, 0x000000008b800000|  0%| F|  |TAMS 0x000000008b700000, 0x000000008b700000| Untracked 
| 184|0x000000008b800000, 0x000000008b800000, 0x000000008b900000|  0%| F|  |TAMS 0x000000008b800000, 0x000000008b800000| Untracked 
| 185|0x000000008b900000, 0x000000008b900000, 0x000000008ba00000|  0%| F|  |TAMS 0x000000008b900000, 0x000000008b900000| Untracked 
| 186|0x000000008ba00000, 0x000000008ba00000, 0x000000008bb00000|  0%| F|  |TAMS 0x000000008ba00000, 0x000000008ba00000| Untracked 
| 187|0x000000008bb00000, 0x000000008bb31d58, 0x000000008bc00000| 19%| E|  |TAMS 0x000000008bb00000, 0x000000008bb00000| Complete 
| 188|0x000000008bc00000, 0x000000008bd00000, 0x000000008bd00000|100%| E|CS|TAMS 0x000000008bc00000, 0x000000008bc00000| Complete 
| 189|0x000000008bd00000, 0x000000008be00000, 0x000000008be00000|100%| E|CS|TAMS 0x000000008bd00000, 0x000000008bd00000| Complete 
| 190|0x000000008be00000, 0x000000008bf00000, 0x000000008bf00000|100%| E|CS|TAMS 0x000000008be00000, 0x000000008be00000| Complete 
| 191|0x000000008bf00000, 0x000000008c000000, 0x000000008c000000|100%| E|CS|TAMS 0x000000008bf00000, 0x000000008bf00000| Complete 

Card table byte_map: [0x0000020dec5b0000,0x0000020dec9b0000] _byte_map_base: 0x0000020dec1b0000

Marking Bits (Prev, Next): (CMBitMap*) 0x0000020dd93eb5f8, (CMBitMap*) 0x0000020dd93eb630
 Prev Bits: [0x0000020decdb0000, 0x0000020deedb0000)
 Next Bits: [0x0000020deedb0000, 0x0000020df0db0000)

Polling page: 0x0000020dd7330000

Metaspace:

Usage:
  Non-class:    104.85 MB capacity,   103.22 MB ( 98%) used,     1.33 MB (  1%) free+waste,   315.00 KB ( <1%) overhead. 
      Class:     15.49 MB capacity,    14.53 MB ( 94%) used,   838.43 KB (  5%) free+waste,   139.25 KB ( <1%) overhead. 
       Both:    120.34 MB capacity,   117.75 MB ( 98%) used,     2.15 MB (  2%) free+waste,   454.25 KB ( <1%) overhead. 

Virtual space:
  Non-class space:      106.00 MB reserved,     105.50 MB (>99%) committed 
      Class space:        1.00 GB reserved,      15.75 MB (  2%) committed 
             Both:        1.10 GB reserved,     121.25 MB ( 11%) committed 

Chunk freelists:
   Non-Class:  535.00 KB
       Class:  238.00 KB
        Both:  773.00 KB

MaxMetaspaceSize: 17179869184.00 GB
CompressedClassSpaceSize: 1.00 GB

CodeHeap 'non-profiled nmethods': size=120000Kb used=10679Kb max_used=10879Kb free=109320Kb
 bounds [0x0000020de4950000, 0x0000020de53f0000, 0x0000020debe80000]
CodeHeap 'profiled nmethods': size=120000Kb used=34738Kb max_used=35950Kb free=85261Kb
 bounds [0x0000020ddd420000, 0x0000020ddf750000, 0x0000020de4950000]
CodeHeap 'non-nmethods': size=5760Kb used=2354Kb max_used=2411Kb free=3405Kb
 bounds [0x0000020ddce80000, 0x0000020ddd0f0000, 0x0000020ddd420000]
 total_blobs=16306 nmethods=15326 adapters=891
 compilation: enabled
              stopped_count=0, restarted_count=0
 full_count=0

Compilation events (20 events):
Event: 2147.963 Thread 0x0000020df40c5000 16310       4       java.util.function.Predicate$$Lambda$118/0x000000010029e040::test (13 bytes)
Event: 2147.965 Thread 0x0000020df40c8000 16311   !   3       org.gradle.internal.hash.DefaultFileHasher::hash (71 bytes)
Event: 2147.966 Thread 0x0000020df40c8000 nmethod 16311 0x0000020ddd5dc190 code [0x0000020ddd5dc4a0, 0x0000020ddd5dd4f8]
Event: 2147.966 Thread 0x0000020df40c8000 16312   !   3       org.gradle.internal.hash.DefaultStreamHasher::hash (21 bytes)
Event: 2147.967 Thread 0x0000020df40c8000 nmethod 16312 0x0000020ddd54e010 code [0x0000020ddd54e1e0, 0x0000020ddd54e478]
Event: 2147.967 Thread 0x0000020df40c8000 16313       3       com.google.common.io.ByteStreams::nullOutputStream (4 bytes)
Event: 2147.967 Thread 0x0000020df40c8000 nmethod 16313 0x0000020ddd526290 code [0x0000020ddd526440, 0x0000020ddd526538]
Event: 2147.983 Thread 0x0000020df40c5000 nmethod 16310 0x0000020de4b19490 code [0x0000020de4b19700, 0x0000020de4b1a148]
Event: 2147.983 Thread 0x0000020df40c5000 16303       4       com.google.common.base.Ticker$1::read (4 bytes)
Event: 2147.983 Thread 0x0000020df40c5000 nmethod 16303 0x0000020de4acd410 code [0x0000020de4acd5a0, 0x0000020de4acd618]
Event: 2147.983 Thread 0x0000020df40c5000 16314       4       java.util.concurrent.ArrayBlockingQueue::enqueue (53 bytes)
Event: 2148.002 Thread 0x0000020df40c5000 nmethod 16314 0x0000020de4afb890 code [0x0000020de4afba60, 0x0000020de4afc2e8]
Event: 2148.002 Thread 0x0000020df40c5000 16315       4       java.util.concurrent.ArrayBlockingQueue::dequeue (75 bytes)
Event: 2148.020 Thread 0x0000020df40c5000 nmethod 16315 0x0000020de4b18690 code [0x0000020de4b18860, 0x0000020de4b19148]
Event: 2148.071 Thread 0x0000020df40c8000 16316       3       kotlin.reflect.jvm.internal.ReflectProperties::lazySoft (18 bytes)
Event: 2148.071 Thread 0x0000020df40c8000 nmethod 16316 0x0000020ddd52f710 code [0x0000020ddd52f8e0, 0x0000020ddd52fad8]
Event: 2148.071 Thread 0x0000020df40c8000 16317       3       kotlin.reflect.jvm.internal.ReflectProperties$LazySoftVal::<init> (43 bytes)
Event: 2148.072 Thread 0x0000020df40c8000 nmethod 16317 0x0000020ddd65f510 code [0x0000020ddd65f820, 0x0000020ddd660cc8]
Event: 2148.072 Thread 0x0000020df40c8000 16318       3       kotlin.reflect.jvm.internal.ReflectProperties::lazySoft (14 bytes)
Event: 2148.072 Thread 0x0000020df40c8000 nmethod 16318 0x0000020ddd559a90 code [0x0000020ddd559c80, 0x0000020ddd559f48]

GC Heap History (20 events):
Event: 2140.337 GC heap before
{Heap before GC invocations=27 (full 0):
 garbage-first heap   total 196608K, used 146645K [0x0000000080000000, 0x0000000100000000)
  region size 1024K, 38 young (38912K), 2 survivors (2048K)
 Metaspace       used 113953K, capacity 116611K, committed 117504K, reserved 1150976K
  class space    used 14325K, capacity 15296K, committed 15616K, reserved 1048576K
}
Event: 2140.357 GC heap after
{Heap after GC invocations=28 (full 0):
 garbage-first heap   total 196608K, used 119506K [0x0000000080000000, 0x0000000100000000)
  region size 1024K, 7 young (7168K), 7 survivors (7168K)
 Metaspace       used 113953K, capacity 116611K, committed 117504K, reserved 1150976K
  class space    used 14325K, capacity 15296K, committed 15616K, reserved 1048576K
}
Event: 2141.746 GC heap before
{Heap before GC invocations=29 (full 0):
 garbage-first heap   total 196608K, used 173778K [0x0000000080000000, 0x0000000100000000)
  region size 1024K, 49 young (50176K), 7 survivors (7168K)
 Metaspace       used 114410K, capacity 117025K, committed 118016K, reserved 1150976K
  class space    used 14346K, capacity 15311K, committed 15616K, reserved 1048576K
}
Event: 2141.766 GC heap after
{Heap after GC invocations=30 (full 0):
 garbage-first heap   total 196608K, used 130678K [0x0000000080000000, 0x0000000100000000)
  region size 1024K, 7 young (7168K), 7 survivors (7168K)
 Metaspace       used 114410K, capacity 117025K, committed 118016K, reserved 1150976K
  class space    used 14346K, capacity 15311K, committed 15616K, reserved 1048576K
}
Event: 2141.840 GC heap before
{Heap before GC invocations=30 (full 0):
 garbage-first heap   total 196608K, used 132726K [0x0000000080000000, 0x0000000100000000)
  region size 1024K, 9 young (9216K), 7 survivors (7168K)
 Metaspace       used 114416K, capacity 117025K, committed 118016K, reserved 1150976K
  class space    used 14346K, capacity 15311K, committed 15616K, reserved 1048576K
}
Event: 2141.862 GC heap after
{Heap after GC invocations=31 (full 0):
 garbage-first heap   total 196608K, used 122178K [0x0000000080000000, 0x0000000100000000)
  region size 1024K, 1 young (1024K), 1 survivors (1024K)
 Metaspace       used 114416K, capacity 117025K, committed 118016K, reserved 1150976K
  class space    used 14346K, capacity 15311K, committed 15616K, reserved 1048576K
}
Event: 2142.028 GC heap before
{Heap before GC invocations=31 (full 0):
 garbage-first heap   total 196608K, used 130370K [0x0000000080000000, 0x0000000100000000)
  region size 1024K, 9 young (9216K), 1 survivors (1024K)
 Metaspace       used 114430K, capacity 117025K, committed 118016K, reserved 1150976K
  class space    used 14346K, capacity 15311K, committed 15616K, reserved 1048576K
}
Event: 2142.034 GC heap after
{Heap after GC invocations=32 (full 0):
 garbage-first heap   total 196608K, used 124166K [0x0000000080000000, 0x0000000100000000)
  region size 1024K, 2 young (2048K), 2 survivors (2048K)
 Metaspace       used 114430K, capacity 117025K, committed 118016K, reserved 1150976K
  class space    used 14346K, capacity 15311K, committed 15616K, reserved 1048576K
}
Event: 2142.388 GC heap before
{Heap before GC invocations=32 (full 0):
 garbage-first heap   total 196608K, used 160006K [0x0000000080000000, 0x0000000100000000)
  region size 1024K, 37 young (37888K), 2 survivors (2048K)
 Metaspace       used 114483K, capacity 117094K, committed 118016K, reserved 1150976K
  class space    used 14349K, capacity 15312K, committed 15616K, reserved 1048576K
}
Event: 2142.394 GC heap after
{Heap after GC invocations=33 (full 0):
 garbage-first heap   total 196608K, used 124804K [0x0000000080000000, 0x0000000100000000)
  region size 1024K, 3 young (3072K), 3 survivors (3072K)
 Metaspace       used 114483K, capacity 117094K, committed 118016K, reserved 1150976K
  class space    used 14349K, capacity 15312K, committed 15616K, reserved 1048576K
}
Event: 2142.963 GC heap before
{Heap before GC invocations=34 (full 0):
 garbage-first heap   total 196608K, used 177028K [0x0000000080000000, 0x0000000100000000)
  region size 1024K, 39 young (39936K), 3 survivors (3072K)
 Metaspace       used 114721K, capacity 117366K, committed 118272K, reserved 1153024K
  class space    used 14366K, capacity 15353K, committed 15616K, reserved 1048576K
}
Event: 2142.971 GC heap after
{Heap after GC invocations=35 (full 0):
 garbage-first heap   total 196608K, used 125153K [0x0000000080000000, 0x0000000100000000)
  region size 1024K, 3 young (3072K), 3 survivors (3072K)
 Metaspace       used 114721K, capacity 117366K, committed 118272K, reserved 1153024K
  class space    used 14366K, capacity 15353K, committed 15616K, reserved 1048576K
}
Event: 2143.059 GC heap before
{Heap before GC invocations=35 (full 0):
 garbage-first heap   total 196608K, used 131297K [0x0000000080000000, 0x0000000100000000)
  region size 1024K, 9 young (9216K), 3 survivors (3072K)
 Metaspace       used 114807K, capacity 117460K, committed 118272K, reserved 1153024K
  class space    used 14371K, capacity 15359K, committed 15616K, reserved 1048576K
}
Event: 2143.072 GC heap after
{Heap after GC invocations=36 (full 0):
 garbage-first heap   total 196608K, used 124253K [0x0000000080000000, 0x0000000100000000)
  region size 1024K, 2 young (2048K), 2 survivors (2048K)
 Metaspace       used 114807K, capacity 117460K, committed 118272K, reserved 1153024K
  class space    used 14371K, capacity 15359K, committed 15616K, reserved 1048576K
}
Event: 2144.480 GC heap before
{Heap before GC invocations=36 (full 0):
 garbage-first heap   total 196608K, used 162141K [0x0000000080000000, 0x0000000100000000)
  region size 1024K, 40 young (40960K), 2 survivors (2048K)
 Metaspace       used 118041K, capacity 120661K, committed 121600K, reserved 1155072K
  class space    used 14612K, capacity 15585K, committed 15872K, reserved 1048576K
}
Event: 2144.496 GC heap after
{Heap after GC invocations=37 (full 0):
 garbage-first heap   total 196608K, used 128081K [0x0000000080000000, 0x0000000100000000)
  region size 1024K, 5 young (5120K), 5 survivors (5120K)
 Metaspace       used 118041K, capacity 120661K, committed 121600K, reserved 1155072K
  class space    used 14612K, capacity 15585K, committed 15872K, reserved 1048576K
}
Event: 2145.603 GC heap before
{Heap before GC invocations=38 (full 0):
 garbage-first heap   total 196608K, used 162897K [0x0000000080000000, 0x0000000100000000)
  region size 1024K, 40 young (40960K), 5 survivors (5120K)
 Metaspace       used 118434K, capacity 121077K, committed 122112K, reserved 1155072K
  class space    used 14636K, capacity 15617K, committed 15872K, reserved 1048576K
}
Event: 2145.608 GC heap after
{Heap after GC invocations=39 (full 0):
 garbage-first heap   total 196608K, used 126730K [0x0000000080000000, 0x0000000100000000)
  region size 1024K, 1 young (1024K), 1 survivors (1024K)
 Metaspace       used 118434K, capacity 121077K, committed 122112K, reserved 1155072K
  class space    used 14636K, capacity 15617K, committed 15872K, reserved 1048576K
}
Event: 2145.753 GC heap before
{Heap before GC invocations=39 (full 0):
 garbage-first heap   total 196608K, used 134922K [0x0000000080000000, 0x0000000100000000)
  region size 1024K, 9 young (9216K), 1 survivors (1024K)
 Metaspace       used 118711K, capacity 121333K, committed 122368K, reserved 1155072K
  class space    used 14657K, capacity 15617K, committed 15872K, reserved 1048576K
}
Event: 2145.766 GC heap after
{Heap after GC invocations=40 (full 0):
 garbage-first heap   total 196608K, used 114213K [0x0000000080000000, 0x0000000100000000)
  region size 1024K, 1 young (1024K), 1 survivors (1024K)
 Metaspace       used 118711K, capacity 121333K, committed 122368K, reserved 1155072K
  class space    used 14657K, capacity 15617K, committed 15872K, reserved 1048576K
}

Deoptimization events (20 events):
Event: 2147.258 Thread 0x0000020df7a43000 Uncommon trap: trap_request=0xffffff4d fr.pc=0x0000020de53054f8 relative=0x00000000000009f8
Event: 2147.258 Thread 0x0000020df7a43000 Uncommon trap: reason=unstable_if action=reinterpret pc=0x0000020de53054f8 method=org.apache.xerces.dom.ParentNode.internalInsertBefore(Lorg/w3c/dom/Node;Lorg/w3c/dom/Node;Z)Lorg/w3c/dom/Node; @ 562 c2
Event: 2147.258 Thread 0x0000020df7a43000 DEOPT PACKING pc=0x0000020de53054f8 sp=0x000000af9d9fa4c0
Event: 2147.258 Thread 0x0000020df7a43000 DEOPT UNPACKING pc=0x0000020ddcea78af sp=0x000000af9d9fa468 mode 2
Event: 2147.258 Thread 0x0000020df7a43000 Uncommon trap: trap_request=0xffffffc6 fr.pc=0x0000020de4aaace8 relative=0x0000000000000128
Event: 2147.258 Thread 0x0000020df7a43000 Uncommon trap: reason=bimorphic_or_optimized_type_check action=maybe_recompile pc=0x0000020de4aaace8 method=org.apache.xerces.dom.ElementImpl.getNodeName()Ljava/lang/String; @ 8 c2
Event: 2147.258 Thread 0x0000020df7a43000 DEOPT PACKING pc=0x0000020de4aaace8 sp=0x000000af9d9fa3e0
Event: 2147.258 Thread 0x0000020df7a43000 DEOPT UNPACKING pc=0x0000020ddcea78af sp=0x000000af9d9fa3a0 mode 2
Event: 2147.295 Thread 0x0000020df7a43000 Uncommon trap: trap_request=0xffffff4d fr.pc=0x0000020de511578c relative=0x000000000000038c
Event: 2147.295 Thread 0x0000020df7a43000 Uncommon trap: reason=unstable_if action=reinterpret pc=0x0000020de511578c method=java.util.HashMap.removeNode(ILjava/lang/Object;Ljava/lang/Object;ZZ)Ljava/util/HashMap$Node; @ 71 c2
Event: 2147.295 Thread 0x0000020df7a43000 DEOPT PACKING pc=0x0000020de511578c sp=0x000000af9d9fa280
Event: 2147.295 Thread 0x0000020df7a43000 DEOPT UNPACKING pc=0x0000020ddcea78af sp=0x000000af9d9fa220 mode 2
Event: 2147.407 Thread 0x0000020df7a43000 Uncommon trap: trap_request=0xffffff4d fr.pc=0x0000020de525191c relative=0x00000000000006dc
Event: 2147.407 Thread 0x0000020df7a43000 Uncommon trap: reason=unstable_if action=reinterpret pc=0x0000020de525191c method=org.apache.xerces.util.XMLAttributesImpl.addAttributeNS(Lorg/apache/xerces/xni/QName;Ljava/lang/String;Ljava/lang/String;)V @ 22 c2
Event: 2147.407 Thread 0x0000020df7a43000 DEOPT PACKING pc=0x0000020de525191c sp=0x000000af9d9f9d10
Event: 2147.407 Thread 0x0000020df7a43000 DEOPT UNPACKING pc=0x0000020ddcea78af sp=0x000000af9d9f9cb0 mode 2
Event: 2147.492 Thread 0x0000020dfcbd4000 Uncommon trap: trap_request=0xffffff4d fr.pc=0x0000020de4c7e934 relative=0x0000000000000234
Event: 2147.492 Thread 0x0000020dfcbd4000 Uncommon trap: reason=unstable_if action=reinterpret pc=0x0000020de4c7e934 method=com.esotericsoftware.kryo.io.Output.writeString(Ljava/lang/CharSequence;)V @ 50 c2
Event: 2147.492 Thread 0x0000020dfcbd4000 DEOPT PACKING pc=0x0000020de4c7e934 sp=0x000000af9dffe170
Event: 2147.492 Thread 0x0000020dfcbd4000 DEOPT UNPACKING pc=0x0000020ddcea78af sp=0x000000af9dffe0f0 mode 2

Classes redefined (0 events):
No events

Internal exceptions (20 events):
Event: 2141.510 Thread 0x0000020df62b0000 Exception <a 'java/lang/NoSuchMethodError'{0x000000008a2b14e0}: <clinit>> (0x000000008a2b14e0) thrown at [./src/hotspot/share/prims/jni.cpp, line 1362]
Event: 2141.512 Thread 0x0000020df62b0000 Exception <a 'java/lang/NoSuchMethodError'{0x000000008a2e3138}: <clinit>> (0x000000008a2e3138) thrown at [./src/hotspot/share/prims/jni.cpp, line 1362]
Event: 2141.512 Thread 0x0000020df62b0000 Exception <a 'java/lang/NoSuchMethodError'{0x000000008a2e65a0}: <clinit>> (0x000000008a2e65a0) thrown at [./src/hotspot/share/prims/jni.cpp, line 1362]
Event: 2141.512 Thread 0x0000020df62b0000 Exception <a 'java/lang/NoSuchMethodError'{0x000000008a2e9210}: <clinit>> (0x000000008a2e9210) thrown at [./src/hotspot/share/prims/jni.cpp, line 1362]
Event: 2141.513 Thread 0x0000020df62b0000 Exception <a 'java/lang/NoSuchMethodError'{0x000000008a101a08}: <clinit>> (0x000000008a101a08) thrown at [./src/hotspot/share/prims/jni.cpp, line 1362]
Event: 2141.514 Thread 0x0000020df62b0000 Exception <a 'java/lang/NoSuchMethodError'{0x000000008a118d28}: <clinit>> (0x000000008a118d28) thrown at [./src/hotspot/share/prims/jni.cpp, line 1362]
Event: 2141.514 Thread 0x0000020df62b0000 Exception <a 'java/lang/NoSuchMethodError'{0x000000008a12d7a8}: <clinit>> (0x000000008a12d7a8) thrown at [./src/hotspot/share/prims/jni.cpp, line 1362]
Event: 2141.516 Thread 0x0000020df62b0000 Exception <a 'java/lang/NoSuchMethodError'{0x000000008a1501e0}: <clinit>> (0x000000008a1501e0) thrown at [./src/hotspot/share/prims/jni.cpp, line 1362]
Event: 2141.517 Thread 0x0000020df62b0000 Exception <a 'java/lang/NoSuchMethodError'{0x000000008a175870}: <clinit>> (0x000000008a175870) thrown at [./src/hotspot/share/prims/jni.cpp, line 1362]
Event: 2141.518 Thread 0x0000020df62b0000 Exception <a 'java/lang/NoSuchMethodError'{0x000000008a189e60}: <clinit>> (0x000000008a189e60) thrown at [./src/hotspot/share/prims/jni.cpp, line 1362]
Event: 2142.756 Thread 0x0000020df62b0000 Implicit null exception at 0x0000020de52e67d5 to 0x0000020de52eadac
Event: 2142.756 Thread 0x0000020df62b0000 Implicit null exception at 0x0000020de52e67d5 to 0x0000020de52eadac
Event: 2142.812 Thread 0x0000020df62b0000 Implicit null exception at 0x0000020de52e67d5 to 0x0000020de52eadac
Event: 2142.956 Thread 0x0000020df62b0000 Exception <a 'java/lang/NoSuchMethodError'{0x0000000089c8e980}: <clinit>> (0x0000000089c8e980) thrown at [./src/hotspot/share/prims/jni.cpp, line 1362]
Event: 2146.124 Thread 0x0000020df7a43000 Exception <a 'sun/nio/fs/WindowsException'{0x000000008aece1d0}> (0x000000008aece1d0) thrown at [./src/hotspot/share/prims/jni.cpp, line 615]
Event: 2146.124 Thread 0x0000020df7a43000 Exception <a 'sun/nio/fs/WindowsException'{0x000000008aecf058}> (0x000000008aecf058) thrown at [./src/hotspot/share/prims/jni.cpp, line 615]
Event: 2146.125 Thread 0x0000020df7a43000 Exception <a 'sun/nio/fs/WindowsException'{0x000000008aecf2d8}> (0x000000008aecf2d8) thrown at [./src/hotspot/share/prims/jni.cpp, line 615]
Event: 2146.125 Thread 0x0000020df7a43000 Exception <a 'sun/nio/fs/WindowsException'{0x000000008aed0128}> (0x000000008aed0128) thrown at [./src/hotspot/share/prims/jni.cpp, line 615]
Event: 2146.125 Thread 0x0000020df7a43000 Exception <a 'sun/nio/fs/WindowsException'{0x000000008aed0370}> (0x000000008aed0370) thrown at [./src/hotspot/share/prims/jni.cpp, line 615]
Event: 2146.125 Thread 0x0000020df7a43000 Exception <a 'sun/nio/fs/WindowsException'{0x000000008aed1448}> (0x000000008aed1448) thrown at [./src/hotspot/share/prims/jni.cpp, line 615]

Events (20 events):
Event: 2148.067 loading class kotlin/reflect/jvm/internal/impl/load/java/sources/JavaSourceElementFactory
Event: 2148.067 loading class kotlin/reflect/jvm/internal/impl/load/java/sources/JavaSourceElementFactory done
Event: 2148.068 loading class kotlin/reflect/jvm/internal/impl/descriptors/SupertypeLoopChecker$EMPTY
Event: 2148.068 loading class kotlin/reflect/jvm/internal/impl/descriptors/SupertypeLoopChecker$EMPTY done
Event: 2148.068 loading class kotlin/reflect/jvm/internal/impl/descriptors/SupertypeLoopChecker
Event: 2148.068 loading class kotlin/reflect/jvm/internal/impl/descriptors/SupertypeLoopChecker done
Event: 2148.069 loading class kotlin/reflect/jvm/internal/impl/incremental/components/LookupTracker$DO_NOTHING
Event: 2148.069 loading class kotlin/reflect/jvm/internal/impl/incremental/components/LookupTracker$DO_NOTHING done
Event: 2148.069 loading class kotlin/reflect/jvm/internal/impl/incremental/components/LookupTracker
Event: 2148.069 loading class kotlin/reflect/jvm/internal/impl/incremental/components/LookupTracker done
Event: 2148.069 loading class kotlin/reflect/jvm/internal/impl/builtins/ReflectionTypes
Event: 2148.069 loading class kotlin/reflect/jvm/internal/impl/builtins/ReflectionTypes done
Event: 2148.070 loading class kotlin/reflect/jvm/internal/impl/builtins/ReflectionTypes$Companion
Event: 2148.070 loading class kotlin/reflect/jvm/internal/impl/builtins/ReflectionTypes$Companion done
Event: 2148.071 loading class kotlin/reflect/jvm/internal/impl/builtins/ReflectionTypes$kotlinReflectScope$2
Event: 2148.071 loading class kotlin/reflect/jvm/internal/impl/builtins/ReflectionTypes$kotlinReflectScope$2 done
Event: 2148.071 loading class kotlin/reflect/jvm/internal/impl/builtins/ReflectionTypes$ClassLookup
Event: 2148.071 loading class kotlin/reflect/jvm/internal/impl/builtins/ReflectionTypes$ClassLookup done
Event: 2148.072 loading class kotlin/reflect/jvm/internal/impl/load/java/typeEnhancement/SignatureEnhancement
Event: 2148.072 loading class kotlin/reflect/jvm/internal/impl/load/java/typeEnhancement/SignatureEnhancement done


Dynamic libraries:
0x00007ff7114d0000 - 0x00007ff7114da000 	D:\androi studio\jre\bin\java.exe
0x00007ffcdf400000 - 0x00007ffcdf60f000 	C:\WINDOWS\SYSTEM32\ntdll.dll
0x00007ffcde7c0000 - 0x00007ffcde87d000 	C:\WINDOWS\System32\KERNEL32.DLL
0x00007ffcdcbc0000 - 0x00007ffcdcf43000 	C:\WINDOWS\System32\KERNELBASE.dll
0x00007ffcd9a70000 - 0x00007ffcd9b02000 	C:\WINDOWS\SYSTEM32\apphelp.dll
0x00007ffcdd170000 - 0x00007ffcdd281000 	C:\WINDOWS\System32\ucrtbase.dll
0x00007ffcc3dd0000 - 0x00007ffcc3de9000 	D:\androi studio\jre\bin\jli.dll
0x00007ffcde580000 - 0x00007ffcde72b000 	C:\WINDOWS\System32\USER32.dll
0x00007ffcdd0b0000 - 0x00007ffcdd0d6000 	C:\WINDOWS\System32\win32u.dll
0x00007ffcb3d10000 - 0x00007ffcb3fb1000 	C:\WINDOWS\WinSxS\amd64_microsoft.windows.common-controls_6595b64144ccf1df_6.0.22463.1000_none_23c1f42dacbc77da\COMCTL32.dll
0x00007ffcde970000 - 0x00007ffcde999000 	C:\WINDOWS\System32\GDI32.dll
0x00007ffcde430000 - 0x00007ffcde4d4000 	C:\WINDOWS\System32\msvcrt.dll
0x00007ffcdc8d0000 - 0x00007ffcdc9e7000 	C:\WINDOWS\System32\gdi32full.dll
0x00007ffcdcb20000 - 0x00007ffcdcbbb000 	C:\WINDOWS\System32\msvcp_win.dll
0x00007ffcc3d60000 - 0x00007ffcc3d77000 	D:\androi studio\jre\bin\VCRUNTIME140.dll
0x00007ffcdd750000 - 0x00007ffcdd781000 	C:\WINDOWS\System32\IMM32.DLL
0x00007ffcb59c0000 - 0x00007ffcb5a5d000 	D:\androi studio\jre\bin\msvcp140.dll
0x00007ffc7b410000 - 0x00007ffc7bedf000 	D:\androi studio\jre\bin\server\jvm.dll
0x00007ffcdef30000 - 0x00007ffcdefdf000 	C:\WINDOWS\System32\ADVAPI32.dll
0x00007ffcde4e0000 - 0x00007ffcde57f000 	C:\WINDOWS\System32\sechost.dll
0x00007ffcde9b0000 - 0x00007ffcdeace000 	C:\WINDOWS\System32\RPCRT4.dll
0x00007ffcded50000 - 0x00007ffcded58000 	C:\WINDOWS\System32\PSAPI.DLL
0x00007ffcb7b20000 - 0x00007ffcb7b29000 	C:\WINDOWS\SYSTEM32\WSOCK32.dll
0x00007ffccbe70000 - 0x00007ffccbea3000 	C:\WINDOWS\SYSTEM32\WINMM.dll
0x00007ffcdd500000 - 0x00007ffcdd571000 	C:\WINDOWS\System32\WS2_32.dll
0x00007ffcd1390000 - 0x00007ffcd139a000 	C:\WINDOWS\SYSTEM32\VERSION.dll
0x00007ffcdb9b0000 - 0x00007ffcdb9c8000 	C:\WINDOWS\SYSTEM32\kernel.appcore.dll
0x00007ffccd990000 - 0x00007ffccd9a1000 	D:\androi studio\jre\bin\verify.dll
0x00007ffcda4c0000 - 0x00007ffcda6e7000 	C:\WINDOWS\SYSTEM32\DBGHELP.DLL
0x00007ffcdefe0000 - 0x00007ffcdf356000 	C:\WINDOWS\System32\combase.dll
0x00007ffcce020000 - 0x00007ffcce051000 	C:\WINDOWS\SYSTEM32\dbgcore.DLL
0x00007ffcdd0e0000 - 0x00007ffcdd161000 	C:\WINDOWS\System32\bcryptPrimitives.dll
0x00007ffccc0c0000 - 0x00007ffccc0e9000 	D:\androi studio\jre\bin\java.dll
0x00007ffcce170000 - 0x00007ffcce17b000 	D:\androi studio\jre\bin\jimage.dll
0x00007ffccc0a0000 - 0x00007ffccc0b8000 	D:\androi studio\jre\bin\zip.dll
0x00007ffcdd790000 - 0x00007ffcddf3b000 	C:\WINDOWS\System32\SHELL32.dll
0x00007ffcda940000 - 0x00007ffcdb19a000 	C:\WINDOWS\SYSTEM32\windows.storage.dll
0x00007ffcda7d0000 - 0x00007ffcda938000 	C:\WINDOWS\SYSTEM32\wintypes.dll
0x00007ffcdd580000 - 0x00007ffcdd66e000 	C:\WINDOWS\System32\SHCORE.dll
0x00007ffcdd290000 - 0x00007ffcdd2eb000 	C:\WINDOWS\System32\shlwapi.dll
0x00007ffcdc800000 - 0x00007ffcdc821000 	C:\WINDOWS\SYSTEM32\profapi.dll
0x00007ffcc7210000 - 0x00007ffcc722a000 	D:\androi studio\jre\bin\net.dll
0x00007ffccd2a0000 - 0x00007ffccd3b2000 	C:\WINDOWS\SYSTEM32\WINHTTP.dll
0x00007ffcdbdf0000 - 0x00007ffcdbe59000 	C:\WINDOWS\system32\mswsock.dll
0x00007ffcc6d90000 - 0x00007ffcc6da4000 	D:\androi studio\jre\bin\nio.dll
0x00007ffcc3df0000 - 0x00007ffcc3e17000 	C:\Users\ThanhLong\.gradle\native\8bec1ad78214c89d9ad589b4d07fe93259594b29d510b10fafb7a158f7737e5d\windows-amd64\native-platform.dll
0x00007ffcb2e10000 - 0x00007ffcb2f4d000 	C:\Users\ThanhLong\.gradle\native\53dbd7edfb1c66fb8903c78663c9afc45aea4f116125fa6feffd364cf09443e8\windows-amd64\native-platform-file-events.dll
0x00007ffcce140000 - 0x00007ffcce14a000 	D:\androi studio\jre\bin\management.dll
0x00007ffcce100000 - 0x00007ffcce10c000 	D:\androi studio\jre\bin\management_ext.dll
0x00007ffcdc040000 - 0x00007ffcdc058000 	C:\WINDOWS\SYSTEM32\CRYPTSP.dll
0x00007ffcdb910000 - 0x00007ffcdb945000 	C:\WINDOWS\system32\rsaenh.dll
0x00007ffcdbef0000 - 0x00007ffcdbf19000 	C:\WINDOWS\SYSTEM32\USERENV.dll
0x00007ffcdc1c0000 - 0x00007ffcdc1e8000 	C:\WINDOWS\SYSTEM32\bcrypt.dll
0x00007ffcdc060000 - 0x00007ffcdc06c000 	C:\WINDOWS\SYSTEM32\CRYPTBASE.dll
0x00007ffcdb420000 - 0x00007ffcdb44d000 	C:\WINDOWS\SYSTEM32\IPHLPAPI.DLL
0x00007ffcdead0000 - 0x00007ffcdead9000 	C:\WINDOWS\System32\NSI.dll
0x00007ffccb190000 - 0x00007ffccb1a9000 	C:\WINDOWS\SYSTEM32\dhcpcsvc6.DLL
0x00007ffccb170000 - 0x00007ffccb18e000 	C:\WINDOWS\SYSTEM32\dhcpcsvc.DLL
0x00007ffcdb490000 - 0x00007ffcdb583000 	C:\WINDOWS\SYSTEM32\DNSAPI.dll
0x00007ffcc3c70000 - 0x00007ffcc3c97000 	D:\androi studio\jre\bin\sunec.dll
0x00007ffccaa50000 - 0x00007ffccaa5a000 	C:\Windows\System32\rasadhlp.dll
0x00007ffccada0000 - 0x00007ffccae21000 	C:\WINDOWS\System32\fwpuclnt.dll

dbghelp: loaded successfully - version: 4.0.5 - missing functions: none
symbol engine: initialized successfully - sym options: 0x614 - pdb path: .;D:\androi studio\jre\bin;C:\WINDOWS\SYSTEM32;C:\WINDOWS\WinSxS\amd64_microsoft.windows.common-controls_6595b64144ccf1df_6.0.22463.1000_none_23c1f42dacbc77da;D:\androi studio\jre\bin\server;C:\Users\ThanhLong\.gradle\native\8bec1ad78214c89d9ad589b4d07fe93259594b29d510b10fafb7a158f7737e5d\windows-amd64;C:\Users\ThanhLong\.gradle\native\53dbd7edfb1c66fb8903c78663c9afc45aea4f116125fa6feffd364cf09443e8\windows-amd64

VM Arguments:
jvm_args: --add-opens=java.base/java.util=ALL-UNNAMED --add-opens=java.base/java.lang=ALL-UNNAMED --add-opens=java.base/java.lang.invoke=ALL-UNNAMED --add-opens=java.base/java.util=ALL-UNNAMED --add-opens=java.prefs/java.util.prefs=ALL-UNNAMED --add-opens=java.prefs/java.util.prefs=ALL-UNNAMED --add-opens=java.base/java.nio.charset=ALL-UNNAMED --add-opens=java.base/java.net=ALL-UNNAMED --add-opens=java.base/java.util.concurrent.atomic=ALL-UNNAMED -Xmx2048m -Dfile.encoding=UTF-8 -Duser.country=US -Duser.language=en -Duser.variant 
java_command: org.gradle.launcher.daemon.bootstrap.GradleDaemon 7.0.2
java_class_path (initial): C:\Users\ThanhLong\.gradle\wrapper\dists\gradle-7.0.2-bin\857tjihv64xamwrf0h14cai3r\gradle-7.0.2\lib\gradle-launcher-7.0.2.jar
Launcher Type: SUN_STANDARD

[Global flags]
     intx CICompilerCount                          = 4                                         {product} {ergonomic}
     uint ConcGCThreads                            = 2                                         {product} {ergonomic}
     uint G1ConcRefinementThreads                  = 8                                         {product} {ergonomic}
   size_t G1HeapRegionSize                         = 1048576                                   {product} {ergonomic}
    uintx GCDrainStackTargetSize                   = 64                                        {product} {ergonomic}
   size_t InitialHeapSize                          = 201326592                                 {product} {ergonomic}
   size_t MarkStackSize                            = 4194304                                   {product} {ergonomic}
   size_t MaxHeapSize                              = 2147483648                                {product} {command line}
   size_t MaxNewSize                               = 1287651328                                {product} {ergonomic}
   size_t MinHeapDeltaBytes                        = 1048576                                   {product} {ergonomic}
    uintx NonNMethodCodeHeapSize                   = 5836300                                {pd product} {ergonomic}
    uintx NonProfiledCodeHeapSize                  = 122910970                              {pd product} {ergonomic}
    uintx ProfiledCodeHeapSize                     = 122910970                              {pd product} {ergonomic}
    uintx ReservedCodeCacheSize                    = 251658240                              {pd product} {ergonomic}
     bool SegmentedCodeCache                       = true                                      {product} {ergonomic}
     bool UseCompressedClassPointers               = true                                 {lp64_product} {ergonomic}
     bool UseCompressedOops                        = true                                 {lp64_product} {ergonomic}
     bool UseG1GC                                  = true                                      {product} {ergonomic}
     bool UseLargePagesIndividualAllocation        = false                                  {pd product} {ergonomic}

Logging:
Log output configuration:
 #0: stdout all=warning uptime,level,tags
 #1: stderr all=off uptime,level,tags

Environment Variables:
PATH=C:\Python39\Scripts\;C:\Python39\;C:\Program Files\Microsoft MPI\Bin\;C:\Program Files (x86)\Common Files\Oracle\Java\javapath;C:\ProgramData\Oracle\Java\javapath;C:\WINDOWS\system32;C:\WINDOWS;C:\WINDOWS\System32\Wbem;C:\WINDOWS\System32\WindowsPowerShell\v1.0\;C:\WINDOWS\System32\OpenSSH\;C:\Program Files\Microsoft SQL Server\Client SDK\ODBC\170\Tools\Binn\;C:\Program Files (x86)\Microsoft SQL Server\150\Tools\Binn\;C:\Program Files\Microsoft SQL Server\150\Tools\Binn\;C:\Program Files\Microsoft SQL Server\150\DTS\Binn\;C:\Program Files\Azure Data Studio\bin;D:\Git\cmd;C:\Program Files\Microsoft SQL Server\130\Tools\Binn\;C:\Program Files\dotnet\;C:\Program Files (x86)\Microsoft SQL Server\150\DTS\Binn\;C:\Program Files (x86)\dotnet\;d:\quartus\quartus\bin;C:\Program Files\nodejs\;C:\ProgramData\chocolatey\bin;C:\Program Files\MySQL\MySQL Shell 8.0\bin\;C:\Users\ThanhLong\AppData\Local\Microsoft\WindowsApps;C:\Program Files\Azure Data Studio\bin;F:\H?c T?p\Microsoft VS Code\bin;C:\Users\ThanhLong\AppData\Local\GitHubDesktop\bin;C:\Users\ThanhLong\.dotnet\tools;C:\Users\ThanhLong\AppData\Roaming\npm;
USERNAME=ThanhLong
OS=Windows_NT
PROCESSOR_IDENTIFIER=Intel64 Family 6 Model 142 Stepping 12, GenuineIntel



---------------  S Y S T E M  ---------------

OS: Windows 10 , 64 bit Build 22463 (10.0.22463.1000)
OS uptime: 4 days 18:50 hours

CPU:total 8 (initial active 8) (4 cores per cpu, 2 threads per core) family 6 model 142 stepping 12 microcode 0xea, cmov, cx8, fxsr, mmx, sse, sse2, sse3, ssse3, sse4.1, sse4.2, popcnt, avx, avx2, aes, clmul, erms, 3dnowpref, lzcnt, ht, tsc, tscinvbit, bmi1, bmi2, adx, fma

Memory: 4k page, system-wide physical 12164M (300M free)
TotalPageFile size 16260M (AvailPageFile size 0M)
current process WorkingSet (physical memory assigned to process): 503M, peak: 540M
current process commit charge ("private bytes"): 544M, peak: 578M

vm_info: OpenJDK 64-Bit Server VM (11.0.10+0-b96-7249189) for windows-amd64 JRE (11.0.10+0-b96-7249189), built on Mar 31 2021 21:44:00 by "builder" with MS VC++ 14.0 (VS2015)

END.
