#
# There is insufficient memory for the Java Runtime Environment to continue.
# Native memory allocation (malloc) failed to allocate 1197136 bytes for Chunk::new
# Possible reasons:
#   The system is out of physical RAM or swap space
#   The process is running with CompressedOops enabled, and the Java Heap may be blocking the growth of the native heap
# Possible solutions:
#   Reduce memory load on the system
#   Increase physical memory or swap space
#   Check if swap backing store is full
#   Decrease Java heap size (-Xmx/-Xms)
#   Decrease number of Java threads
#   Decrease Java thread stack sizes (-Xss)
#   Set larger code cache with -XX:ReservedCodeCacheSize=
#   JVM is running with Unscaled Compressed Oops mode in which the Java heap is
#     placed in the first 4GB address space. The Java Heap base address is the
#     maximum limit for the native heap growth. Please use -XX:HeapBaseMinAddress
#     to set the Java Heap base and to place the Java Heap above 4GB virtual address.
# This output file may be truncated or incomplete.
#
#  Out of Memory Error (./src/hotspot/share/memory/arena.cpp:197), pid=8252, tid=14724
#
# JRE version: OpenJDK Runtime Environment (11.0.10) (build 11.0.10+0-b96-7249189)
# Java VM: OpenJDK 64-Bit Server VM (11.0.10+0-b96-7249189, mixed mode, tiered, compressed oops, g1 gc, windows-amd64)
# No core dump will be written. Minidumps are not enabled by default on client versions of Windows
#

---------------  S U M M A R Y ------------

Command Line: --add-opens=java.base/java.util=ALL-UNNAMED --add-opens=java.base/java.lang=ALL-UNNAMED --add-opens=java.base/java.lang.invoke=ALL-UNNAMED --add-opens=java.base/java.util=ALL-UNNAMED --add-opens=java.prefs/java.util.prefs=ALL-UNNAMED --add-opens=java.prefs/java.util.prefs=ALL-UNNAMED --add-opens=java.base/java.nio.charset=ALL-UNNAMED --add-opens=java.base/java.net=ALL-UNNAMED --add-opens=java.base/java.util.concurrent.atomic=ALL-UNNAMED -Xmx2048m -Dfile.encoding=UTF-8 -Duser.country=US -Duser.language=en -Duser.variant org.gradle.launcher.daemon.bootstrap.GradleDaemon 7.0.2

Host: Intel(R) Core(TM) i5-8265U CPU @ 1.60GHz, 8 cores, 11G,  Windows 10 , 64 bit Build 22463 (10.0.22463.1000)
Time: Sat Oct  2 16:52:43 2021 SE Asia Standard Time elapsed time: 23.798890 seconds (0d 0h 0m 23s)

---------------  T H R E A D  ---------------

Current thread (0x0000014d6f6b3800):  JavaThread "C2 CompilerThread1" daemon [_thread_in_native, id=14724, stack(0x000000212a100000,0x000000212a200000)]


Current CompileTask:
C2:  23798 10830   !   4       java.net.URLClassLoader$1::run (63 bytes)

Stack: [0x000000212a100000,0x000000212a200000]
Native frames: (J=compiled Java code, j=interpreted, Vv=VM code, C=native code)
V  [jvm.dll+0x5ecfaa]
V  [jvm.dll+0x722bd5]
V  [jvm.dll+0x72412d]
V  [jvm.dll+0x7247e3]
V  [jvm.dll+0x242928]
V  [jvm.dll+0xbc4fc]
V  [jvm.dll+0xbca0c]
V  [jvm.dll+0x2b4fd4]
V  [jvm.dll+0x506028]
V  [jvm.dll+0x203253]
V  [jvm.dll+0x1fd07c]
V  [jvm.dll+0x1fa77f]
V  [jvm.dll+0x18354c]
V  [jvm.dll+0x208ee7]
V  [jvm.dll+0x207731]
V  [jvm.dll+0x6eb1cf]
V  [jvm.dll+0x6e3d45]
V  [jvm.dll+0x5ebe96]
C  [ucrtbase.dll+0x293cc]
C  [KERNEL32.DLL+0x16d50]
C  [ntdll.dll+0x4c6b]


---------------  P R O C E S S  ---------------

Threads class SMR info:
_java_thread_list=0x0000014d75332530, length=69, elements={
0x0000014d54726800, 0x0000014d6ebbd800, 0x0000014d6ebb1800, 0x0000014d6f435800,
0x0000014d6f436800, 0x0000014d6f43a000, 0x0000014d6f43f800, 0x0000014d6f440800,
0x0000014d6f44d000, 0x0000014d6f5c1800, 0x0000014d71cf5000, 0x0000014d71cf1000,
0x0000014d71cf6000, 0x0000014d71cf2000, 0x0000014d71cf2800, 0x0000014d71cf0000,
0x0000014d71cf4800, 0x0000014d71cf3800, 0x0000014d71cf6800, 0x0000014d71f63000,
0x0000014d71f66800, 0x0000014d71f65800, 0x0000014d71f64000, 0x0000014d71f62800,
0x0000014d71f60800, 0x0000014d71f65000, 0x0000014d71f67000, 0x0000014d71f61800,
0x0000014d71f6d000, 0x0000014d71f6e000, 0x0000014d71f69000, 0x0000014d71f6b800,
0x0000014d71f6c000, 0x0000014d71f69800, 0x0000014d749e1800, 0x0000014d749e2000,
0x0000014d749e3000, 0x0000014d749df800, 0x0000014d749e3800, 0x0000014d749de000,
0x0000014d749e4800, 0x0000014d749df000, 0x0000014d749e5800, 0x0000014d749e6000,
0x0000014d749e0800, 0x0000014d749e8800, 0x0000014d749ea800, 0x0000014d749e8000,
0x0000014d749e7000, 0x0000014d749e9800, 0x0000014d749ec000, 0x0000014d749ec800,
0x0000014d77df4000, 0x0000014d77def000, 0x0000014d77df3800, 0x0000014d77df5800,
0x0000014d77df0000, 0x0000014d77df5000, 0x0000014d77df2800, 0x0000014d77df6800,
0x0000014d77df1000, 0x0000014d77df7800, 0x0000014d77df1800, 0x0000014d77dfa800,
0x0000014d77dfe000, 0x0000014d77dfa000, 0x0000014d77dfc800, 0x0000014d6f6b3800,
0x0000014d7805e800
}

Java Threads: ( => current thread )
  0x0000014d54726800 JavaThread "main" [_thread_blocked, id=20236, stack(0x0000002128300000,0x0000002128400000)]
  0x0000014d6ebbd800 JavaThread "Reference Handler" daemon [_thread_blocked, id=16864, stack(0x0000002128a00000,0x0000002128b00000)]
  0x0000014d6ebb1800 JavaThread "Finalizer" daemon [_thread_blocked, id=14452, stack(0x0000002128b00000,0x0000002128c00000)]
  0x0000014d6f435800 JavaThread "Signal Dispatcher" daemon [_thread_blocked, id=16600, stack(0x0000002128c00000,0x0000002128d00000)]
  0x0000014d6f436800 JavaThread "Attach Listener" daemon [_thread_blocked, id=18816, stack(0x0000002128d00000,0x0000002128e00000)]
  0x0000014d6f43a000 JavaThread "Service Thread" daemon [_thread_blocked, id=7888, stack(0x0000002128e00000,0x0000002128f00000)]
  0x0000014d6f43f800 JavaThread "C2 CompilerThread0" daemon [_thread_in_native, id=20592, stack(0x0000002128f00000,0x0000002129000000)]
  0x0000014d6f440800 JavaThread "C1 CompilerThread0" daemon [_thread_blocked, id=15448, stack(0x0000002129000000,0x0000002129100000)]
  0x0000014d6f44d000 JavaThread "Sweeper thread" daemon [_thread_blocked, id=10432, stack(0x0000002129100000,0x0000002129200000)]
  0x0000014d6f5c1800 JavaThread "Common-Cleaner" daemon [_thread_blocked, id=22840, stack(0x0000002129200000,0x0000002129300000)]
  0x0000014d71cf5000 JavaThread "Daemon health stats" [_thread_blocked, id=3856, stack(0x0000002129900000,0x0000002129a00000)]
  0x0000014d71cf1000 JavaThread "Incoming local TCP Connector on port 61595" [_thread_in_native, id=25724, stack(0x0000002129400000,0x0000002129500000)]
  0x0000014d71cf6000 JavaThread "Daemon periodic checks" [_thread_blocked, id=23416, stack(0x0000002129800000,0x0000002129900000)]
  0x0000014d71cf2000 JavaThread "Daemon" [_thread_blocked, id=9728, stack(0x0000002129a00000,0x0000002129b00000)]
  0x0000014d71cf2800 JavaThread "Handler for socket connection from /127.0.0.1:61595 to /127.0.0.1:61596" [_thread_in_native, id=8504, stack(0x0000002129b00000,0x0000002129c00000)]
  0x0000014d71cf0000 JavaThread "Cancel handler" [_thread_blocked, id=20456, stack(0x0000002129c00000,0x0000002129d00000)]
  0x0000014d71cf4800 JavaThread "Daemon worker" [_thread_blocked, id=14044, stack(0x0000002129d00000,0x0000002129e00000)]
  0x0000014d71cf3800 JavaThread "Asynchronous log dispatcher for DefaultDaemonConnection: socket connection from /127.0.0.1:61595 to /127.0.0.1:61596" [_thread_blocked, id=11320, stack(0x0000002129e00000,0x0000002129f00000)]
  0x0000014d71cf6800 JavaThread "Stdin handler" [_thread_blocked, id=26476, stack(0x0000002129f00000,0x000000212a000000)]
  0x0000014d71f63000 JavaThread "Daemon client event forwarder" [_thread_blocked, id=12004, stack(0x000000212a000000,0x000000212a100000)]
  0x0000014d71f66800 JavaThread "Cache worker for file hash cache (C:\Users\ThanhLong\.gradle\caches\7.0.2\fileHashes)" [_thread_blocked, id=3984, stack(0x000000212a200000,0x000000212a300000)]
  0x0000014d71f65800 JavaThread "File lock request listener" [_thread_in_native, id=12216, stack(0x000000212a300000,0x000000212a400000)]
  0x0000014d71f64000 JavaThread "Cache worker for journal cache (C:\Users\ThanhLong\.gradle\caches\journal-1)" [_thread_blocked, id=15632, stack(0x000000212a900000,0x000000212aa00000)]
  0x0000014d71f62800 JavaThread "Cache worker for file hash cache (D:\demo1\.gradle\7.0.2\fileHashes)" [_thread_blocked, id=2412, stack(0x000000212aa00000,0x000000212ab00000)]
  0x0000014d71f60800 JavaThread "File watcher server" daemon [_thread_in_native, id=25940, stack(0x000000212ab00000,0x000000212ac00000)]
  0x0000014d71f65000 JavaThread "File watcher consumer" daemon [_thread_blocked, id=6040, stack(0x000000212ac00000,0x000000212ad00000)]
  0x0000014d71f67000 JavaThread "Cache worker for checksums cache (D:\demo1\.gradle\checksums)" [_thread_blocked, id=24288, stack(0x000000212ad00000,0x000000212ae00000)]
  0x0000014d71f61800 JavaThread "Cache worker for cache directory md-supplier (C:\Users\ThanhLong\.gradle\caches\7.0.2\md-supplier)" [_thread_blocked, id=23188, stack(0x000000212ae00000,0x000000212af00000)]
  0x0000014d71f6d000 JavaThread "Cache worker for cache directory md-rule (C:\Users\ThanhLong\.gradle\caches\7.0.2\md-rule)" [_thread_blocked, id=20032, stack(0x000000212af00000,0x000000212b000000)]
  0x0000014d71f6e000 JavaThread "Cache worker for execution history cache (C:\Users\ThanhLong\.gradle\caches\7.0.2\executionHistory)" [_thread_blocked, id=23400, stack(0x000000212b100000,0x000000212b200000)]
  0x0000014d71f69000 JavaThread "jar transforms" [_thread_blocked, id=14764, stack(0x000000212b200000,0x000000212b300000)]
  0x0000014d71f6b800 JavaThread "jar transforms Thread 2" [_thread_blocked, id=21812, stack(0x000000212b300000,0x000000212b400000)]
  0x0000014d71f6c000 JavaThread "Cache worker for file content cache (C:\Users\ThanhLong\.gradle\caches\7.0.2\fileContent)" [_thread_blocked, id=26380, stack(0x000000212b400000,0x000000212b500000)]
  0x0000014d71f69800 JavaThread "Cache worker for dependencies-accessors (D:\demo1\.gradle\7.0.2\dependencies-accessors)" [_thread_blocked, id=21748, stack(0x000000212b500000,0x000000212b600000)]
  0x0000014d749e1800 JavaThread "jar transforms Thread 3" [_thread_blocked, id=23408, stack(0x000000212b600000,0x000000212b700000)]
  0x0000014d749e2000 JavaThread "Cache worker for Build Output Cleanup Cache (D:\demo1\.gradle\buildOutputCleanup)" [_thread_blocked, id=25796, stack(0x000000212b700000,0x000000212b800000)]
  0x0000014d749e3000 JavaThread "Build operations" [_thread_blocked, id=25324, stack(0x000000212b800000,0x000000212b900000)]
  0x0000014d749df800 JavaThread "Build operations Thread 2" [_thread_blocked, id=5728, stack(0x000000212b900000,0x000000212ba00000)]
  0x0000014d749e3800 JavaThread "Build operations Thread 3" [_thread_blocked, id=23324, stack(0x000000212ba00000,0x000000212bb00000)]
  0x0000014d749de000 JavaThread "Build operations Thread 4" [_thread_blocked, id=20388, stack(0x000000212bb00000,0x000000212bc00000)]
  0x0000014d749e4800 JavaThread "Build operations Thread 5" [_thread_blocked, id=25644, stack(0x000000212bc00000,0x000000212bd00000)]
  0x0000014d749df000 JavaThread "Build operations Thread 6" [_thread_blocked, id=6788, stack(0x000000212bd00000,0x000000212be00000)]
  0x0000014d749e5800 JavaThread "Build operations Thread 7" [_thread_in_vm, id=14756, stack(0x000000212be00000,0x000000212bf00000)]
  0x0000014d749e6000 JavaThread "Build operations Thread 8" [_thread_blocked, id=24568, stack(0x000000212bf00000,0x000000212c000000)]
  0x0000014d749e0800 JavaThread "jar transforms Thread 4" [_thread_blocked, id=10540, stack(0x000000212c000000,0x000000212c100000)]
  0x0000014d749e8800 JavaThread "jar transforms Thread 5" [_thread_blocked, id=10288, stack(0x000000212c100000,0x000000212c200000)]
  0x0000014d749ea800 JavaThread "jar transforms Thread 6" [_thread_blocked, id=21464, stack(0x000000212c200000,0x000000212c300000)]
  0x0000014d749e8000 JavaThread "jar transforms Thread 7" [_thread_blocked, id=9024, stack(0x000000212c300000,0x000000212c400000)]
  0x0000014d749e7000 JavaThread "jar transforms Thread 8" [_thread_blocked, id=23436, stack(0x000000212c400000,0x000000212c500000)]
  0x0000014d749e9800 JavaThread "Memory manager" [_thread_blocked, id=15156, stack(0x000000212c700000,0x000000212c800000)]
  0x0000014d749ec000 JavaThread "build event listener" [_thread_blocked, id=14204, stack(0x000000212c800000,0x000000212c900000)]
  0x0000014d749ec800 JavaThread "pool-3-thread-1" [_thread_blocked, id=25292, stack(0x000000212c900000,0x000000212ca00000)]
  0x0000014d77df4000 JavaThread "build event listener" [_thread_blocked, id=22420, stack(0x000000212ca00000,0x000000212cb00000)]
  0x0000014d77def000 JavaThread "Execution worker for ':'" [_thread_blocked, id=19500, stack(0x000000212cb00000,0x000000212cc00000)]
  0x0000014d77df3800 JavaThread "Execution worker for ':' Thread 2" [_thread_blocked, id=12016, stack(0x000000212cc00000,0x000000212cd00000)]
  0x0000014d77df5800 JavaThread "Execution worker for ':' Thread 3" [_thread_blocked, id=6784, stack(0x000000212cd00000,0x000000212ce00000)]
  0x0000014d77df0000 JavaThread "Execution worker for ':' Thread 4" [_thread_blocked, id=6596, stack(0x000000212ce00000,0x000000212cf00000)]
  0x0000014d77df5000 JavaThread "Execution worker for ':' Thread 5" [_thread_blocked, id=22240, stack(0x000000212cf00000,0x000000212d000000)]
  0x0000014d77df2800 JavaThread "Execution worker for ':' Thread 6" [_thread_blocked, id=21416, stack(0x000000212d000000,0x000000212d100000)]
  0x0000014d77df6800 JavaThread "Execution worker for ':' Thread 7" [_thread_blocked, id=9292, stack(0x000000212d100000,0x000000212d200000)]
  0x0000014d77df1000 JavaThread "Cache worker for execution history cache (D:\demo1\.gradle\7.0.2\executionHistory)" [_thread_blocked, id=2228, stack(0x000000212d200000,0x000000212d300000)]
  0x0000014d77df7800 JavaThread "WorkerExecutor Queue" [_thread_blocked, id=9084, stack(0x000000212d300000,0x000000212d400000)]
  0x0000014d77df1800 JavaThread "pool-4-thread-1" [_thread_blocked, id=18860, stack(0x000000212d400000,0x000000212d500000)]
  0x0000014d77dfa800 JavaThread "stderr" [_thread_in_native, id=18652, stack(0x000000212d500000,0x000000212d600000)]
  0x0000014d77dfe000 JavaThread "stdout" [_thread_in_native, id=14004, stack(0x000000212d600000,0x000000212d700000)]
  0x0000014d77dfa000 JavaThread "Cache worker for Java compile cache (C:\Users\ThanhLong\.gradle\caches\7.0.2\javaCompile)" [_thread_blocked, id=18892, stack(0x000000212d700000,0x000000212d800000)]
  0x0000014d77dfc800 JavaThread "Cache worker for Java compile cache (D:\demo1\.gradle\7.0.2\javaCompile)" [_thread_in_vm, id=10372, stack(0x000000212d800000,0x000000212d900000)]
=>0x0000014d6f6b3800 JavaThread "C2 CompilerThread1" daemon [_thread_in_native, id=14724, stack(0x000000212a100000,0x000000212a200000)]
  0x0000014d7805e800 JavaThread "C2 CompilerThread2" daemon [_thread_in_native, id=17464, stack(0x000000212c600000,0x000000212c700000)]

Other Threads:
  0x0000014d6f3e5000 VMThread "VM Thread" [stack: 0x0000002128900000,0x0000002128a00000] [id=25560]
  0x0000014d6f5c9000 WatcherThread [stack: 0x0000002129300000,0x0000002129400000] [id=15208]
  0x0000014d54740000 GCTaskThread "GC Thread#0" [stack: 0x0000002128400000,0x0000002128500000] [id=16584]
  0x0000014d701e7000 GCTaskThread "GC Thread#1" [stack: 0x0000002129500000,0x0000002129600000] [id=24364]
  0x0000014d7027f000 GCTaskThread "GC Thread#2" [stack: 0x0000002129600000,0x0000002129700000] [id=12696]
  0x0000014d6fa7e000 GCTaskThread "GC Thread#3" [stack: 0x0000002129700000,0x0000002129800000] [id=19552]
  0x0000014d70d91000 GCTaskThread "GC Thread#4" [stack: 0x000000212a400000,0x000000212a500000] [id=26188]
  0x0000014d72490800 GCTaskThread "GC Thread#5" [stack: 0x000000212a500000,0x000000212a600000] [id=22724]
  0x0000014d705f4800 GCTaskThread "GC Thread#6" [stack: 0x000000212a600000,0x000000212a700000] [id=21744]
  0x0000014d729ff800 GCTaskThread "GC Thread#7" [stack: 0x000000212a700000,0x000000212a800000] [id=11772]
  0x0000014d54771800 ConcurrentGCThread "G1 Main Marker" [stack: 0x0000002128500000,0x0000002128600000] [id=2904]
  0x0000014d54773000 ConcurrentGCThread "G1 Conc#0" [stack: 0x0000002128600000,0x0000002128700000] [id=24724]
  0x0000014d7277b000 ConcurrentGCThread "G1 Conc#1" [stack: 0x000000212a800000,0x000000212a900000] [id=24472]
  0x0000014d6ea1c800 ConcurrentGCThread "G1 Refine#0" [stack: 0x0000002128700000,0x0000002128800000] [id=18500]
  0x0000014d7654c000 ConcurrentGCThread "G1 Refine#1" [stack: 0x000000212b000000,0x000000212b100000] [id=12144]
  0x0000014d76242000 ConcurrentGCThread "G1 Refine#2" [stack: 0x000000212c500000,0x000000212c600000] [id=20700]
  0x0000014d547ee000 ConcurrentGCThread "G1 Young RemSet Sampling" [stack: 0x0000002128800000,0x0000002128900000] [id=24592]

Threads with active compile tasks:
C2 CompilerThread0  23831 10829       4       java.net.URLClassLoader$1::run (5 bytes)
C2 CompilerThread1  23831 10830   !   4       java.net.URLClassLoader$1::run (63 bytes)
C2 CompilerThread2  23831 10859       4       org.gradle.api.internal.tasks.compile.incremental.deps.ClassSetAnalysisData$Serializer::readDependentsSet (118 bytes)

VM state:not at safepoint (normal execution)

VM Mutex/Monitor currently owned by a thread: None

Heap address: 0x0000000080000000, size: 2048 MB, Compressed Oops mode: 32-bit
Narrow klass base: 0x0000000000000000, Narrow klass shift: 3
Compressed class space size: 1073741824 Address: 0x0000000100000000

Heap:
 garbage-first heap   total 196608K, used 99282K [0x0000000080000000, 0x0000000100000000)
  region size 1024K, 34 young (34816K), 9 survivors (9216K)
 Metaspace       used 89049K, capacity 91309K, committed 91596K, reserved 1128448K
  class space    used 11419K, capacity 12195K, committed 12236K, reserved 1048576K
Heap Regions: E=young(eden), S=young(survivor), O=old, HS=humongous(starts), HC=humongous(continues), CS=collection set, F=free, A=archive, TAMS=top-at-mark-start (previous, next)
|   0|0x0000000080000000, 0x0000000080100000, 0x0000000080100000|100%| O|  |TAMS 0x0000000080100000, 0x0000000080000000| Untracked 
|   1|0x0000000080100000, 0x0000000080200000, 0x0000000080200000|100%| O|  |TAMS 0x0000000080200000, 0x0000000080100000| Untracked 
|   2|0x0000000080200000, 0x0000000080300000, 0x0000000080300000|100%| O|  |TAMS 0x0000000080300000, 0x0000000080200000| Untracked 
|   3|0x0000000080300000, 0x0000000080400000, 0x0000000080400000|100%|HS|  |TAMS 0x0000000080400000, 0x0000000080300000| Complete 
|   4|0x0000000080400000, 0x0000000080500000, 0x0000000080500000|100%|HC|  |TAMS 0x0000000080500000, 0x0000000080400000| Complete 
|   5|0x0000000080500000, 0x0000000080600000, 0x0000000080600000|100%|HC|  |TAMS 0x0000000080600000, 0x0000000080500000| Complete 
|   6|0x0000000080600000, 0x0000000080700000, 0x0000000080700000|100%| O|  |TAMS 0x0000000080700000, 0x0000000080600000| Untracked 
|   7|0x0000000080700000, 0x0000000080800000, 0x0000000080800000|100%| O|  |TAMS 0x0000000080800000, 0x0000000080700000| Untracked 
|   8|0x0000000080800000, 0x0000000080900000, 0x0000000080900000|100%| O|  |TAMS 0x0000000080900000, 0x0000000080800000| Untracked 
|   9|0x0000000080900000, 0x0000000080a00000, 0x0000000080a00000|100%| O|  |TAMS 0x0000000080a00000, 0x0000000080900000| Untracked 
|  10|0x0000000080a00000, 0x0000000080b00000, 0x0000000080b00000|100%| O|  |TAMS 0x0000000080b00000, 0x0000000080a00000| Untracked 
|  11|0x0000000080b00000, 0x0000000080c00000, 0x0000000080c00000|100%| O|  |TAMS 0x0000000080c00000, 0x0000000080b00000| Untracked 
|  12|0x0000000080c00000, 0x0000000080d00000, 0x0000000080d00000|100%| O|  |TAMS 0x0000000080d00000, 0x0000000080c00000| Untracked 
|  13|0x0000000080d00000, 0x0000000080e00000, 0x0000000080e00000|100%| O|  |TAMS 0x0000000080e00000, 0x0000000080d00000| Untracked 
|  14|0x0000000080e00000, 0x0000000080f00000, 0x0000000080f00000|100%| O|  |TAMS 0x0000000080f00000, 0x0000000080e00000| Untracked 
|  15|0x0000000080f00000, 0x0000000081000000, 0x0000000081000000|100%| O|  |TAMS 0x0000000081000000, 0x0000000080f00000| Untracked 
|  16|0x0000000081000000, 0x0000000081100000, 0x0000000081100000|100%|HS|  |TAMS 0x0000000081100000, 0x0000000081000000| Complete 
|  17|0x0000000081100000, 0x0000000081200000, 0x0000000081200000|100%|HS|  |TAMS 0x0000000081200000, 0x0000000081100000| Complete 
|  18|0x0000000081200000, 0x0000000081300000, 0x0000000081300000|100%|HS|  |TAMS 0x0000000081300000, 0x0000000081200000| Complete 
|  19|0x0000000081300000, 0x0000000081400000, 0x0000000081400000|100%|HC|  |TAMS 0x0000000081400000, 0x0000000081300000| Complete 
|  20|0x0000000081400000, 0x0000000081500000, 0x0000000081500000|100%| O|  |TAMS 0x0000000081500000, 0x0000000081400000| Untracked 
|  21|0x0000000081500000, 0x0000000081600000, 0x0000000081600000|100%| O|  |TAMS 0x0000000081600000, 0x0000000081500000| Untracked 
|  22|0x0000000081600000, 0x0000000081700000, 0x0000000081700000|100%| O|  |TAMS 0x0000000081700000, 0x0000000081600000| Untracked 
|  23|0x0000000081700000, 0x0000000081800000, 0x0000000081800000|100%| O|  |TAMS 0x0000000081800000, 0x0000000081700000| Untracked 
|  24|0x0000000081800000, 0x0000000081900000, 0x0000000081900000|100%| O|  |TAMS 0x0000000081900000, 0x0000000081800000| Untracked 
|  25|0x0000000081900000, 0x0000000081a00000, 0x0000000081a00000|100%| O|  |TAMS 0x0000000081a00000, 0x0000000081900000| Untracked 
|  26|0x0000000081a00000, 0x0000000081b00000, 0x0000000081b00000|100%| O|  |TAMS 0x0000000081b00000, 0x0000000081a00000| Untracked 
|  27|0x0000000081b00000, 0x0000000081c00000, 0x0000000081c00000|100%| O|  |TAMS 0x0000000081c00000, 0x0000000081b00000| Untracked 
|  28|0x0000000081c00000, 0x0000000081d00000, 0x0000000081d00000|100%| O|  |TAMS 0x0000000081d00000, 0x0000000081c00000| Untracked 
|  29|0x0000000081d00000, 0x0000000081e00000, 0x0000000081e00000|100%| O|  |TAMS 0x0000000081e00000, 0x0000000081d00000| Untracked 
|  30|0x0000000081e00000, 0x0000000081f00000, 0x0000000081f00000|100%| O|  |TAMS 0x0000000081f00000, 0x0000000081e00000| Untracked 
|  31|0x0000000081f00000, 0x0000000082000000, 0x0000000082000000|100%| O|  |TAMS 0x0000000082000000, 0x0000000081f00000| Untracked 
|  32|0x0000000082000000, 0x0000000082100000, 0x0000000082100000|100%| O|  |TAMS 0x0000000082100000, 0x0000000082000000| Untracked 
|  33|0x0000000082100000, 0x0000000082200000, 0x0000000082200000|100%| O|  |TAMS 0x0000000082200000, 0x0000000082100000| Untracked 
|  34|0x0000000082200000, 0x0000000082300000, 0x0000000082300000|100%| O|  |TAMS 0x0000000082300000, 0x0000000082200000| Untracked 
|  35|0x0000000082300000, 0x0000000082400000, 0x0000000082400000|100%| O|  |TAMS 0x0000000082400000, 0x0000000082300000| Untracked 
|  36|0x0000000082400000, 0x0000000082500000, 0x0000000082500000|100%| O|  |TAMS 0x0000000082500000, 0x0000000082400000| Untracked 
|  37|0x0000000082500000, 0x0000000082600000, 0x0000000082600000|100%| O|  |TAMS 0x0000000082600000, 0x0000000082500000| Untracked 
|  38|0x0000000082600000, 0x0000000082700000, 0x0000000082700000|100%| O|  |TAMS 0x0000000082700000, 0x0000000082600000| Untracked 
|  39|0x0000000082700000, 0x0000000082800000, 0x0000000082800000|100%| O|  |TAMS 0x0000000082800000, 0x0000000082700000| Untracked 
|  40|0x0000000082800000, 0x0000000082900000, 0x0000000082900000|100%| O|  |TAMS 0x0000000082800000, 0x0000000082800000| Untracked 
|  41|0x0000000082900000, 0x0000000082a00000, 0x0000000082a00000|100%| O|  |TAMS 0x0000000082900000, 0x0000000082900000| Untracked 
|  42|0x0000000082a00000, 0x0000000082b00000, 0x0000000082b00000|100%| O|  |TAMS 0x0000000082a00000, 0x0000000082a00000| Untracked 
|  43|0x0000000082b00000, 0x0000000082c00000, 0x0000000082c00000|100%| O|  |TAMS 0x0000000082b00000, 0x0000000082b00000| Untracked 
|  44|0x0000000082c00000, 0x0000000082d00000, 0x0000000082d00000|100%| O|  |TAMS 0x0000000082c00000, 0x0000000082c00000| Untracked 
|  45|0x0000000082d00000, 0x0000000082e00000, 0x0000000082e00000|100%| O|  |TAMS 0x0000000082d00000, 0x0000000082d00000| Untracked 
|  46|0x0000000082e00000, 0x0000000082f00000, 0x0000000082f00000|100%| O|  |TAMS 0x0000000082e00000, 0x0000000082e00000| Untracked 
|  47|0x0000000082f00000, 0x0000000083000000, 0x0000000083000000|100%| O|  |TAMS 0x0000000082f00000, 0x0000000082f00000| Untracked 
|  48|0x0000000083000000, 0x0000000083100000, 0x0000000083100000|100%| O|  |TAMS 0x0000000083000000, 0x0000000083000000| Untracked 
|  49|0x0000000083100000, 0x0000000083200000, 0x0000000083200000|100%| O|  |TAMS 0x0000000083100000, 0x0000000083100000| Untracked 
|  50|0x0000000083200000, 0x0000000083300000, 0x0000000083300000|100%| O|  |TAMS 0x0000000083200000, 0x0000000083200000| Untracked 
|  51|0x0000000083300000, 0x0000000083400000, 0x0000000083400000|100%| O|  |TAMS 0x0000000083300000, 0x0000000083300000| Untracked 
|  52|0x0000000083400000, 0x0000000083500000, 0x0000000083500000|100%| O|  |TAMS 0x0000000083400000, 0x0000000083400000| Untracked 
|  53|0x0000000083500000, 0x0000000083600000, 0x0000000083600000|100%| O|  |TAMS 0x0000000083500000, 0x0000000083500000| Untracked 
|  54|0x0000000083600000, 0x0000000083700000, 0x0000000083700000|100%| O|  |TAMS 0x0000000083600000, 0x0000000083600000| Untracked 
|  55|0x0000000083700000, 0x0000000083800000, 0x0000000083800000|100%| O|  |TAMS 0x0000000083700000, 0x0000000083700000| Untracked 
|  56|0x0000000083800000, 0x0000000083900000, 0x0000000083900000|100%| O|  |TAMS 0x0000000083800000, 0x0000000083800000| Untracked 
|  57|0x0000000083900000, 0x0000000083a00000, 0x0000000083a00000|100%| O|  |TAMS 0x0000000083900000, 0x0000000083900000| Untracked 
|  58|0x0000000083a00000, 0x0000000083b00000, 0x0000000083b00000|100%| O|  |TAMS 0x0000000083a00000, 0x0000000083a00000| Untracked 
|  59|0x0000000083b00000, 0x0000000083c00000, 0x0000000083c00000|100%| O|  |TAMS 0x0000000083b00000, 0x0000000083b00000| Untracked 
|  60|0x0000000083c00000, 0x0000000083d00000, 0x0000000083d00000|100%| O|  |TAMS 0x0000000083c00000, 0x0000000083c00000| Untracked 
|  61|0x0000000083d00000, 0x0000000083e00000, 0x0000000083e00000|100%| O|  |TAMS 0x0000000083d00000, 0x0000000083d00000| Untracked 
|  62|0x0000000083e00000, 0x0000000083f00000, 0x0000000083f00000|100%| O|  |TAMS 0x0000000083e00000, 0x0000000083e00000| Untracked 
|  63|0x0000000083f00000, 0x0000000084000000, 0x0000000084000000|100%| O|  |TAMS 0x0000000083f00000, 0x0000000083f00000| Untracked 
|  64|0x0000000084000000, 0x0000000084100000, 0x0000000084100000|100%| O|  |TAMS 0x0000000084000000, 0x0000000084000000| Untracked 
|  65|0x0000000084100000, 0x00000000841c7600, 0x0000000084200000| 77%| O|  |TAMS 0x0000000084100000, 0x0000000084100000| Untracked 
|  66|0x0000000084200000, 0x0000000084200000, 0x0000000084300000|  0%| F|  |TAMS 0x0000000084200000, 0x0000000084200000| Untracked 
|  67|0x0000000084300000, 0x0000000084300000, 0x0000000084400000|  0%| F|  |TAMS 0x0000000084300000, 0x0000000084300000| Untracked 
|  68|0x0000000084400000, 0x0000000084400000, 0x0000000084500000|  0%| F|  |TAMS 0x0000000084400000, 0x0000000084400000| Untracked 
|  69|0x0000000084500000, 0x0000000084500000, 0x0000000084600000|  0%| F|  |TAMS 0x0000000084500000, 0x0000000084500000| Untracked 
|  70|0x0000000084600000, 0x0000000084600000, 0x0000000084700000|  0%| F|  |TAMS 0x0000000084600000, 0x0000000084600000| Untracked 
|  71|0x0000000084700000, 0x0000000084700000, 0x0000000084800000|  0%| F|  |TAMS 0x0000000084700000, 0x0000000084700000| Untracked 
|  72|0x0000000084800000, 0x0000000084800000, 0x0000000084900000|  0%| F|  |TAMS 0x0000000084800000, 0x0000000084800000| Untracked 
|  73|0x0000000084900000, 0x0000000084900000, 0x0000000084a00000|  0%| F|  |TAMS 0x0000000084900000, 0x0000000084900000| Untracked 
|  74|0x0000000084a00000, 0x0000000084a00000, 0x0000000084b00000|  0%| F|  |TAMS 0x0000000084a00000, 0x0000000084a00000| Untracked 
|  75|0x0000000084b00000, 0x0000000084b00000, 0x0000000084c00000|  0%| F|  |TAMS 0x0000000084b00000, 0x0000000084b00000| Untracked 
|  76|0x0000000084c00000, 0x0000000084c00000, 0x0000000084d00000|  0%| F|  |TAMS 0x0000000084c00000, 0x0000000084c00000| Untracked 
|  77|0x0000000084d00000, 0x0000000084d00000, 0x0000000084e00000|  0%| F|  |TAMS 0x0000000084d00000, 0x0000000084d00000| Untracked 
|  78|0x0000000084e00000, 0x0000000084e00000, 0x0000000084f00000|  0%| F|  |TAMS 0x0000000084e00000, 0x0000000084e00000| Untracked 
|  79|0x0000000084f00000, 0x0000000084f00000, 0x0000000085000000|  0%| F|  |TAMS 0x0000000084f00000, 0x0000000084f00000| Untracked 
|  80|0x0000000085000000, 0x0000000085000000, 0x0000000085100000|  0%| F|  |TAMS 0x0000000085000000, 0x0000000085000000| Untracked 
|  81|0x0000000085100000, 0x0000000085100000, 0x0000000085200000|  0%| F|  |TAMS 0x0000000085100000, 0x0000000085100000| Untracked 
|  82|0x0000000085200000, 0x0000000085200000, 0x0000000085300000|  0%| F|  |TAMS 0x0000000085200000, 0x0000000085200000| Untracked 
|  83|0x0000000085300000, 0x0000000085300000, 0x0000000085400000|  0%| F|  |TAMS 0x0000000085300000, 0x0000000085300000| Untracked 
|  84|0x0000000085400000, 0x0000000085400000, 0x0000000085500000|  0%| F|  |TAMS 0x0000000085400000, 0x0000000085400000| Untracked 
|  85|0x0000000085500000, 0x0000000085500000, 0x0000000085600000|  0%| F|  |TAMS 0x0000000085500000, 0x0000000085500000| Untracked 
|  86|0x0000000085600000, 0x0000000085600000, 0x0000000085700000|  0%| F|  |TAMS 0x0000000085600000, 0x0000000085600000| Untracked 
|  87|0x0000000085700000, 0x0000000085700000, 0x0000000085800000|  0%| F|  |TAMS 0x0000000085700000, 0x0000000085700000| Untracked 
|  88|0x0000000085800000, 0x0000000085800000, 0x0000000085900000|  0%| F|  |TAMS 0x0000000085800000, 0x0000000085800000| Untracked 
|  89|0x0000000085900000, 0x0000000085900000, 0x0000000085a00000|  0%| F|  |TAMS 0x0000000085900000, 0x0000000085900000| Untracked 
|  90|0x0000000085a00000, 0x0000000085a00000, 0x0000000085b00000|  0%| F|  |TAMS 0x0000000085a00000, 0x0000000085a00000| Untracked 
|  91|0x0000000085b00000, 0x0000000085b00000, 0x0000000085c00000|  0%| F|  |TAMS 0x0000000085b00000, 0x0000000085b00000| Untracked 
|  92|0x0000000085c00000, 0x0000000085c00000, 0x0000000085d00000|  0%| F|  |TAMS 0x0000000085c00000, 0x0000000085c00000| Untracked 
|  93|0x0000000085d00000, 0x0000000085d00000, 0x0000000085e00000|  0%| F|  |TAMS 0x0000000085d00000, 0x0000000085d00000| Untracked 
|  94|0x0000000085e00000, 0x0000000085e00000, 0x0000000085f00000|  0%| F|  |TAMS 0x0000000085e00000, 0x0000000085e00000| Untracked 
|  95|0x0000000085f00000, 0x0000000085f00000, 0x0000000086000000|  0%| F|  |TAMS 0x0000000085f00000, 0x0000000085f00000| Untracked 
|  96|0x0000000086000000, 0x0000000086000000, 0x0000000086100000|  0%| F|  |TAMS 0x0000000086000000, 0x0000000086000000| Untracked 
|  97|0x0000000086100000, 0x000000008612d338, 0x0000000086200000| 17%| S|CS|TAMS 0x0000000086100000, 0x0000000086100000| Complete 
|  98|0x0000000086200000, 0x0000000086300000, 0x0000000086300000|100%| S|CS|TAMS 0x0000000086200000, 0x0000000086200000| Complete 
|  99|0x0000000086300000, 0x0000000086400000, 0x0000000086400000|100%| S|CS|TAMS 0x0000000086300000, 0x0000000086300000| Complete 
| 100|0x0000000086400000, 0x0000000086400000, 0x0000000086500000|  0%| F|  |TAMS 0x0000000086400000, 0x0000000086400000| Untracked 
| 101|0x0000000086500000, 0x0000000086500000, 0x0000000086600000|  0%| F|  |TAMS 0x0000000086500000, 0x0000000086500000| Untracked 
| 102|0x0000000086600000, 0x0000000086600000, 0x0000000086700000|  0%| F|  |TAMS 0x0000000086600000, 0x0000000086600000| Untracked 
| 103|0x0000000086700000, 0x0000000086700000, 0x0000000086800000|  0%| F|  |TAMS 0x0000000086700000, 0x0000000086700000| Untracked 
| 104|0x0000000086800000, 0x0000000086800000, 0x0000000086900000|  0%| F|  |TAMS 0x0000000086800000, 0x0000000086800000| Untracked 
| 105|0x0000000086900000, 0x0000000086900000, 0x0000000086a00000|  0%| F|  |TAMS 0x0000000086900000, 0x0000000086900000| Untracked 
| 106|0x0000000086a00000, 0x0000000086a00000, 0x0000000086b00000|  0%| F|  |TAMS 0x0000000086a00000, 0x0000000086a00000| Untracked 
| 107|0x0000000086b00000, 0x0000000086b00000, 0x0000000086c00000|  0%| F|  |TAMS 0x0000000086b00000, 0x0000000086b00000| Untracked 
| 108|0x0000000086c00000, 0x0000000086d00000, 0x0000000086d00000|100%| S|CS|TAMS 0x0000000086c00000, 0x0000000086c00000| Complete 
| 109|0x0000000086d00000, 0x0000000086e00000, 0x0000000086e00000|100%| S|CS|TAMS 0x0000000086d00000, 0x0000000086d00000| Complete 
| 110|0x0000000086e00000, 0x0000000086f00000, 0x0000000086f00000|100%| S|CS|TAMS 0x0000000086e00000, 0x0000000086e00000| Complete 
| 111|0x0000000086f00000, 0x0000000087000000, 0x0000000087000000|100%| S|CS|TAMS 0x0000000086f00000, 0x0000000086f00000| Complete 
| 112|0x0000000087000000, 0x0000000087100000, 0x0000000087100000|100%| S|CS|TAMS 0x0000000087000000, 0x0000000087000000| Complete 
| 113|0x0000000087100000, 0x0000000087200000, 0x0000000087200000|100%| S|CS|TAMS 0x0000000087100000, 0x0000000087100000| Complete 
| 114|0x0000000087200000, 0x0000000087200000, 0x0000000087300000|  0%| F|  |TAMS 0x0000000087200000, 0x0000000087200000| Untracked 
| 115|0x0000000087300000, 0x0000000087300000, 0x0000000087400000|  0%| F|  |TAMS 0x0000000087300000, 0x0000000087300000| Untracked 
| 116|0x0000000087400000, 0x0000000087400000, 0x0000000087500000|  0%| F|  |TAMS 0x0000000087400000, 0x0000000087400000| Untracked 
| 117|0x0000000087500000, 0x0000000087500000, 0x0000000087600000|  0%| F|  |TAMS 0x0000000087500000, 0x0000000087500000| Untracked 
| 118|0x0000000087600000, 0x0000000087600000, 0x0000000087700000|  0%| F|  |TAMS 0x0000000087600000, 0x0000000087600000| Untracked 
| 119|0x0000000087700000, 0x0000000087700000, 0x0000000087800000|  0%| F|  |TAMS 0x0000000087700000, 0x0000000087700000| Untracked 
| 120|0x0000000087800000, 0x0000000087800000, 0x0000000087900000|  0%| F|  |TAMS 0x0000000087800000, 0x0000000087800000| Untracked 
| 121|0x0000000087900000, 0x0000000087900000, 0x0000000087a00000|  0%| F|  |TAMS 0x0000000087900000, 0x0000000087900000| Untracked 
| 122|0x0000000087a00000, 0x0000000087a00000, 0x0000000087b00000|  0%| F|  |TAMS 0x0000000087a00000, 0x0000000087a00000| Untracked 
| 123|0x0000000087b00000, 0x0000000087b00000, 0x0000000087c00000|  0%| F|  |TAMS 0x0000000087b00000, 0x0000000087b00000| Untracked 
| 124|0x0000000087c00000, 0x0000000087c00000, 0x0000000087d00000|  0%| F|  |TAMS 0x0000000087c00000, 0x0000000087c00000| Untracked 
| 125|0x0000000087d00000, 0x0000000087d00000, 0x0000000087e00000|  0%| F|  |TAMS 0x0000000087d00000, 0x0000000087d00000| Untracked 
| 126|0x0000000087e00000, 0x0000000087e00000, 0x0000000087f00000|  0%| F|  |TAMS 0x0000000087e00000, 0x0000000087e00000| Untracked 
| 127|0x0000000087f00000, 0x0000000087f00000, 0x0000000088000000|  0%| F|  |TAMS 0x0000000087f00000, 0x0000000087f00000| Untracked 
| 128|0x0000000088000000, 0x0000000088000000, 0x0000000088100000|  0%| F|  |TAMS 0x0000000088000000, 0x0000000088000000| Untracked 
| 129|0x0000000088100000, 0x0000000088100000, 0x0000000088200000|  0%| F|  |TAMS 0x0000000088100000, 0x0000000088100000| Untracked 
| 130|0x0000000088200000, 0x0000000088200000, 0x0000000088300000|  0%| F|  |TAMS 0x0000000088200000, 0x0000000088200000| Untracked 
| 131|0x0000000088300000, 0x0000000088300000, 0x0000000088400000|  0%| F|  |TAMS 0x0000000088300000, 0x0000000088300000| Untracked 
| 132|0x0000000088400000, 0x0000000088400000, 0x0000000088500000|  0%| F|  |TAMS 0x0000000088400000, 0x0000000088400000| Untracked 
| 133|0x0000000088500000, 0x0000000088500000, 0x0000000088600000|  0%| F|  |TAMS 0x0000000088500000, 0x0000000088500000| Untracked 
| 134|0x0000000088600000, 0x0000000088600000, 0x0000000088700000|  0%| F|  |TAMS 0x0000000088600000, 0x0000000088600000| Untracked 
| 135|0x0000000088700000, 0x0000000088700000, 0x0000000088800000|  0%| F|  |TAMS 0x0000000088700000, 0x0000000088700000| Untracked 
| 136|0x0000000088800000, 0x0000000088800000, 0x0000000088900000|  0%| F|  |TAMS 0x0000000088800000, 0x0000000088800000| Untracked 
| 137|0x0000000088900000, 0x0000000088900000, 0x0000000088a00000|  0%| F|  |TAMS 0x0000000088900000, 0x0000000088900000| Untracked 
| 138|0x0000000088a00000, 0x0000000088a00000, 0x0000000088b00000|  0%| F|  |TAMS 0x0000000088a00000, 0x0000000088a00000| Untracked 
| 139|0x0000000088b00000, 0x0000000088b00000, 0x0000000088c00000|  0%| F|  |TAMS 0x0000000088b00000, 0x0000000088b00000| Untracked 
| 140|0x0000000088c00000, 0x0000000088c00000, 0x0000000088d00000|  0%| F|  |TAMS 0x0000000088c00000, 0x0000000088c00000| Untracked 
| 141|0x0000000088d00000, 0x0000000088d00000, 0x0000000088e00000|  0%| F|  |TAMS 0x0000000088d00000, 0x0000000088d00000| Untracked 
| 142|0x0000000088e00000, 0x0000000088e00000, 0x0000000088f00000|  0%| F|  |TAMS 0x0000000088e00000, 0x0000000088e00000| Untracked 
| 143|0x0000000088f00000, 0x0000000088f00000, 0x0000000089000000|  0%| F|  |TAMS 0x0000000088f00000, 0x0000000088f00000| Untracked 
| 144|0x0000000089000000, 0x0000000089000000, 0x0000000089100000|  0%| F|  |TAMS 0x0000000089000000, 0x0000000089000000| Untracked 
| 145|0x0000000089100000, 0x0000000089100000, 0x0000000089200000|  0%| F|  |TAMS 0x0000000089100000, 0x0000000089100000| Untracked 
| 146|0x0000000089200000, 0x0000000089200000, 0x0000000089300000|  0%| F|  |TAMS 0x0000000089200000, 0x0000000089200000| Untracked 
| 147|0x0000000089300000, 0x0000000089300000, 0x0000000089400000|  0%| F|  |TAMS 0x0000000089300000, 0x0000000089300000| Untracked 
| 148|0x0000000089400000, 0x0000000089400000, 0x0000000089500000|  0%| F|  |TAMS 0x0000000089400000, 0x0000000089400000| Untracked 
| 149|0x0000000089500000, 0x0000000089500000, 0x0000000089600000|  0%| F|  |TAMS 0x0000000089500000, 0x0000000089500000| Untracked 
| 150|0x0000000089600000, 0x0000000089600000, 0x0000000089700000|  0%| F|  |TAMS 0x0000000089600000, 0x0000000089600000| Untracked 
| 151|0x0000000089700000, 0x0000000089700000, 0x0000000089800000|  0%| F|  |TAMS 0x0000000089700000, 0x0000000089700000| Untracked 
| 152|0x0000000089800000, 0x0000000089800000, 0x0000000089900000|  0%| F|  |TAMS 0x0000000089800000, 0x0000000089800000| Untracked 
| 153|0x0000000089900000, 0x0000000089900000, 0x0000000089a00000|  0%| F|  |TAMS 0x0000000089900000, 0x0000000089900000| Untracked 
| 154|0x0000000089a00000, 0x0000000089a00000, 0x0000000089b00000|  0%| F|  |TAMS 0x0000000089a00000, 0x0000000089a00000| Untracked 
| 155|0x0000000089b00000, 0x0000000089b00000, 0x0000000089c00000|  0%| F|  |TAMS 0x0000000089b00000, 0x0000000089b00000| Untracked 
| 156|0x0000000089c00000, 0x0000000089c00000, 0x0000000089d00000|  0%| F|  |TAMS 0x0000000089c00000, 0x0000000089c00000| Untracked 
| 157|0x0000000089d00000, 0x0000000089d00000, 0x0000000089e00000|  0%| F|  |TAMS 0x0000000089d00000, 0x0000000089d00000| Untracked 
| 158|0x0000000089e00000, 0x0000000089e00000, 0x0000000089f00000|  0%| F|  |TAMS 0x0000000089e00000, 0x0000000089e00000| Untracked 
| 159|0x0000000089f00000, 0x0000000089f00000, 0x000000008a000000|  0%| F|  |TAMS 0x0000000089f00000, 0x0000000089f00000| Untracked 
| 160|0x000000008a000000, 0x000000008a000000, 0x000000008a100000|  0%| F|  |TAMS 0x000000008a000000, 0x000000008a000000| Untracked 
| 161|0x000000008a100000, 0x000000008a100000, 0x000000008a200000|  0%| F|  |TAMS 0x000000008a100000, 0x000000008a100000| Untracked 
| 162|0x000000008a200000, 0x000000008a200000, 0x000000008a300000|  0%| F|  |TAMS 0x000000008a200000, 0x000000008a200000| Untracked 
| 163|0x000000008a300000, 0x000000008a300000, 0x000000008a400000|  0%| F|  |TAMS 0x000000008a300000, 0x000000008a300000| Untracked 
| 164|0x000000008a400000, 0x000000008a400000, 0x000000008a500000|  0%| F|  |TAMS 0x000000008a400000, 0x000000008a400000| Untracked 
| 165|0x000000008a500000, 0x000000008a500000, 0x000000008a600000|  0%| F|  |TAMS 0x000000008a500000, 0x000000008a500000| Untracked 
| 166|0x000000008a600000, 0x000000008a600000, 0x000000008a700000|  0%| F|  |TAMS 0x000000008a600000, 0x000000008a600000| Untracked 
| 167|0x000000008a700000, 0x000000008a780c50, 0x000000008a800000| 50%| E|  |TAMS 0x000000008a700000, 0x000000008a700000| Complete 
| 168|0x000000008a800000, 0x000000008a900000, 0x000000008a900000|100%| E|CS|TAMS 0x000000008a800000, 0x000000008a800000| Complete 
| 169|0x000000008a900000, 0x000000008aa00000, 0x000000008aa00000|100%| E|CS|TAMS 0x000000008a900000, 0x000000008a900000| Complete 
| 170|0x000000008aa00000, 0x000000008ab00000, 0x000000008ab00000|100%| E|CS|TAMS 0x000000008aa00000, 0x000000008aa00000| Complete 
| 171|0x000000008ab00000, 0x000000008ac00000, 0x000000008ac00000|100%| E|CS|TAMS 0x000000008ab00000, 0x000000008ab00000| Complete 
| 172|0x000000008ac00000, 0x000000008ad00000, 0x000000008ad00000|100%| E|CS|TAMS 0x000000008ac00000, 0x000000008ac00000| Complete 
| 173|0x000000008ad00000, 0x000000008ae00000, 0x000000008ae00000|100%| E|CS|TAMS 0x000000008ad00000, 0x000000008ad00000| Complete 
| 174|0x000000008ae00000, 0x000000008af00000, 0x000000008af00000|100%| E|CS|TAMS 0x000000008ae00000, 0x000000008ae00000| Complete 
| 175|0x000000008af00000, 0x000000008b000000, 0x000000008b000000|100%| E|CS|TAMS 0x000000008af00000, 0x000000008af00000| Complete 
| 176|0x000000008b000000, 0x000000008b100000, 0x000000008b100000|100%| E|CS|TAMS 0x000000008b000000, 0x000000008b000000| Complete 
| 177|0x000000008b100000, 0x000000008b200000, 0x000000008b200000|100%| E|CS|TAMS 0x000000008b100000, 0x000000008b100000| Complete 
| 178|0x000000008b200000, 0x000000008b300000, 0x000000008b300000|100%| E|CS|TAMS 0x000000008b200000, 0x000000008b200000| Complete 
| 179|0x000000008b300000, 0x000000008b400000, 0x000000008b400000|100%| E|CS|TAMS 0x000000008b300000, 0x000000008b300000| Complete 
| 180|0x000000008b400000, 0x000000008b500000, 0x000000008b500000|100%| E|CS|TAMS 0x000000008b400000, 0x000000008b400000| Complete 
| 181|0x000000008b500000, 0x000000008b600000, 0x000000008b600000|100%| E|CS|TAMS 0x000000008b500000, 0x000000008b500000| Complete 
| 182|0x000000008b600000, 0x000000008b700000, 0x000000008b700000|100%| E|CS|TAMS 0x000000008b600000, 0x000000008b600000| Complete 
| 183|0x000000008b700000, 0x000000008b800000, 0x000000008b800000|100%| E|CS|TAMS 0x000000008b700000, 0x000000008b700000| Complete 
| 184|0x000000008b800000, 0x000000008b900000, 0x000000008b900000|100%| E|CS|TAMS 0x000000008b800000, 0x000000008b800000| Complete 
| 185|0x000000008b900000, 0x000000008ba00000, 0x000000008ba00000|100%| E|  |TAMS 0x000000008b900000, 0x000000008b900000| Complete 
| 186|0x000000008ba00000, 0x000000008bb00000, 0x000000008bb00000|100%| E|CS|TAMS 0x000000008ba00000, 0x000000008ba00000| Complete 
| 187|0x000000008bb00000, 0x000000008bc00000, 0x000000008bc00000|100%| E|CS|TAMS 0x000000008bb00000, 0x000000008bb00000| Complete 
| 188|0x000000008bc00000, 0x000000008bd00000, 0x000000008bd00000|100%| E|CS|TAMS 0x000000008bc00000, 0x000000008bc00000| Complete 
| 189|0x000000008bd00000, 0x000000008be00000, 0x000000008be00000|100%| E|CS|TAMS 0x000000008bd00000, 0x000000008bd00000| Complete 
| 190|0x000000008be00000, 0x000000008bf00000, 0x000000008bf00000|100%| E|CS|TAMS 0x000000008be00000, 0x000000008be00000| Complete 
| 191|0x000000008bf00000, 0x000000008c000000, 0x000000008c000000|100%| E|CS|TAMS 0x000000008bf00000, 0x000000008bf00000| Complete 

Card table byte_map: [0x0000014d67930000,0x0000014d67d30000] _byte_map_base: 0x0000014d67530000

Marking Bits (Prev, Next): (CMBitMap*) 0x0000014d54768e00, (CMBitMap*) 0x0000014d54768dc8
 Prev Bits: [0x0000014d6a130000, 0x0000014d6c130000)
 Next Bits: [0x0000014d68130000, 0x0000014d6a130000)

Polling page: 0x0000014d53ef0000

Metaspace:

Usage:
  Non-class:     77.26 MB capacity,    75.81 MB ( 98%) used,     1.20 MB (  2%) free+waste,   256.00 KB ( <1%) overhead. 
      Class:     11.91 MB capacity,    11.15 MB ( 94%) used,   660.45 KB (  5%) free+waste,   115.31 KB ( <1%) overhead. 
       Both:     89.17 MB capacity,    86.96 MB ( 98%) used,     1.84 MB (  2%) free+waste,   371.31 KB ( <1%) overhead. 

Virtual space:
  Non-class space:       78.00 MB reserved,      77.50 MB (>99%) committed 
      Class space:        1.00 GB reserved,      11.95 MB (  1%) committed 
             Both:        1.08 GB reserved,      89.45 MB (  8%) committed 

Chunk freelists:
   Non-Class:  54.00 KB
       Class:  0 bytes
        Both:  54.00 KB

MaxMetaspaceSize: 17179869184.00 GB
CompressedClassSpaceSize: 1.00 GB

CodeHeap 'non-profiled nmethods': size=120000Kb used=6690Kb max_used=6690Kb free=113309Kb
 bounds [0x0000014d5fcd0000, 0x0000014d60360000, 0x0000014d67200000]
CodeHeap 'profiled nmethods': size=120000Kb used=23192Kb max_used=23192Kb free=96807Kb
 bounds [0x0000014d587a0000, 0x0000014d59e50000, 0x0000014d5fcd0000]
CodeHeap 'non-nmethods': size=5760Kb used=2291Kb max_used=2349Kb free=3468Kb
 bounds [0x0000014d58200000, 0x0000014d58470000, 0x0000014d587a0000]
 total_blobs=11732 nmethods=10835 adapters=808
 compilation: enabled
              stopped_count=0, restarted_count=0
 full_count=0

Compilation events (20 events):
Event: 23.689 Thread 0x0000014d6f440800 10945       3       org.apache.tools.zip.ZipEntry::hashCode (8 bytes)
Event: 23.689 Thread 0x0000014d6f440800 nmethod 10945 0x0000014d59e3eb90 code [0x0000014d59e3ed60, 0x0000014d59e3efe8]
Event: 23.689 Thread 0x0000014d6f440800 10949   !   3       org.apache.tools.zip.ExtraFieldUtils::parse (349 bytes)
Event: 23.693 Thread 0x0000014d6f440800 nmethod 10949 0x0000014d59e3f110 code [0x0000014d59e3f5e0, 0x0000014d59e418c8]
Event: 23.693 Thread 0x0000014d6f440800 10952       3       org.apache.tools.zip.ZipShort::getValue (6 bytes)
Event: 23.694 Thread 0x0000014d6f440800 nmethod 10952 0x0000014d59e42810 code [0x0000014d59e429c0, 0x0000014d59e42b38]
Event: 23.694 Thread 0x0000014d6f440800 10950       3       org.apache.tools.zip.ZipEntry::mergeExtraFields (154 bytes)
Event: 23.696 Thread 0x0000014d6f440800 nmethod 10950 0x0000014d59e42c90 code [0x0000014d59e42fa0, 0x0000014d59e44318]
Event: 23.696 Thread 0x0000014d6f440800 10951       3       org.apache.tools.zip.ZipEntry::setExtra (13 bytes)
Event: 23.698 Thread 0x0000014d6f440800 nmethod 10951 0x0000014d59e44890 code [0x0000014d59e44ac0, 0x0000014d59e45198]
Event: 23.698 Thread 0x0000014d6f440800 10947       1       org.apache.tools.zip.ZipFile$NameAndComment::access$400 (5 bytes)
Event: 23.698 Thread 0x0000014d6f440800 nmethod 10947 0x0000014d60357f90 code [0x0000014d60358140, 0x0000014d603581d8]
Event: 23.698 Thread 0x0000014d6f440800 10948       1       org.apache.tools.zip.ZipFile$NameAndComment::access$500 (5 bytes)
Event: 23.698 Thread 0x0000014d6f440800 nmethod 10948 0x0000014d60358290 code [0x0000014d60358440, 0x0000014d603584d8]
Event: 23.698 Thread 0x0000014d6f440800 10940       3       java.util.Calendar::isPartiallyNormalized (20 bytes)
Event: 23.698 Thread 0x0000014d6f440800 nmethod 10940 0x0000014d59e45410 code [0x0000014d59e455c0, 0x0000014d59e45758]
Event: 23.698 Thread 0x0000014d6f440800 10941       3       java.lang.invoke.MethodHandle::bindArgumentL (10 bytes)
Event: 23.699 Thread 0x0000014d6f440800 nmethod 10941 0x0000014d59e45810 code [0x0000014d59e45a20, 0x0000014d59e46088]
Event: 23.699 Thread 0x0000014d6f440800 10946       1       org.apache.tools.zip.ZipFile$Entry::getOffsetEntry (5 bytes)
Event: 23.699 Thread 0x0000014d6f440800 nmethod 10946 0x0000014d60358590 code [0x0000014d60358740, 0x0000014d603587f8]

GC Heap History (20 events):
Event: 4.551 GC heap before
{Heap before GC invocations=4 (full 0):
 garbage-first heap   total 196608K, used 85701K [0x0000000080000000, 0x0000000100000000)
  region size 1024K, 69 young (70656K), 2 survivors (2048K)
 Metaspace       used 35025K, capacity 35830K, committed 35840K, reserved 1081344K
  class space    used 4539K, capacity 4864K, committed 4864K, reserved 1048576K
}
Event: 4.562 GC heap after
{Heap after GC invocations=5 (full 0):
 garbage-first heap   total 196608K, used 21600K [0x0000000080000000, 0x0000000100000000)
  region size 1024K, 6 young (6144K), 6 survivors (6144K)
 Metaspace       used 35025K, capacity 35830K, committed 35840K, reserved 1081344K
  class space    used 4539K, capacity 4864K, committed 4864K, reserved 1048576K
}
Event: 6.014 GC heap before
{Heap before GC invocations=6 (full 0):
 garbage-first heap   total 196608K, used 122976K [0x0000000080000000, 0x0000000100000000)
  region size 1024K, 102 young (104448K), 6 survivors (6144K)
 Metaspace       used 43047K, capacity 44085K, committed 44364K, reserved 1087488K
  class space    used 5494K, capacity 5855K, committed 5964K, reserved 1048576K
}
Event: 6.026 GC heap after
{Heap after GC invocations=7 (full 0):
 garbage-first heap   total 196608K, used 27800K [0x0000000080000000, 0x0000000100000000)
  region size 1024K, 12 young (12288K), 12 survivors (12288K)
 Metaspace       used 43047K, capacity 44085K, committed 44364K, reserved 1087488K
  class space    used 5494K, capacity 5855K, committed 5964K, reserved 1048576K
}
Event: 7.996 GC heap before
{Heap before GC invocations=7 (full 0):
 garbage-first heap   total 196608K, used 132248K [0x0000000080000000, 0x0000000100000000)
  region size 1024K, 111 young (113664K), 12 survivors (12288K)
 Metaspace       used 50272K, capacity 51549K, committed 51788K, reserved 1093632K
  class space    used 6419K, capacity 6878K, committed 6988K, reserved 1048576K
}
Event: 8.016 GC heap after
{Heap after GC invocations=8 (full 0):
 garbage-first heap   total 196608K, used 40555K [0x0000000080000000, 0x0000000100000000)
  region size 1024K, 14 young (14336K), 14 survivors (14336K)
 Metaspace       used 50272K, capacity 51549K, committed 51788K, reserved 1093632K
  class space    used 6419K, capacity 6878K, committed 6988K, reserved 1048576K
}
Event: 9.332 GC heap before
{Heap before GC invocations=8 (full 0):
 garbage-first heap   total 196608K, used 90731K [0x0000000080000000, 0x0000000100000000)
  region size 1024K, 64 young (65536K), 14 survivors (14336K)
 Metaspace       used 58615K, capacity 60136K, committed 60236K, reserved 1101824K
  class space    used 7407K, capacity 7967K, committed 8012K, reserved 1048576K
}
Event: 9.362 GC heap after
{Heap after GC invocations=9 (full 0):
 garbage-first heap   total 196608K, used 44299K [0x0000000080000000, 0x0000000100000000)
  region size 1024K, 4 young (4096K), 4 survivors (4096K)
 Metaspace       used 58615K, capacity 60136K, committed 60236K, reserved 1101824K
  class space    used 7407K, capacity 7967K, committed 8012K, reserved 1048576K
}
Event: 10.902 GC heap before
{Heap before GC invocations=10 (full 0):
 garbage-first heap   total 196608K, used 124171K [0x0000000080000000, 0x0000000100000000)
  region size 1024K, 82 young (83968K), 4 survivors (4096K)
 Metaspace       used 64377K, capacity 66052K, committed 66124K, reserved 1105920K
  class space    used 8150K, capacity 8752K, committed 8780K, reserved 1048576K
}
Event: 10.911 GC heap after
{Heap after GC invocations=11 (full 0):
 garbage-first heap   total 196608K, used 50604K [0x0000000080000000, 0x0000000100000000)
  region size 1024K, 10 young (10240K), 10 survivors (10240K)
 Metaspace       used 64377K, capacity 66052K, committed 66124K, reserved 1105920K
  class space    used 8150K, capacity 8752K, committed 8780K, reserved 1048576K
}
Event: 12.691 GC heap before
{Heap before GC invocations=11 (full 0):
 garbage-first heap   total 196608K, used 130476K [0x0000000080000000, 0x0000000100000000)
  region size 1024K, 88 young (90112K), 10 survivors (10240K)
 Metaspace       used 72536K, capacity 74338K, committed 74572K, reserved 1114112K
  class space    used 9377K, capacity 10000K, committed 10060K, reserved 1048576K
}
Event: 12.702 GC heap after
{Heap after GC invocations=12 (full 0):
 garbage-first heap   total 196608K, used 55490K [0x0000000080000000, 0x0000000100000000)
  region size 1024K, 6 young (6144K), 6 survivors (6144K)
 Metaspace       used 72536K, capacity 74338K, committed 74572K, reserved 1114112K
  class space    used 9377K, capacity 10000K, committed 10060K, reserved 1048576K
}
Event: 15.331 GC heap before
{Heap before GC invocations=12 (full 0):
 garbage-first heap   total 196608K, used 136386K [0x0000000080000000, 0x0000000100000000)
  region size 1024K, 86 young (88064K), 6 survivors (6144K)
 Metaspace       used 81094K, capacity 83272K, committed 83532K, reserved 1122304K
  class space    used 10522K, capacity 11279K, committed 11340K, reserved 1048576K
}
Event: 15.343 GC heap after
{Heap after GC invocations=13 (full 0):
 garbage-first heap   total 196608K, used 62643K [0x0000000080000000, 0x0000000100000000)
  region size 1024K, 11 young (11264K), 11 survivors (11264K)
 Metaspace       used 81094K, capacity 83272K, committed 83532K, reserved 1122304K
  class space    used 10522K, capacity 11279K, committed 11340K, reserved 1048576K
}
Event: 17.187 GC heap before
{Heap before GC invocations=13 (full 0):
 garbage-first heap   total 196608K, used 141491K [0x0000000080000000, 0x0000000100000000)
  region size 1024K, 89 young (91136K), 11 survivors (11264K)
 Metaspace       used 82320K, capacity 84595K, committed 84684K, reserved 1122304K
  class space    used 10623K, capacity 11454K, committed 11468K, reserved 1048576K
}
Event: 17.206 GC heap after
{Heap after GC invocations=14 (full 0):
 garbage-first heap   total 196608K, used 68711K [0x0000000080000000, 0x0000000100000000)
  region size 1024K, 6 young (6144K), 6 survivors (6144K)
 Metaspace       used 82320K, capacity 84595K, committed 84684K, reserved 1122304K
  class space    used 10623K, capacity 11454K, committed 11468K, reserved 1048576K
}
Event: 18.022 GC heap before
{Heap before GC invocations=14 (full 0):
 garbage-first heap   total 196608K, used 146535K [0x0000000080000000, 0x0000000100000000)
  region size 1024K, 83 young (84992K), 6 survivors (6144K)
 Metaspace       used 85003K, capacity 87157K, committed 87372K, reserved 1124352K
  class space    used 10951K, capacity 11768K, committed 11852K, reserved 1048576K
}
Event: 18.031 GC heap after
{Heap after GC invocations=15 (full 0):
 garbage-first heap   total 196608K, used 70971K [0x0000000080000000, 0x0000000100000000)
  region size 1024K, 9 young (9216K), 9 survivors (9216K)
 Metaspace       used 85003K, capacity 87157K, committed 87372K, reserved 1124352K
  class space    used 10951K, capacity 11768K, committed 11852K, reserved 1048576K
}
Event: 22.953 GC heap before
{Heap before GC invocations=15 (full 0):
 garbage-first heap   total 196608K, used 148795K [0x0000000080000000, 0x0000000100000000)
  region size 1024K, 86 young (88064K), 9 survivors (9216K)
 Metaspace       used 88092K, capacity 90349K, committed 90572K, reserved 1128448K
  class space    used 11309K, capacity 12131K, committed 12236K, reserved 1048576K
}
Event: 22.967 GC heap after
{Heap after GC invocations=16 (full 0):
 garbage-first heap   total 196608K, used 75730K [0x0000000080000000, 0x0000000100000000)
  region size 1024K, 9 young (9216K), 9 survivors (9216K)
 Metaspace       used 88092K, capacity 90349K, committed 90572K, reserved 1128448K
  class space    used 11309K, capacity 12131K, committed 12236K, reserved 1048576K
}

Deoptimization events (20 events):
Event: 23.190 Thread 0x0000014d77df2800 DEOPT PACKING pc=0x0000014d602605b0 sp=0x000000212d0fbfd0
Event: 23.190 Thread 0x0000014d77df2800 DEOPT UNPACKING pc=0x0000014d582278af sp=0x000000212d0fbd98 mode 2
Event: 23.190 Thread 0x0000014d77df2800 Uncommon trap: trap_request=0xffffffde fr.pc=0x0000014d602605b0 relative=0x0000000000006570
Event: 23.190 Thread 0x0000014d77df2800 Uncommon trap: reason=class_check action=maybe_recompile pc=0x0000014d602605b0 method=org.gradle.internal.fingerprint.DirectorySensitivity.shouldFingerprint(Lorg/gradle/internal/snapshot/FileSystemLocationSnapshot;)Z @ 5 c2
Event: 23.190 Thread 0x0000014d77df2800 DEOPT PACKING pc=0x0000014d602605b0 sp=0x000000212d0fbdf0
Event: 23.190 Thread 0x0000014d77df2800 DEOPT UNPACKING pc=0x0000014d582278af sp=0x000000212d0fbbb8 mode 2
Event: 23.190 Thread 0x0000014d77df2800 Uncommon trap: trap_request=0xffffffde fr.pc=0x0000014d602605b0 relative=0x0000000000006570
Event: 23.190 Thread 0x0000014d77df2800 Uncommon trap: reason=class_check action=maybe_recompile pc=0x0000014d602605b0 method=org.gradle.internal.fingerprint.DirectorySensitivity.shouldFingerprint(Lorg/gradle/internal/snapshot/FileSystemLocationSnapshot;)Z @ 5 c2
Event: 23.190 Thread 0x0000014d77df2800 DEOPT PACKING pc=0x0000014d602605b0 sp=0x000000212d0fc1b0
Event: 23.190 Thread 0x0000014d77df2800 DEOPT UNPACKING pc=0x0000014d582278af sp=0x000000212d0fbf78 mode 2
Event: 23.251 Thread 0x0000014d77df2800 DEOPT PACKING pc=0x0000014d599e8dd5 sp=0x000000212d0f97b0
Event: 23.251 Thread 0x0000014d77df2800 DEOPT UNPACKING pc=0x0000014d582276ce sp=0x000000212d0f8cd0 mode 0
Event: 23.531 Thread 0x0000014d77df2800 Uncommon trap: trap_request=0xfffffff4 fr.pc=0x0000014d6031e2fc relative=0x00000000000004bc
Event: 23.531 Thread 0x0000014d749e3800 Uncommon trap: trap_request=0xfffffff4 fr.pc=0x0000014d6031e2fc relative=0x00000000000004bc
Event: 23.531 Thread 0x0000014d77df2800 Uncommon trap: reason=null_check action=make_not_entrant pc=0x0000014d6031e2fc method=org.gradle.tooling.internal.provider.runner.SubtreeFilteringBuildOperationListener.finished(Lorg/gradle/internal/operations/BuildOperationDescriptor;Lorg/gradle/internal
Event: 23.531 Thread 0x0000014d749e3800 Uncommon trap: reason=null_check action=make_not_entrant pc=0x0000014d6031e2fc method=org.gradle.tooling.internal.provider.runner.SubtreeFilteringBuildOperationListener.finished(Lorg/gradle/internal/operations/BuildOperationDescriptor;Lorg/gradle/internal
Event: 23.531 Thread 0x0000014d749e3800 DEOPT PACKING pc=0x0000014d6031e2fc sp=0x000000212bafe6a0
Event: 23.531 Thread 0x0000014d77df2800 DEOPT PACKING pc=0x0000014d6031e2fc sp=0x000000212d0f8d40
Event: 23.531 Thread 0x0000014d749e3800 DEOPT UNPACKING pc=0x0000014d582278af sp=0x000000212bafe638 mode 2
Event: 23.531 Thread 0x0000014d77df2800 DEOPT UNPACKING pc=0x0000014d582278af sp=0x000000212d0f8cd8 mode 2

Classes redefined (0 events):
No events

Internal exceptions (20 events):
Event: 17.225 Thread 0x0000014d77df2800 Exception <a 'java/lang/NoSuchMethodError'{0x000000008be18808}: <clinit>> (0x000000008be18808) thrown at [./src/hotspot/share/prims/jni.cpp, line 1362]
Event: 17.232 Thread 0x0000014d77df2800 Exception <a 'java/lang/NoSuchMethodError'{0x000000008be53e00}: <clinit>> (0x000000008be53e00) thrown at [./src/hotspot/share/prims/jni.cpp, line 1362]
Event: 17.238 Thread 0x0000014d77df2800 Exception <a 'java/lang/NoSuchMethodError'{0x000000008be82320}: <clinit>> (0x000000008be82320) thrown at [./src/hotspot/share/prims/jni.cpp, line 1362]
Event: 17.242 Thread 0x0000014d77df2800 Exception <a 'java/lang/NoSuchMethodError'{0x000000008be94e78}: <clinit>> (0x000000008be94e78) thrown at [./src/hotspot/share/prims/jni.cpp, line 1362]
Event: 17.575 Thread 0x0000014d77df0000 Exception <a 'java/lang/NoSuchMethodError'{0x000000008a1dab38}: 'int java.lang.invoke.DirectMethodHandle$Holder.invokeSpecial(java.lang.Object, java.lang.Object, java.lang.Object, java.lang.Object, java.lang.Object)'> (0x000000008a1dab38) thrown at [./src/hotspot/share/interpreter/linkResolver.cpp, line 773]
Event: 17.839 Thread 0x0000014d749df000 Implicit null exception at 0x0000014d6026e445 to 0x0000014d6026ecec
Event: 18.965 Thread 0x0000014d77df7800 Exception <a 'java/lang/NoSuchMethodError'{0x000000008ab6ce98}: 'void java.lang.invoke.DirectMethodHandle$Holder.invokeStatic(java.lang.Object, long)'> (0x000000008ab6ce98) thrown at [./src/hotspot/share/interpreter/linkResolver.cpp, line 773]
Event: 18.966 Thread 0x0000014d77df7800 Exception <a 'java/lang/NoSuchMethodError'{0x000000008ab720b0}: 'java.lang.Object java.lang.invoke.DirectMethodHandle$Holder.invokeStatic(java.lang.Object, long)'> (0x000000008ab720b0) thrown at [./src/hotspot/share/interpreter/linkResolver.cpp, line 773]
Event: 18.978 Thread 0x0000014d77df7800 Exception <a 'java/lang/NoSuchMethodError'{0x000000008ab80418}: 'java.lang.Object java.lang.invoke.DirectMethodHandle$Holder.invokeStaticInit(java.lang.Object, java.lang.Object, long, java.lang.Object)'> (0x000000008ab80418) thrown at [./src/hotspot/share/interpreter/linkResolver.cpp, line 773]
Event: 18.980 Thread 0x0000014d77df7800 Exception <a 'java/lang/NoSuchMethodError'{0x000000008ab865b0}: 'java.lang.Object java.lang.invoke.DirectMethodHandle$Holder.invokeStatic(java.lang.Object, java.lang.Object, long)'> (0x000000008ab865b0) thrown at [./src/hotspot/share/interpreter/linkResolver.cpp, line 773]
Event: 18.982 Thread 0x0000014d77df7800 Exception <a 'java/lang/NoSuchMethodError'{0x000000008ab8cb28}: 'java.lang.Object java.lang.invoke.Invokers$Holder.linkToTargetMethod(java.lang.Object, long, java.lang.Object)'> (0x000000008ab8cb28) thrown at [./src/hotspot/share/interpreter/linkResolver.cpp, line 773]
Event: 19.306 Thread 0x0000014d77df7800 Exception <a 'java/lang/NoSuchMethodError'{0x000000008aae74e0}: 'int java.lang.invoke.DirectMethodHandle$Holder.invokeSpecialIFC(java.lang.Object, java.lang.Object, java.lang.Object)'> (0x000000008aae74e0) thrown at [./src/hotspot/share/interpreter/linkResolver.cpp, line 773]
Event: 22.078 Thread 0x0000014d77df7800 Exception <a 'sun/nio/fs/WindowsException'{0x000000008937fbf0}> (0x000000008937fbf0) thrown at [./src/hotspot/share/prims/jni.cpp, line 615]
Event: 22.081 Thread 0x0000014d77df7800 Exception <a 'sun/nio/fs/WindowsException'{0x0000000089397b10}> (0x0000000089397b10) thrown at [./src/hotspot/share/prims/jni.cpp, line 615]
Event: 22.082 Thread 0x0000014d77df7800 Exception <a 'sun/nio/fs/WindowsException'{0x0000000089397bf8}> (0x0000000089397bf8) thrown at [./src/hotspot/share/prims/jni.cpp, line 615]
Event: 22.214 Thread 0x0000014d77df7800 Implicit null exception at 0x0000014d602e7ef8 to 0x0000014d602e8070
Event: 22.214 Thread 0x0000014d77df7800 Implicit null exception at 0x0000014d602ea0df to 0x0000014d602ea230
Event: 22.486 Thread 0x0000014d77df2800 Exception <a 'java/lang/NoSuchMethodError'{0x00000000882a1b98}: 'void java.lang.invoke.DirectMethodHandle$Holder.invokeStatic(java.lang.Object, java.lang.Object, java.lang.Object, java.lang.Object, java.lang.Object, java.lang.Object, java.lang.Object)'> (0x00000000882a1b98) thrown at [./src/hotspot/share/interpreter/linkResolver.cpp, line 773]
Event: 23.531 Thread 0x0000014d77df2800 Implicit null exception at 0x0000014d6031ded2 to 0x0000014d6031e2d4
Event: 23.531 Thread 0x0000014d749e3800 Implicit null exception at 0x0000014d6031ded2 to 0x0000014d6031e2d4

Events (20 events):
Event: 23.636 loading class org/apache/tools/zip/JarMarker
Event: 23.636 loading class org/apache/tools/zip/JarMarker done
Event: 23.637 loading class org/apache/tools/zip/Zip64ExtendedInformationExtraField
Event: 23.637 loading class org/apache/tools/zip/Zip64ExtendedInformationExtraField done
Event: 23.637 loading class org/apache/tools/zip/CentralDirectoryParsingZipExtraField
Event: 23.637 loading class org/apache/tools/zip/CentralDirectoryParsingZipExtraField done
Event: 23.638 loading class org/apache/tools/zip/ZipEightByteInteger
Event: 23.638 loading class org/apache/tools/zip/ZipEightByteInteger done
Event: 23.639 loading class org/apache/tools/zip/ZipFile$NameAndComment
Event: 23.639 loading class org/apache/tools/zip/ZipFile$NameAndComment done
Event: 23.694 loading class org/gradle/api/internal/file/archive/ZipFileTree$DetailsImpl
Event: 23.694 loading class org/gradle/api/internal/file/archive/ZipFileTree$DetailsImpl done
Event: 23.698 loading class org/gradle/internal/hash/HashCode
Event: 23.698 loading class org/gradle/internal/hash/HashCode done
Event: 23.698 loading class org/gradle/api/internal/tasks/compile/incremental/deps/ClassAnalysis
Event: 23.698 loading class org/gradle/api/internal/tasks/compile/incremental/deps/ClassAnalysis done
Event: 23.699 loading class org/gradle/api/internal/tasks/compile/incremental/deps/ClassAnalysis
Event: 23.699 loading class org/gradle/api/internal/tasks/compile/incremental/deps/ClassAnalysis done
Event: 23.699 loading class org/gradle/api/internal/tasks/compile/incremental/analyzer/CachingClassDependenciesAnalyzer
Event: 23.699 loading class org/gradle/api/internal/tasks/compile/incremental/analyzer/CachingClassDependenciesAnalyzer done


Dynamic libraries:
0x00007ff7eaa10000 - 0x00007ff7eaa1a000 	D:\androi studio\jre\bin\java.exe
0x00007ffcdf400000 - 0x00007ffcdf60f000 	C:\WINDOWS\SYSTEM32\ntdll.dll
0x00007ffcde7c0000 - 0x00007ffcde87d000 	C:\WINDOWS\System32\KERNEL32.DLL
0x00007ffcdcbc0000 - 0x00007ffcdcf43000 	C:\WINDOWS\System32\KERNELBASE.dll
0x00007ffcd9a70000 - 0x00007ffcd9b02000 	C:\WINDOWS\SYSTEM32\apphelp.dll
0x00007ffcdd170000 - 0x00007ffcdd281000 	C:\WINDOWS\System32\ucrtbase.dll
0x00007ffccd4f0000 - 0x00007ffccd509000 	D:\androi studio\jre\bin\jli.dll
0x00007ffccc820000 - 0x00007ffccc837000 	D:\androi studio\jre\bin\VCRUNTIME140.dll
0x00007ffcde580000 - 0x00007ffcde72b000 	C:\WINDOWS\System32\USER32.dll
0x00007ffcdd0b0000 - 0x00007ffcdd0d6000 	C:\WINDOWS\System32\win32u.dll
0x00007ffcb3d10000 - 0x00007ffcb3fb1000 	C:\WINDOWS\WinSxS\amd64_microsoft.windows.common-controls_6595b64144ccf1df_6.0.22463.1000_none_23c1f42dacbc77da\COMCTL32.dll
0x00007ffcde970000 - 0x00007ffcde999000 	C:\WINDOWS\System32\GDI32.dll
0x00007ffcde430000 - 0x00007ffcde4d4000 	C:\WINDOWS\System32\msvcrt.dll
0x00007ffcdc8d0000 - 0x00007ffcdc9e7000 	C:\WINDOWS\System32\gdi32full.dll
0x00007ffcdcb20000 - 0x00007ffcdcbbb000 	C:\WINDOWS\System32\msvcp_win.dll
0x00007ffcdd750000 - 0x00007ffcdd781000 	C:\WINDOWS\System32\IMM32.DLL
0x00007ffcb2180000 - 0x00007ffcb221d000 	D:\androi studio\jre\bin\msvcp140.dll
0x00007ffc59980000 - 0x00007ffc5a44f000 	D:\androi studio\jre\bin\server\jvm.dll
0x00007ffcdef30000 - 0x00007ffcdefdf000 	C:\WINDOWS\System32\ADVAPI32.dll
0x00007ffcde4e0000 - 0x00007ffcde57f000 	C:\WINDOWS\System32\sechost.dll
0x00007ffcde9b0000 - 0x00007ffcdeace000 	C:\WINDOWS\System32\RPCRT4.dll
0x00007ffcded50000 - 0x00007ffcded58000 	C:\WINDOWS\System32\PSAPI.DLL
0x00007ffccbe70000 - 0x00007ffccbea3000 	C:\WINDOWS\SYSTEM32\WINMM.dll
0x00007ffcb7b20000 - 0x00007ffcb7b29000 	C:\WINDOWS\SYSTEM32\WSOCK32.dll
0x00007ffcd1390000 - 0x00007ffcd139a000 	C:\WINDOWS\SYSTEM32\VERSION.dll
0x00007ffcdd500000 - 0x00007ffcdd571000 	C:\WINDOWS\System32\WS2_32.dll
0x00007ffcdb9b0000 - 0x00007ffcdb9c8000 	C:\WINDOWS\SYSTEM32\kernel.appcore.dll
0x00007ffcc6d70000 - 0x00007ffcc6d81000 	D:\androi studio\jre\bin\verify.dll
0x00007ffcda4c0000 - 0x00007ffcda6e7000 	C:\WINDOWS\SYSTEM32\DBGHELP.DLL
0x00007ffcdefe0000 - 0x00007ffcdf356000 	C:\WINDOWS\System32\combase.dll
0x00007ffcce020000 - 0x00007ffcce051000 	C:\WINDOWS\SYSTEM32\dbgcore.DLL
0x00007ffcdd0e0000 - 0x00007ffcdd161000 	C:\WINDOWS\System32\bcryptPrimitives.dll
0x00007ffcb7c80000 - 0x00007ffcb7ca9000 	D:\androi studio\jre\bin\java.dll
0x00007ffccd510000 - 0x00007ffccd51b000 	D:\androi studio\jre\bin\jimage.dll
0x00007ffcc3c20000 - 0x00007ffcc3c38000 	D:\androi studio\jre\bin\zip.dll
0x00007ffcdd790000 - 0x00007ffcddf3b000 	C:\WINDOWS\System32\SHELL32.dll
0x00007ffcda940000 - 0x00007ffcdb19a000 	C:\WINDOWS\SYSTEM32\windows.storage.dll
0x00007ffcda7d0000 - 0x00007ffcda938000 	C:\WINDOWS\SYSTEM32\wintypes.dll
0x00007ffcdd580000 - 0x00007ffcdd66e000 	C:\WINDOWS\System32\SHCORE.dll
0x00007ffcdd290000 - 0x00007ffcdd2eb000 	C:\WINDOWS\System32\shlwapi.dll
0x00007ffcdc800000 - 0x00007ffcdc821000 	C:\WINDOWS\SYSTEM32\profapi.dll
0x00007ffcb7c60000 - 0x00007ffcb7c7a000 	D:\androi studio\jre\bin\net.dll
0x00007ffccd2a0000 - 0x00007ffccd3b2000 	C:\WINDOWS\SYSTEM32\WINHTTP.dll
0x00007ffcdbdf0000 - 0x00007ffcdbe59000 	C:\WINDOWS\system32\mswsock.dll
0x00007ffcb7680000 - 0x00007ffcb7694000 	D:\androi studio\jre\bin\nio.dll
0x00007ffca3720000 - 0x00007ffca3747000 	C:\Users\ThanhLong\.gradle\native\8bec1ad78214c89d9ad589b4d07fe93259594b29d510b10fafb7a158f7737e5d\windows-amd64\native-platform.dll
0x00007ffc52a10000 - 0x00007ffc52b4d000 	C:\Users\ThanhLong\.gradle\native\53dbd7edfb1c66fb8903c78663c9afc45aea4f116125fa6feffd364cf09443e8\windows-amd64\native-platform-file-events.dll
0x00007ffccd4a0000 - 0x00007ffccd4aa000 	D:\androi studio\jre\bin\management.dll
0x00007ffcc5250000 - 0x00007ffcc525c000 	D:\androi studio\jre\bin\management_ext.dll
0x00007ffcdc040000 - 0x00007ffcdc058000 	C:\WINDOWS\SYSTEM32\CRYPTSP.dll
0x00007ffcdb910000 - 0x00007ffcdb945000 	C:\WINDOWS\system32\rsaenh.dll
0x00007ffcdbef0000 - 0x00007ffcdbf19000 	C:\WINDOWS\SYSTEM32\USERENV.dll
0x00007ffcdc1c0000 - 0x00007ffcdc1e8000 	C:\WINDOWS\SYSTEM32\bcrypt.dll
0x00007ffcdc060000 - 0x00007ffcdc06c000 	C:\WINDOWS\SYSTEM32\CRYPTBASE.dll
0x00007ffcdb420000 - 0x00007ffcdb44d000 	C:\WINDOWS\SYSTEM32\IPHLPAPI.DLL
0x00007ffcdead0000 - 0x00007ffcdead9000 	C:\WINDOWS\System32\NSI.dll
0x00007ffccb190000 - 0x00007ffccb1a9000 	C:\WINDOWS\SYSTEM32\dhcpcsvc6.DLL
0x00007ffccb170000 - 0x00007ffccb18e000 	C:\WINDOWS\SYSTEM32\dhcpcsvc.DLL
0x00007ffcdb490000 - 0x00007ffcdb583000 	C:\WINDOWS\SYSTEM32\DNSAPI.dll

dbghelp: loaded successfully - version: 4.0.5 - missing functions: none
symbol engine: initialized successfully - sym options: 0x614 - pdb path: .;D:\androi studio\jre\bin;C:\WINDOWS\SYSTEM32;C:\WINDOWS\WinSxS\amd64_microsoft.windows.common-controls_6595b64144ccf1df_6.0.22463.1000_none_23c1f42dacbc77da;D:\androi studio\jre\bin\server;C:\Users\ThanhLong\.gradle\native\8bec1ad78214c89d9ad589b4d07fe93259594b29d510b10fafb7a158f7737e5d\windows-amd64;C:\Users\ThanhLong\.gradle\native\53dbd7edfb1c66fb8903c78663c9afc45aea4f116125fa6feffd364cf09443e8\windows-amd64

VM Arguments:
jvm_args: --add-opens=java.base/java.util=ALL-UNNAMED --add-opens=java.base/java.lang=ALL-UNNAMED --add-opens=java.base/java.lang.invoke=ALL-UNNAMED --add-opens=java.base/java.util=ALL-UNNAMED --add-opens=java.prefs/java.util.prefs=ALL-UNNAMED --add-opens=java.prefs/java.util.prefs=ALL-UNNAMED --add-opens=java.base/java.nio.charset=ALL-UNNAMED --add-opens=java.base/java.net=ALL-UNNAMED --add-opens=java.base/java.util.concurrent.atomic=ALL-UNNAMED -Xmx2048m -Dfile.encoding=UTF-8 -Duser.country=US -Duser.language=en -Duser.variant 
java_command: org.gradle.launcher.daemon.bootstrap.GradleDaemon 7.0.2
java_class_path (initial): C:\Users\ThanhLong\.gradle\wrapper\dists\gradle-7.0.2-bin\857tjihv64xamwrf0h14cai3r\gradle-7.0.2\lib\gradle-launcher-7.0.2.jar
Launcher Type: SUN_STANDARD

[Global flags]
     intx CICompilerCount                          = 4                                         {product} {ergonomic}
     uint ConcGCThreads                            = 2                                         {product} {ergonomic}
     uint G1ConcRefinementThreads                  = 8                                         {product} {ergonomic}
   size_t G1HeapRegionSize                         = 1048576                                   {product} {ergonomic}
    uintx GCDrainStackTargetSize                   = 64                                        {product} {ergonomic}
   size_t InitialHeapSize                          = 201326592                                 {product} {ergonomic}
   size_t MarkStackSize                            = 4194304                                   {product} {ergonomic}
   size_t MaxHeapSize                              = 2147483648                                {product} {command line}
   size_t MaxNewSize                               = 1287651328                                {product} {ergonomic}
   size_t MinHeapDeltaBytes                        = 1048576                                   {product} {ergonomic}
    uintx NonNMethodCodeHeapSize                   = 5836300                                {pd product} {ergonomic}
    uintx NonProfiledCodeHeapSize                  = 122910970                              {pd product} {ergonomic}
    uintx ProfiledCodeHeapSize                     = 122910970                              {pd product} {ergonomic}
    uintx ReservedCodeCacheSize                    = 251658240                              {pd product} {ergonomic}
     bool SegmentedCodeCache                       = true                                      {product} {ergonomic}
     bool UseCompressedClassPointers               = true                                 {lp64_product} {ergonomic}
     bool UseCompressedOops                        = true                                 {lp64_product} {ergonomic}
     bool UseG1GC                                  = true                                      {product} {ergonomic}
     bool UseLargePagesIndividualAllocation        = false                                  {pd product} {ergonomic}

Logging:
Log output configuration:
 #0: stdout all=warning uptime,level,tags
 #1: stderr all=off uptime,level,tags

Environment Variables:
PATH=C:\Python39\Scripts\;C:\Python39\;C:\Program Files\Microsoft MPI\Bin\;C:\Program Files (x86)\Common Files\Oracle\Java\javapath;C:\ProgramData\Oracle\Java\javapath;C:\WINDOWS\system32;C:\WINDOWS;C:\WINDOWS\System32\Wbem;C:\WINDOWS\System32\WindowsPowerShell\v1.0\;C:\WINDOWS\System32\OpenSSH\;C:\Program Files\Microsoft SQL Server\Client SDK\ODBC\170\Tools\Binn\;C:\Program Files (x86)\Microsoft SQL Server\150\Tools\Binn\;C:\Program Files\Microsoft SQL Server\150\Tools\Binn\;C:\Program Files\Microsoft SQL Server\150\DTS\Binn\;C:\Program Files\Azure Data Studio\bin;D:\Git\cmd;C:\Program Files\Microsoft SQL Server\130\Tools\Binn\;C:\Program Files\dotnet\;C:\Program Files (x86)\Microsoft SQL Server\150\DTS\Binn\;C:\Program Files (x86)\dotnet\;d:\quartus\quartus\bin;C:\Program Files\nodejs\;C:\ProgramData\chocolatey\bin;C:\Program Files\MySQL\MySQL Shell 8.0\bin\;C:\Users\ThanhLong\AppData\Local\Microsoft\WindowsApps;C:\Program Files\Azure Data Studio\bin;F:\H?c T?p\Microsoft VS Code\bin;C:\Users\ThanhLong\AppData\Local\GitHubDesktop\bin;C:\Users\ThanhLong\.dotnet\tools;C:\Users\ThanhLong\AppData\Roaming\npm;
USERNAME=ThanhLong
OS=Windows_NT
PROCESSOR_IDENTIFIER=Intel64 Family 6 Model 142 Stepping 12, GenuineIntel



---------------  S Y S T E M  ---------------

OS: Windows 10 , 64 bit Build 22463 (10.0.22463.1000)
OS uptime: 5 days 21:28 hours

CPU:total 8 (initial active 8) (4 cores per cpu, 2 threads per core) family 6 model 142 stepping 12 microcode 0xea, cmov, cx8, fxsr, mmx, sse, sse2, sse3, ssse3, sse4.1, sse4.2, popcnt, avx, avx2, aes, clmul, erms, 3dnowpref, lzcnt, ht, tsc, tscinvbit, bmi1, bmi2, adx, fma

Memory: 4k page, system-wide physical 12164M (1174M free)
TotalPageFile size 16260M (AvailPageFile size 1M)
current process WorkingSet (physical memory assigned to process): 457M, peak: 460M
current process commit charge ("private bytes"): 493M, peak: 501M

vm_info: OpenJDK 64-Bit Server VM (11.0.10+0-b96-7249189) for windows-amd64 JRE (11.0.10+0-b96-7249189), built on Mar 31 2021 21:44:00 by "builder" with MS VC++ 14.0 (VS2015)

END.
