#
# There is insufficient memory for the Java Runtime Environment to continue.
# Native memory allocation (mmap) failed to map 70254592 bytes for Failed to commit area from 0x0000000094e00000 to 0x0000000099100000 of length 70254592.
# Possible reasons:
#   The system is out of physical RAM or swap space
#   The process is running with CompressedOops enabled, and the Java Heap may be blocking the growth of the native heap
# Possible solutions:
#   Reduce memory load on the system
#   Increase physical memory or swap space
#   Check if swap backing store is full
#   Decrease Java heap size (-Xmx/-Xms)
#   Decrease number of Java threads
#   Decrease Java thread stack sizes (-Xss)
#   Set larger code cache with -XX:ReservedCodeCacheSize=
#   JVM is running with Unscaled Compressed Oops mode in which the Java heap is
#     placed in the first 4GB address space. The Java Heap base address is the
#     maximum limit for the native heap growth. Please use -XX:HeapBaseMinAddress
#     to set the Java Heap base and to place the Java Heap above 4GB virtual address.
# This output file may be truncated or incomplete.
#
#  Out of Memory Error (./src/hotspot/os/windows/os_windows.cpp:3301), pid=4188, tid=21704
#
# JRE version: OpenJDK Runtime Environment (11.0.10) (build 11.0.10+0-b96-7249189)
# Java VM: OpenJDK 64-Bit Server VM (11.0.10+0-b96-7249189, mixed mode, tiered, compressed oops, g1 gc, windows-amd64)
# No core dump will be written. Minidumps are not enabled by default on client versions of Windows
#

---------------  S U M M A R Y ------------

Command Line: --add-opens=java.base/java.util=ALL-UNNAMED --add-opens=java.base/java.lang=ALL-UNNAMED --add-opens=java.base/java.lang.invoke=ALL-UNNAMED --add-opens=java.base/java.util=ALL-UNNAMED --add-opens=java.prefs/java.util.prefs=ALL-UNNAMED --add-opens=java.prefs/java.util.prefs=ALL-UNNAMED --add-opens=java.base/java.nio.charset=ALL-UNNAMED --add-opens=java.base/java.net=ALL-UNNAMED --add-opens=java.base/java.util.concurrent.atomic=ALL-UNNAMED -Xmx2048m -Dfile.encoding=UTF-8 -Duser.country=US -Duser.language=en -Duser.variant org.gradle.launcher.daemon.bootstrap.GradleDaemon 7.0.2

Host: Intel(R) Core(TM) i5-8265U CPU @ 1.60GHz, 8 cores, 11G,  Windows 10 , 64 bit Build 22463 (10.0.22463.1000)
Time: Sat Oct  2 16:35:16 2021 SE Asia Standard Time elapsed time: 4480.256559 seconds (0d 1h 14m 40s)

---------------  T H R E A D  ---------------

Current thread (0x00000161606f1000):  VMThread "VM Thread" [stack: 0x000000244ba00000,0x000000244bb00000] [id=21704]

Stack: [0x000000244ba00000,0x000000244bb00000]
[error occurred during error reporting (printing stack bounds), id 0xc0000005, EXCEPTION_ACCESS_VIOLATION (0xc0000005) at pc=0x0000016149d40f2d]

Native frames: (J=compiled Java code, j=interpreted, Vv=VM code, C=native code)
V  [jvm.dll+0x5ecfaa]
V  [jvm.dll+0x722bd5]
V  [jvm.dll+0x72412d]
V  [jvm.dll+0x724745]
V  [jvm.dll+0x7246fb]
V  [jvm.dll+0x5ec348]
V  [jvm.dll+0x5ecad8]
C  [ntdll.dll+0xac2ef]
C  [ntdll.dll+0x3659a]
C  [ntdll.dll+0xab2de]
C  0x0000016149d40f2d

VM_Operation (0x00000024512fd500): G1CollectForAllocation, mode: safepoint, requested by thread 0x00000161681cc800


---------------  P R O C E S S  ---------------

Threads class SMR info:
_java_thread_list=0x000001616f1062e0, length=89, elements={
0x0000016146267000, 0x0000016160f20800, 0x0000016160f23000, 0x0000016160f79800,
0x0000016160f7b000, 0x0000016160f7e000, 0x0000016160f87000, 0x0000016160f8c800,
0x0000016160f9c000, 0x0000016161100000, 0x00000161610fe000, 0x0000016161101000,
0x0000016161104800, 0x00000161632e6000, 0x00000161632e6800, 0x00000161632e9000,
0x00000161632e4800, 0x00000161632eb000, 0x00000161632ef000, 0x00000161632ef800,
0x00000161632f0800, 0x00000161632eb800, 0x00000161681c5800, 0x00000161681c8800,
0x00000161681d2800, 0x00000161681d1800, 0x00000161681d0000, 0x00000161681ce800,
0x00000161681cf000, 0x00000161681d3000, 0x000001616cbba000, 0x000001616b712800,
0x000001616cbbf000, 0x000001616b716000, 0x00000161681c9800, 0x000001616b711000,
0x000001616b70f800, 0x000001616b710000, 0x000001616cbbc800, 0x000001616b715000,
0x000001616b70d000, 0x00000161632ee000, 0x000001616b70c000, 0x000001616c00c000,
0x000001616b707800, 0x000001616b70a800, 0x000001616b70e000, 0x000001616b70b800,
0x000001616b708000, 0x000001616b70e800, 0x000001616b709000, 0x000001616b709800,
0x000001616b712000, 0x000001616b713800, 0x000001616b714800, 0x000001616c003000,
0x000001616c007000, 0x000001616c004000, 0x000001616c002800, 0x000001616c009000,
0x000001616c009800, 0x000001616c006800, 0x000001616c008000, 0x000001616c00a800,
0x000001616c00b800, 0x000001616c005800, 0x000001616c00f800, 0x000001616c011000,
0x000001616c00d000, 0x000001616c010000, 0x000001616c00d800, 0x000001616c00e800,
0x00000161681ca000, 0x00000161681c7800, 0x00000161681cb000, 0x00000161681cc000,
0x00000161681c7000, 0x00000161681d0800, 0x00000161681cc800, 0x00000161681cd800,
0x0000016166eac800, 0x0000016166eaf000, 0x0000016166eae000, 0x0000016166ead000,
0x0000016166eaa000, 0x0000016166ea9000, 0x0000016166eaa800, 0x0000016164d73800,
0x000001616b58d800
}

Java Threads: ( => current thread )
  0x0000016146267000 JavaThread "main" [_thread_blocked, id=19240, stack(0x000000244b400000,0x000000244b500000)]
  0x0000016160f20800 JavaThread "Reference Handler" daemon [_thread_blocked, id=22956, stack(0x000000244bb00000,0x000000244bc00000)]
  0x0000016160f23000 JavaThread "Finalizer" daemon [_thread_blocked, id=22224, stack(0x000000244bc00000,0x000000244bd00000)]
  0x0000016160f79800 JavaThread "Signal Dispatcher" daemon [_thread_blocked, id=12208, stack(0x000000244bd00000,0x000000244be00000)]
  0x0000016160f7b000 JavaThread "Attach Listener" daemon [_thread_blocked, id=4656, stack(0x000000244be00000,0x000000244bf00000)]
  0x0000016160f7e000 JavaThread "Service Thread" daemon [_thread_blocked, id=22924, stack(0x000000244bf00000,0x000000244c000000)]
  0x0000016160f87000 JavaThread "C2 CompilerThread0" daemon [_thread_blocked, id=14864, stack(0x000000244c000000,0x000000244c100000)]
  0x0000016160f8c800 JavaThread "C1 CompilerThread0" daemon [_thread_blocked, id=21424, stack(0x000000244c100000,0x000000244c200000)]
  0x0000016160f9c000 JavaThread "Sweeper thread" daemon [_thread_blocked, id=22184, stack(0x000000244c200000,0x000000244c300000)]
  0x0000016161100000 JavaThread "Common-Cleaner" daemon [_thread_blocked, id=13408, stack(0x000000244c300000,0x000000244c400000)]
  0x00000161610fe000 JavaThread "Daemon health stats" [_thread_blocked, id=17872, stack(0x000000244c800000,0x000000244c900000)]
  0x0000016161101000 JavaThread "Incoming local TCP Connector on port 60509" [_thread_in_native, id=21428, stack(0x000000244c900000,0x000000244ca00000)]
  0x0000016161104800 JavaThread "Daemon periodic checks" [_thread_blocked, id=20268, stack(0x000000244ca00000,0x000000244cb00000)]
  0x00000161632e6000 JavaThread "Cache worker for file hash cache (C:\Users\ThanhLong\.gradle\caches\7.0.2\fileHashes)" [_thread_blocked, id=18296, stack(0x000000244cf00000,0x000000244d000000)]
  0x00000161632e6800 JavaThread "File lock request listener" [_thread_in_native, id=10352, stack(0x000000244d300000,0x000000244d400000)]
  0x00000161632e9000 JavaThread "Cache worker for journal cache (C:\Users\ThanhLong\.gradle\caches\journal-1)" [_thread_blocked, id=21716, stack(0x000000244d900000,0x000000244da00000)]
  0x00000161632e4800 JavaThread "File watcher server" daemon [_thread_blocked, id=20212, stack(0x000000244dc00000,0x000000244dd00000)]
  0x00000161632eb000 JavaThread "File watcher consumer" daemon [_thread_blocked, id=14024, stack(0x000000244dd00000,0x000000244de00000)]
  0x00000161632ef000 JavaThread "Cache worker for execution history cache (C:\Users\ThanhLong\.gradle\caches\7.0.2\executionHistory)" [_thread_blocked, id=7520, stack(0x000000244da00000,0x000000244db00000)]
  0x00000161632ef800 JavaThread "jar transforms" [_thread_blocked, id=22752, stack(0x000000244e300000,0x000000244e400000)]
  0x00000161632f0800 JavaThread "jar transforms Thread 2" [_thread_blocked, id=11692, stack(0x000000244e400000,0x000000244e500000)]
  0x00000161632eb800 JavaThread "Cache worker for file content cache (C:\Users\ThanhLong\.gradle\caches\7.0.2\fileContent)" [_thread_blocked, id=10960, stack(0x000000244e500000,0x000000244e600000)]
  0x00000161681c5800 JavaThread "jar transforms Thread 3" [_thread_blocked, id=12972, stack(0x000000244e700000,0x000000244e800000)]
  0x00000161681c8800 JavaThread "jar transforms Thread 4" [_thread_blocked, id=22236, stack(0x000000244ef00000,0x000000244f000000)]
  0x00000161681d2800 JavaThread "jar transforms Thread 5" [_thread_blocked, id=18924, stack(0x000000244f000000,0x000000244f100000)]
  0x00000161681d1800 JavaThread "jar transforms Thread 6" [_thread_blocked, id=10436, stack(0x000000244f100000,0x000000244f200000)]
  0x00000161681d0000 JavaThread "jar transforms Thread 7" [_thread_blocked, id=18932, stack(0x000000244f200000,0x000000244f300000)]
  0x00000161681ce800 JavaThread "jar transforms Thread 8" [_thread_blocked, id=18672, stack(0x000000244f300000,0x000000244f400000)]
  0x00000161681cf000 JavaThread "Memory manager" [_thread_blocked, id=3096, stack(0x000000244f800000,0x000000244f900000)]
  0x00000161681d3000 JavaThread "pool-3-thread-1" [_thread_blocked, id=20152, stack(0x000000244fb00000,0x000000244fc00000)]
  0x000001616cbba000 JavaThread "pool-6-thread-1" [_thread_blocked, id=25176, stack(0x000000244f400000,0x000000244f500000)]
  0x000001616b712800 JavaThread "Cache worker for Java compile cache (C:\Users\ThanhLong\.gradle\caches\7.0.2\javaCompile)" [_thread_blocked, id=10344, stack(0x0000002450b00000,0x0000002450c00000)]
  0x000001616cbbf000 JavaThread "pool-11-thread-1" [_thread_blocked, id=18828, stack(0x000000244f500000,0x000000244f600000)]
  0x000001616b716000 JavaThread "pool-16-thread-1" [_thread_blocked, id=24944, stack(0x000000244f700000,0x000000244f800000)]
  0x00000161681c9800 JavaThread "pool-21-thread-1" [_thread_blocked, id=10112, stack(0x000000244f900000,0x000000244fa00000)]
  0x000001616b711000 JavaThread "pool-26-thread-1" [_thread_blocked, id=26388, stack(0x000000244fa00000,0x000000244fb00000)]
  0x000001616b70f800 JavaThread "pool-31-thread-1" [_thread_blocked, id=25828, stack(0x000000244ee00000,0x000000244ef00000)]
  0x000001616b710000 JavaThread "pool-36-thread-1" [_thread_blocked, id=14984, stack(0x000000244fd00000,0x000000244fe00000)]
  0x000001616cbbc800 JavaThread "pool-41-thread-1" [_thread_blocked, id=19452, stack(0x000000244fe00000,0x000000244ff00000)]
  0x000001616b715000 JavaThread "pool-44-thread-1" [_thread_blocked, id=21356, stack(0x000000244ff00000,0x0000002450000000)]
  0x000001616b70d000 JavaThread "pool-49-thread-1" [_thread_blocked, id=11284, stack(0x0000002450000000,0x0000002450100000)]
  0x00000161632ee000 JavaThread "ForkJoinPool.commonPool-worker-9" daemon [_thread_blocked, id=18476, stack(0x0000002451d00000,0x0000002451e00000)]
  0x000001616b70c000 JavaThread "pool-54-thread-1" [_thread_blocked, id=25984, stack(0x0000002450300000,0x0000002450400000)]
  0x000001616c00c000 JavaThread "pool-57-thread-1" [_thread_blocked, id=7836, stack(0x000000244fc00000,0x000000244fd00000)]
  0x000001616b707800 JavaThread "Daemon Thread 7" [_thread_blocked, id=24476, stack(0x000000244b100000,0x000000244b200000)]
  0x000001616b70a800 JavaThread "Handler for socket connection from /127.0.0.1:60509 to /127.0.0.1:60389" [_thread_in_native, id=25888, stack(0x000000244b200000,0x000000244b300000)]
  0x000001616b70e000 JavaThread "Cancel handler" [_thread_blocked, id=968, stack(0x000000244b300000,0x000000244b400000)]
  0x000001616b70b800 JavaThread "Daemon worker Thread 7" [_thread_blocked, id=26056, stack(0x000000244cb00000,0x000000244cc00000)]
  0x000001616b708000 JavaThread "Asynchronous log dispatcher for DefaultDaemonConnection: socket connection from /127.0.0.1:60509 to /127.0.0.1:60389" [_thread_blocked, id=11184, stack(0x000000244cc00000,0x000000244cd00000)]
  0x000001616b70e800 JavaThread "Stdin handler" [_thread_blocked, id=25396, stack(0x000000244cd00000,0x000000244ce00000)]
  0x000001616b709000 JavaThread "Daemon client event forwarder" [_thread_blocked, id=25884, stack(0x000000244ce00000,0x000000244cf00000)]
  0x000001616b709800 JavaThread "Cache worker for file hash cache (D:\demo1\.gradle\7.0.2\fileHashes)" [_thread_blocked, id=25220, stack(0x000000244d000000,0x000000244d100000)]
  0x000001616b712000 JavaThread "Cache worker for checksums cache (D:\demo1\.gradle\checksums)" [_thread_blocked, id=10048, stack(0x000000244d100000,0x000000244d200000)]
  0x000001616b713800 JavaThread "Cache worker for cache directory md-supplier (C:\Users\ThanhLong\.gradle\caches\7.0.2\md-supplier)" [_thread_blocked, id=25840, stack(0x000000244d200000,0x000000244d300000)]
  0x000001616b714800 JavaThread "Cache worker for cache directory md-rule (C:\Users\ThanhLong\.gradle\caches\7.0.2\md-rule)" [_thread_blocked, id=5992, stack(0x000000244db00000,0x000000244dc00000)]
  0x000001616c003000 JavaThread "Cache worker for dependencies-accessors (D:\demo1\.gradle\7.0.2\dependencies-accessors)" [_thread_blocked, id=22052, stack(0x000000244de00000,0x000000244df00000)]
  0x000001616c007000 JavaThread "Cache worker for Build Output Cleanup Cache (D:\demo1\.gradle\buildOutputCleanup)" [_thread_blocked, id=25256, stack(0x000000244df00000,0x000000244e000000)]
  0x000001616c004000 JavaThread "Build operations" [_thread_blocked, id=13560, stack(0x000000244e200000,0x000000244e300000)]
  0x000001616c002800 JavaThread "Build operations Thread 2" [_thread_blocked, id=13736, stack(0x000000244e600000,0x000000244e700000)]
  0x000001616c009000 JavaThread "Build operations Thread 3" [_thread_blocked, id=15084, stack(0x000000244e800000,0x000000244e900000)]
  0x000001616c009800 JavaThread "Build operations Thread 4" [_thread_blocked, id=12784, stack(0x000000244e900000,0x000000244ea00000)]
  0x000001616c006800 JavaThread "Build operations Thread 5" [_thread_blocked, id=1732, stack(0x000000244ea00000,0x000000244eb00000)]
  0x000001616c008000 JavaThread "Build operations Thread 6" [_thread_blocked, id=21116, stack(0x000000244eb00000,0x000000244ec00000)]
  0x000001616c00a800 JavaThread "Build operations Thread 7" [_thread_blocked, id=23188, stack(0x000000244ec00000,0x000000244ed00000)]
  0x000001616c00b800 JavaThread "Build operations Thread 8" [_thread_blocked, id=6624, stack(0x000000244ed00000,0x000000244ee00000)]
  0x000001616c005800 JavaThread "build event listener" [_thread_blocked, id=8132, stack(0x0000002450400000,0x0000002450500000)]
  0x000001616c00f800 JavaThread "pool-60-thread-1" [_thread_blocked, id=14340, stack(0x0000002450500000,0x0000002450600000)]
  0x000001616c011000 JavaThread "build event listener" [_thread_blocked, id=21484, stack(0x0000002450600000,0x0000002450700000)]
  0x000001616c00d000 JavaThread "Execution worker for ':'" [_thread_blocked, id=25300, stack(0x0000002450700000,0x0000002450800000)]
  0x000001616c010000 JavaThread "Execution worker for ':' Thread 2" [_thread_blocked, id=15912, stack(0x0000002450800000,0x0000002450900000)]
  0x000001616c00d800 JavaThread "Execution worker for ':' Thread 3" [_thread_blocked, id=344, stack(0x0000002450900000,0x0000002450a00000)]
  0x000001616c00e800 JavaThread "Execution worker for ':' Thread 4" [_thread_blocked, id=24896, stack(0x0000002450a00000,0x0000002450b00000)]
  0x00000161681ca000 JavaThread "Execution worker for ':' Thread 5" [_thread_blocked, id=3184, stack(0x0000002450c00000,0x0000002450d00000)]
  0x00000161681c7800 JavaThread "Execution worker for ':' Thread 6" [_thread_blocked, id=10232, stack(0x0000002450d00000,0x0000002450e00000)]
  0x00000161681cb000 JavaThread "Execution worker for ':' Thread 7" [_thread_blocked, id=25528, stack(0x0000002450e00000,0x0000002450f00000)]
  0x00000161681cc000 JavaThread "Cache worker for execution history cache (D:\demo1\.gradle\7.0.2\executionHistory)" [_thread_blocked, id=25468, stack(0x0000002450f00000,0x0000002451000000)]
  0x00000161681c7000 JavaThread "WorkerExecutor Queue" [_thread_blocked, id=9796, stack(0x000000244e100000,0x000000244e200000)]
  0x00000161681d0800 JavaThread "WorkerExecutor Queue Thread 2" [_thread_blocked, id=24960, stack(0x0000002451100000,0x0000002451200000)]
  0x00000161681cc800 JavaThread "WorkerExecutor Queue Thread 3" [_thread_blocked, id=25228, stack(0x0000002451200000,0x0000002451300000)]
  0x00000161681cd800 JavaThread "WorkerExecutor Queue Thread 4" [_thread_blocked, id=18776, stack(0x0000002451300000,0x0000002451400000)]
  0x0000016166eac800 JavaThread "WorkerExecutor Queue Thread 5" [_thread_blocked, id=22200, stack(0x0000002451400000,0x0000002451500000)]
  0x0000016166eaf000 JavaThread "WorkerExecutor Queue Thread 6" [_thread_blocked, id=9196, stack(0x0000002451500000,0x0000002451600000)]
  0x0000016166eae000 JavaThread "WorkerExecutor Queue Thread 7" [_thread_blocked, id=16060, stack(0x0000002451600000,0x0000002451700000)]
  0x0000016166ead000 JavaThread "WorkerExecutor Queue Thread 8" [_thread_blocked, id=23764, stack(0x0000002451700000,0x0000002451800000)]
  0x0000016166eaa000 JavaThread "pool-61-thread-1" [_thread_blocked, id=25904, stack(0x0000002451800000,0x0000002451900000)]
  0x0000016166ea9000 JavaThread "stderr" [_thread_in_native, id=22936, stack(0x0000002451900000,0x0000002451a00000)]
  0x0000016166eaa800 JavaThread "stdout" [_thread_blocked, id=21312, stack(0x0000002451a00000,0x0000002451b00000)]
  0x0000016164d73800 JavaThread "C2 CompilerThread1" daemon [_thread_blocked, id=15804, stack(0x000000244e000000,0x000000244e100000)]
  0x000001616b58d800 JavaThread "C2 CompilerThread2" daemon [_thread_blocked, id=23688, stack(0x0000002451000000,0x0000002451100000)]

Other Threads:
=>0x00000161606f1000 VMThread "VM Thread" [stack: 0x000000244ba00000,0x000000244bb00000] [id=21704]
  0x000001616112e800 WatcherThread [stack: 0x000000244c400000,0x000000244c500000] [id=17436]
  0x0000016146280000 GCTaskThread "GC Thread#0" [stack: 0x000000244b500000,0x000000244b600000] [id=5520]
  0x0000016161d35000 GCTaskThread "GC Thread#1" [stack: 0x000000244c500000,0x000000244c600000] [id=23204]
  0x0000016161d48000 GCTaskThread "GC Thread#2" [stack: 0x000000244c600000,0x000000244c700000] [id=19468]
  0x0000016161ebd800 GCTaskThread "GC Thread#3" [stack: 0x000000244c700000,0x000000244c800000] [id=21968]
  0x0000016162bce800 GCTaskThread "GC Thread#4" [stack: 0x000000244d400000,0x000000244d500000] [id=10452]
  0x0000016163196800 GCTaskThread "GC Thread#5" [stack: 0x000000244d500000,0x000000244d600000] [id=16076]
  0x000001616280d800 GCTaskThread "GC Thread#6" [stack: 0x000000244d600000,0x000000244d700000] [id=17432]
  0x0000016163b8f800 GCTaskThread "GC Thread#7" [stack: 0x000000244d700000,0x000000244d800000] [id=11644]
  0x00000161462b4000 ConcurrentGCThread "G1 Main Marker" [stack: 0x000000244b600000,0x000000244b700000] [id=21392]
  0x00000161462b5000 ConcurrentGCThread "G1 Conc#0" [stack: 0x000000244b700000,0x000000244b800000] [id=15328]
  0x0000016162e9f800 ConcurrentGCThread "G1 Conc#1" [stack: 0x000000244d800000,0x000000244d900000] [id=12964]
  0x000001614632e000 ConcurrentGCThread "G1 Refine#0" [stack: 0x000000244b800000,0x000000244b900000] [id=14364]
  0x0000016164293800 ConcurrentGCThread "G1 Refine#1" [stack: 0x000000244f600000,0x000000244f700000] [id=17956]
  0x000001616406c000 ConcurrentGCThread "G1 Refine#2" [stack: 0x0000002450100000,0x0000002450200000] [id=17488]
  0x0000016166f92800 ConcurrentGCThread "G1 Refine#3" [stack: 0x0000002450200000,0x0000002450300000] [id=12568]
  0x0000016160560800 ConcurrentGCThread "G1 Young RemSet Sampling" [stack: 0x000000244b900000,0x000000244ba00000] [id=19576]

Threads with active compile tasks:
C2 CompilerThread04480281 31745       4       com.android.tools.r8.dex.j::a (83 bytes)
C2 CompilerThread14480281 31738       4       com.android.tools.r8.internal.zh::a (173 bytes)
C2 CompilerThread24480281 31755       4       com.android.tools.r8.internal.lp::a (368 bytes)

VM state:at safepoint (normal execution)

VM Mutex/Monitor currently owned by a thread:  ([mutex/lock_event])
[0x0000016146262e60] Threads_lock - owner thread: 0x00000161606f1000
[0x0000016146263b50] Heap_lock - owner thread: 0x00000161681cc800

Heap address: 0x0000000080000000, size: 2048 MB, Compressed Oops mode: 32-bit
Narrow klass base: 0x0000000000000000, Narrow klass shift: 3
Compressed class space size: 1073741824 Address: 0x0000000100000000

Heap:
 garbage-first heap   total 410624K, used 161914K [0x0000000080000000, 0x0000000100000000)
  region size 1024K, 17 young (17408K), 17 survivors (17408K)
 Metaspace       used 154203K, capacity 158850K, committed 159108K, reserved 1187840K
  class space    used 18794K, capacity 20489K, committed 20580K, reserved 1048576K
Heap Regions: E=young(eden), S=young(survivor), O=old, HS=humongous(starts), HC=humongous(continues), CS=collection set, F=free, A=archive, TAMS=top-at-mark-start (previous, next)
|   0|0x0000000080000000, 0x0000000080100000, 0x0000000080100000|100%| O|  |TAMS 0x0000000080100000, 0x0000000080000000| Untracked 
|   1|0x0000000080100000, 0x0000000080200000, 0x0000000080200000|100%| O|  |TAMS 0x0000000080200000, 0x0000000080100000| Untracked 
|   2|0x0000000080200000, 0x0000000080300000, 0x0000000080300000|100%| O|  |TAMS 0x0000000080300000, 0x0000000080200000| Untracked 
|   3|0x0000000080300000, 0x0000000080400000, 0x0000000080400000|100%|HS|  |TAMS 0x0000000080400000, 0x0000000080300000| Complete 
|   4|0x0000000080400000, 0x0000000080500000, 0x0000000080500000|100%|HC|  |TAMS 0x0000000080500000, 0x0000000080400000| Complete 
|   5|0x0000000080500000, 0x0000000080600000, 0x0000000080600000|100%|HC|  |TAMS 0x0000000080600000, 0x0000000080500000| Complete 
|   6|0x0000000080600000, 0x0000000080700000, 0x0000000080700000|100%| O|  |TAMS 0x0000000080700000, 0x0000000080600000| Untracked 
|   7|0x0000000080700000, 0x000000008071ea00, 0x0000000080800000| 11%| O|  |TAMS 0x000000008071ea00, 0x0000000080700000| Untracked 
|   8|0x0000000080800000, 0x0000000080900000, 0x0000000080900000|100%| O|  |TAMS 0x0000000080900000, 0x0000000080800000| Untracked 
|   9|0x0000000080900000, 0x0000000080a00000, 0x0000000080a00000|100%| O|  |TAMS 0x0000000080a00000, 0x0000000080900000| Untracked 
|  10|0x0000000080a00000, 0x0000000080b00000, 0x0000000080b00000|100%| O|  |TAMS 0x0000000080b00000, 0x0000000080a00000| Untracked 
|  11|0x0000000080b00000, 0x0000000080c00000, 0x0000000080c00000|100%| O|  |TAMS 0x0000000080c00000, 0x0000000080b00000| Untracked 
|  12|0x0000000080c00000, 0x0000000080d00000, 0x0000000080d00000|100%| O|  |TAMS 0x0000000080d00000, 0x0000000080c00000| Untracked 
|  13|0x0000000080d00000, 0x0000000080e00000, 0x0000000080e00000|100%| O|  |TAMS 0x0000000080e00000, 0x0000000080d00000| Untracked 
|  14|0x0000000080e00000, 0x0000000080f00000, 0x0000000080f00000|100%| O|  |TAMS 0x0000000080f00000, 0x0000000080e00000| Untracked 
|  15|0x0000000080f00000, 0x0000000081000000, 0x0000000081000000|100%| O|  |TAMS 0x0000000081000000, 0x0000000080f00000| Untracked 
|  16|0x0000000081000000, 0x0000000081100000, 0x0000000081100000|100%|HS|  |TAMS 0x0000000081100000, 0x0000000081000000| Complete 
|  17|0x0000000081100000, 0x0000000081200000, 0x0000000081200000|100%|HS|  |TAMS 0x0000000081200000, 0x0000000081100000| Complete 
|  18|0x0000000081200000, 0x0000000081300000, 0x0000000081300000|100%|HS|  |TAMS 0x0000000081300000, 0x0000000081200000| Complete 
|  19|0x0000000081300000, 0x0000000081400000, 0x0000000081400000|100%|HC|  |TAMS 0x0000000081400000, 0x0000000081300000| Complete 
|  20|0x0000000081400000, 0x0000000081500000, 0x0000000081500000|100%| O|  |TAMS 0x0000000081500000, 0x0000000081400000| Complete 
|  21|0x0000000081500000, 0x0000000081600000, 0x0000000081600000|100%| O|  |TAMS 0x0000000081600000, 0x0000000081500000| Complete 
|  22|0x0000000081600000, 0x0000000081700000, 0x0000000081700000|100%| O|  |TAMS 0x0000000081700000, 0x0000000081600000| Complete 
|  23|0x0000000081700000, 0x0000000081800000, 0x0000000081800000|100%| O|  |TAMS 0x0000000081800000, 0x0000000081700000| Complete 
|  24|0x0000000081800000, 0x0000000081900000, 0x0000000081900000|100%| O|  |TAMS 0x0000000081900000, 0x0000000081800000| Complete 
|  25|0x0000000081900000, 0x0000000081a00000, 0x0000000081a00000|100%| O|  |TAMS 0x0000000081a00000, 0x0000000081900000| Complete 
|  26|0x0000000081a00000, 0x0000000081b00000, 0x0000000081b00000|100%| O|  |TAMS 0x0000000081b00000, 0x0000000081a00000| Untracked 
|  27|0x0000000081b00000, 0x0000000081c00000, 0x0000000081c00000|100%| O|  |TAMS 0x0000000081c00000, 0x0000000081b00000| Untracked 
|  28|0x0000000081c00000, 0x0000000081d00000, 0x0000000081d00000|100%| O|  |TAMS 0x0000000081d00000, 0x0000000081c00000| Untracked 
|  29|0x0000000081d00000, 0x0000000081e00000, 0x0000000081e00000|100%| O|  |TAMS 0x0000000081e00000, 0x0000000081d00000| Untracked 
|  30|0x0000000081e00000, 0x0000000081f00000, 0x0000000081f00000|100%| O|  |TAMS 0x0000000081f00000, 0x0000000081e00000| Untracked 
|  31|0x0000000081f00000, 0x0000000082000000, 0x0000000082000000|100%| O|  |TAMS 0x0000000082000000, 0x0000000081f00000| Untracked 
|  32|0x0000000082000000, 0x0000000082100000, 0x0000000082100000|100%| O|  |TAMS 0x0000000082100000, 0x0000000082000000| Complete 
|  33|0x0000000082100000, 0x0000000082200000, 0x0000000082200000|100%| O|  |TAMS 0x0000000082200000, 0x0000000082100000| Complete 
|  34|0x0000000082200000, 0x0000000082300000, 0x0000000082300000|100%| O|  |TAMS 0x0000000082300000, 0x0000000082200000| Complete 
|  35|0x0000000082300000, 0x0000000082400000, 0x0000000082400000|100%| O|  |TAMS 0x0000000082400000, 0x0000000082300000| Complete 
|  36|0x0000000082400000, 0x0000000082500000, 0x0000000082500000|100%| O|  |TAMS 0x0000000082500000, 0x0000000082400000| Untracked 
|  37|0x0000000082500000, 0x0000000082600000, 0x0000000082600000|100%| O|  |TAMS 0x0000000082600000, 0x0000000082500000| Untracked 
|  38|0x0000000082600000, 0x0000000082700000, 0x0000000082700000|100%| O|  |TAMS 0x0000000082700000, 0x0000000082600000| Untracked 
|  39|0x0000000082700000, 0x0000000082800000, 0x0000000082800000|100%| O|  |TAMS 0x0000000082800000, 0x0000000082700000| Complete 
|  40|0x0000000082800000, 0x0000000082900000, 0x0000000082900000|100%| O|  |TAMS 0x0000000082900000, 0x0000000082800000| Complete 
|  41|0x0000000082900000, 0x0000000082a00000, 0x0000000082a00000|100%| O|  |TAMS 0x0000000082a00000, 0x0000000082900000| Complete 
|  42|0x0000000082a00000, 0x0000000082b00000, 0x0000000082b00000|100%| O|  |TAMS 0x0000000082b00000, 0x0000000082a00000| Complete 
|  43|0x0000000082b00000, 0x0000000082c00000, 0x0000000082c00000|100%| O|  |TAMS 0x0000000082c00000, 0x0000000082b00000| Complete 
|  44|0x0000000082c00000, 0x0000000082d00000, 0x0000000082d00000|100%| O|  |TAMS 0x0000000082d00000, 0x0000000082c00000| Complete 
|  45|0x0000000082d00000, 0x0000000082e00000, 0x0000000082e00000|100%| O|  |TAMS 0x0000000082e00000, 0x0000000082d00000| Complete 
|  46|0x0000000082e00000, 0x0000000082f00000, 0x0000000082f00000|100%| O|  |TAMS 0x0000000082f00000, 0x0000000082e00000| Complete 
|  47|0x0000000082f00000, 0x0000000083000000, 0x0000000083000000|100%| O|  |TAMS 0x0000000083000000, 0x0000000082f00000| Untracked 
|  48|0x0000000083000000, 0x0000000083000000, 0x0000000083100000|  0%| F|  |TAMS 0x0000000083000000, 0x0000000083000000| Untracked 
|  49|0x0000000083100000, 0x0000000083200000, 0x0000000083200000|100%|HS|  |TAMS 0x0000000083100000, 0x0000000083100000| Complete 
|  50|0x0000000083200000, 0x0000000083300000, 0x0000000083300000|100%| O|  |TAMS 0x0000000083300000, 0x0000000083200000| Complete 
|  51|0x0000000083300000, 0x0000000083400000, 0x0000000083400000|100%| O|  |TAMS 0x0000000083400000, 0x0000000083300000| Complete 
|  52|0x0000000083400000, 0x0000000083500000, 0x0000000083500000|100%| O|  |TAMS 0x0000000083500000, 0x0000000083400000| Complete 
|  53|0x0000000083500000, 0x0000000083600000, 0x0000000083600000|100%| O|  |TAMS 0x0000000083600000, 0x0000000083500000| Complete 
|  54|0x0000000083600000, 0x0000000083700000, 0x0000000083700000|100%| O|  |TAMS 0x0000000083700000, 0x0000000083600000| Complete 
|  55|0x0000000083700000, 0x0000000083800000, 0x0000000083800000|100%| O|  |TAMS 0x0000000083800000, 0x0000000083700000| Complete 
|  56|0x0000000083800000, 0x0000000083900000, 0x0000000083900000|100%| O|  |TAMS 0x0000000083900000, 0x0000000083800000| Complete 
|  57|0x0000000083900000, 0x0000000083a00000, 0x0000000083a00000|100%| O|  |TAMS 0x0000000083a00000, 0x0000000083900000| Complete 
|  58|0x0000000083a00000, 0x0000000083b00000, 0x0000000083b00000|100%| O|  |TAMS 0x0000000083b00000, 0x0000000083a00000| Complete 
|  59|0x0000000083b00000, 0x0000000083c00000, 0x0000000083c00000|100%| O|  |TAMS 0x0000000083c00000, 0x0000000083b00000| Complete 
|  60|0x0000000083c00000, 0x0000000083d00000, 0x0000000083d00000|100%| O|  |TAMS 0x0000000083d00000, 0x0000000083c00000| Untracked 
|  61|0x0000000083d00000, 0x0000000083e00000, 0x0000000083e00000|100%| O|  |TAMS 0x0000000083e00000, 0x0000000083d00000| Complete 
|  62|0x0000000083e00000, 0x0000000083f00000, 0x0000000083f00000|100%| O|  |TAMS 0x0000000083f00000, 0x0000000083e00000| Untracked 
|  63|0x0000000083f00000, 0x0000000084000000, 0x0000000084000000|100%| O|  |TAMS 0x0000000084000000, 0x0000000083f00000| Complete 
|  64|0x0000000084000000, 0x0000000084100000, 0x0000000084100000|100%| O|  |TAMS 0x0000000084100000, 0x0000000084000000| Untracked 
|  65|0x0000000084100000, 0x0000000084200000, 0x0000000084200000|100%| O|  |TAMS 0x0000000084200000, 0x0000000084100000| Complete 
|  66|0x0000000084200000, 0x0000000084300000, 0x0000000084300000|100%| O|  |TAMS 0x0000000084300000, 0x0000000084200000| Untracked 
|  67|0x0000000084300000, 0x0000000084400000, 0x0000000084400000|100%| O|  |TAMS 0x0000000084400000, 0x0000000084300000| Complete 
|  68|0x0000000084400000, 0x0000000084500000, 0x0000000084500000|100%| O|  |TAMS 0x0000000084500000, 0x0000000084400000| Untracked 
|  69|0x0000000084500000, 0x0000000084600000, 0x0000000084600000|100%|HS|  |TAMS 0x0000000084600000, 0x0000000084500000| Complete 
|  70|0x0000000084600000, 0x0000000084700000, 0x0000000084700000|100%|HC|  |TAMS 0x0000000084700000, 0x0000000084600000| Complete 
|  71|0x0000000084700000, 0x0000000084800000, 0x0000000084800000|100%| O|  |TAMS 0x0000000084800000, 0x0000000084700000| Complete 
|  72|0x0000000084800000, 0x0000000084900000, 0x0000000084900000|100%| O|  |TAMS 0x0000000084900000, 0x0000000084800000| Complete 
|  73|0x0000000084900000, 0x0000000084a00000, 0x0000000084a00000|100%| O|  |TAMS 0x0000000084a00000, 0x0000000084900000| Untracked 
|  74|0x0000000084a00000, 0x0000000084b00000, 0x0000000084b00000|100%| O|  |TAMS 0x0000000084b00000, 0x0000000084a00000| Complete 
|  75|0x0000000084b00000, 0x0000000084c00000, 0x0000000084c00000|100%| O|  |TAMS 0x0000000084c00000, 0x0000000084b00000| Complete 
|  76|0x0000000084c00000, 0x0000000084d00000, 0x0000000084d00000|100%| O|  |TAMS 0x0000000084d00000, 0x0000000084c00000| Complete 
|  77|0x0000000084d00000, 0x0000000084e00000, 0x0000000084e00000|100%| O|  |TAMS 0x0000000084e00000, 0x0000000084d00000| Complete 
|  78|0x0000000084e00000, 0x0000000084f00000, 0x0000000084f00000|100%| O|  |TAMS 0x0000000084f00000, 0x0000000084e00000| Untracked 
|  79|0x0000000084f00000, 0x0000000085000000, 0x0000000085000000|100%| O|  |TAMS 0x0000000085000000, 0x0000000084f00000| Complete 
|  80|0x0000000085000000, 0x0000000085100000, 0x0000000085100000|100%| O|  |TAMS 0x0000000085100000, 0x0000000085000000| Complete 
|  81|0x0000000085100000, 0x0000000085200000, 0x0000000085200000|100%| O|  |TAMS 0x0000000085200000, 0x0000000085100000| Complete 
|  82|0x0000000085200000, 0x0000000085300000, 0x0000000085300000|100%| O|  |TAMS 0x0000000085300000, 0x0000000085200000| Complete 
|  83|0x0000000085300000, 0x0000000085400000, 0x0000000085400000|100%| O|  |TAMS 0x0000000085400000, 0x0000000085300000| Untracked 
|  84|0x0000000085400000, 0x0000000085500000, 0x0000000085500000|100%| O|  |TAMS 0x0000000085500000, 0x0000000085400000| Untracked 
|  85|0x0000000085500000, 0x0000000085600000, 0x0000000085600000|100%| O|  |TAMS 0x0000000085600000, 0x0000000085500000| Complete 
|  86|0x0000000085600000, 0x0000000085700000, 0x0000000085700000|100%| O|  |TAMS 0x0000000085700000, 0x0000000085600000| Complete 
|  87|0x0000000085700000, 0x0000000085800000, 0x0000000085800000|100%| O|  |TAMS 0x0000000085800000, 0x0000000085700000| Untracked 
|  88|0x0000000085800000, 0x0000000085900000, 0x0000000085900000|100%| O|  |TAMS 0x0000000085900000, 0x0000000085800000| Untracked 
|  89|0x0000000085900000, 0x0000000085a00000, 0x0000000085a00000|100%| O|  |TAMS 0x0000000085a00000, 0x0000000085900000| Complete 
|  90|0x0000000085a00000, 0x0000000085b00000, 0x0000000085b00000|100%| O|  |TAMS 0x0000000085b00000, 0x0000000085a00000| Complete 
|  91|0x0000000085b00000, 0x0000000085c00000, 0x0000000085c00000|100%| O|  |TAMS 0x0000000085c00000, 0x0000000085b00000| Complete 
|  92|0x0000000085c00000, 0x0000000085d00000, 0x0000000085d00000|100%|HS|  |TAMS 0x0000000085d00000, 0x0000000085c00000| Complete 
|  93|0x0000000085d00000, 0x0000000085e00000, 0x0000000085e00000|100%|HC|  |TAMS 0x0000000085e00000, 0x0000000085d00000| Complete 
|  94|0x0000000085e00000, 0x0000000085f00000, 0x0000000085f00000|100%|HC|  |TAMS 0x0000000085f00000, 0x0000000085e00000| Complete 
|  95|0x0000000085f00000, 0x0000000086000000, 0x0000000086000000|100%| O|  |TAMS 0x0000000086000000, 0x0000000085f00000| Untracked 
|  96|0x0000000086000000, 0x0000000086100000, 0x0000000086100000|100%| O|  |TAMS 0x0000000086100000, 0x0000000086000000| Untracked 
|  97|0x0000000086100000, 0x0000000086200000, 0x0000000086200000|100%| O|  |TAMS 0x0000000086200000, 0x0000000086100000| Untracked 
|  98|0x0000000086200000, 0x0000000086300000, 0x0000000086300000|100%| O|  |TAMS 0x0000000086300000, 0x0000000086200000| Untracked 
|  99|0x0000000086300000, 0x0000000086400000, 0x0000000086400000|100%| O|  |TAMS 0x0000000086400000, 0x0000000086300000| Complete 
| 100|0x0000000086400000, 0x0000000086500000, 0x0000000086500000|100%| O|  |TAMS 0x0000000086500000, 0x0000000086400000| Complete 
| 101|0x0000000086500000, 0x0000000086600000, 0x0000000086600000|100%| O|  |TAMS 0x0000000086600000, 0x0000000086500000| Complete 
| 102|0x0000000086600000, 0x0000000086700000, 0x0000000086700000|100%|HS|  |TAMS 0x0000000086700000, 0x0000000086600000| Complete 
| 103|0x0000000086700000, 0x0000000086800000, 0x0000000086800000|100%|HC|  |TAMS 0x0000000086800000, 0x0000000086700000| Complete 
| 104|0x0000000086800000, 0x0000000086900000, 0x0000000086900000|100%|HC|  |TAMS 0x0000000086900000, 0x0000000086800000| Complete 
| 105|0x0000000086900000, 0x0000000086a00000, 0x0000000086a00000|100%|HC|  |TAMS 0x0000000086a00000, 0x0000000086900000| Complete 
| 106|0x0000000086a00000, 0x0000000086b00000, 0x0000000086b00000|100%|HC|  |TAMS 0x0000000086b00000, 0x0000000086a00000| Complete 
| 107|0x0000000086b00000, 0x0000000086c00000, 0x0000000086c00000|100%|HS|  |TAMS 0x0000000086c00000, 0x0000000086b00000| Complete 
| 108|0x0000000086c00000, 0x0000000086d00000, 0x0000000086d00000|100%|HC|  |TAMS 0x0000000086d00000, 0x0000000086c00000| Complete 
| 109|0x0000000086d00000, 0x0000000086e00000, 0x0000000086e00000|100%|HC|  |TAMS 0x0000000086e00000, 0x0000000086d00000| Complete 
| 110|0x0000000086e00000, 0x0000000086f00000, 0x0000000086f00000|100%|HC|  |TAMS 0x0000000086f00000, 0x0000000086e00000| Complete 
| 111|0x0000000086f00000, 0x0000000087000000, 0x0000000087000000|100%|HC|  |TAMS 0x0000000087000000, 0x0000000086f00000| Complete 
| 112|0x0000000087000000, 0x0000000087100000, 0x0000000087100000|100%|HS|  |TAMS 0x0000000087100000, 0x0000000087000000| Complete 
| 113|0x0000000087100000, 0x0000000087200000, 0x0000000087200000|100%|HC|  |TAMS 0x0000000087200000, 0x0000000087100000| Complete 
| 114|0x0000000087200000, 0x0000000087300000, 0x0000000087300000|100%|HC|  |TAMS 0x0000000087300000, 0x0000000087200000| Complete 
| 115|0x0000000087300000, 0x0000000087400000, 0x0000000087400000|100%| O|  |TAMS 0x0000000087400000, 0x0000000087300000| Complete 
| 116|0x0000000087400000, 0x0000000087500000, 0x0000000087500000|100%| O|  |TAMS 0x0000000087500000, 0x0000000087400000| Complete 
| 117|0x0000000087500000, 0x0000000087600000, 0x0000000087600000|100%| O|  |TAMS 0x0000000087600000, 0x0000000087500000| Complete 
| 118|0x0000000087600000, 0x0000000087700000, 0x0000000087700000|100%| O|  |TAMS 0x0000000087700000, 0x0000000087600000| Complete 
| 119|0x0000000087700000, 0x0000000087800000, 0x0000000087800000|100%| O|  |TAMS 0x0000000087800000, 0x0000000087700000| Complete 
| 120|0x0000000087800000, 0x0000000087900000, 0x0000000087900000|100%| O|  |TAMS 0x0000000087900000, 0x0000000087800000| Complete 
| 121|0x0000000087900000, 0x0000000087a00000, 0x0000000087a00000|100%| O|  |TAMS 0x0000000087a00000, 0x0000000087900000| Complete 
| 122|0x0000000087a00000, 0x0000000087b00000, 0x0000000087b00000|100%| O|  |TAMS 0x0000000087b00000, 0x0000000087a00000| Untracked 
| 123|0x0000000087b00000, 0x0000000087c00000, 0x0000000087c00000|100%| O|  |TAMS 0x0000000087c00000, 0x0000000087b00000| Untracked 
| 124|0x0000000087c00000, 0x0000000087d00000, 0x0000000087d00000|100%| O|  |TAMS 0x0000000087d00000, 0x0000000087c00000| Complete 
| 125|0x0000000087d00000, 0x0000000087e00000, 0x0000000087e00000|100%|HS|  |TAMS 0x0000000087d00000, 0x0000000087d00000| Complete 
| 126|0x0000000087e00000, 0x0000000087f00000, 0x0000000087f00000|100%|HC|  |TAMS 0x0000000087e00000, 0x0000000087e00000| Complete 
| 127|0x0000000087f00000, 0x0000000088000000, 0x0000000088000000|100%|HS|  |TAMS 0x0000000087f00000, 0x0000000087f00000| Complete 
| 128|0x0000000088000000, 0x0000000088100000, 0x0000000088100000|100%|HS|  |TAMS 0x0000000088000000, 0x0000000088000000| Complete 
| 129|0x0000000088100000, 0x0000000088100000, 0x0000000088200000|  0%| F|  |TAMS 0x0000000088100000, 0x0000000088100000| Untracked 
| 130|0x0000000088200000, 0x0000000088200000, 0x0000000088300000|  0%| F|  |TAMS 0x0000000088200000, 0x0000000088200000| Untracked 
| 131|0x0000000088300000, 0x0000000088400000, 0x0000000088400000|100%|HS|  |TAMS 0x0000000088300000, 0x0000000088300000| Complete 
| 132|0x0000000088400000, 0x0000000088500000, 0x0000000088500000|100%|HC|  |TAMS 0x0000000088400000, 0x0000000088400000| Complete 
| 133|0x0000000088500000, 0x0000000088500000, 0x0000000088600000|  0%| F|  |TAMS 0x0000000088500000, 0x0000000088500000| Untracked 
| 134|0x0000000088600000, 0x0000000088700000, 0x0000000088700000|100%|HS|  |TAMS 0x0000000088600000, 0x0000000088600000| Complete 
| 135|0x0000000088700000, 0x0000000088700000, 0x0000000088800000|  0%| F|  |TAMS 0x0000000088700000, 0x0000000088700000| Untracked 
| 136|0x0000000088800000, 0x0000000088900000, 0x0000000088900000|100%|HS|  |TAMS 0x0000000088800000, 0x0000000088800000| Complete 
| 137|0x0000000088900000, 0x0000000088900000, 0x0000000088a00000|  0%| F|  |TAMS 0x0000000088900000, 0x0000000088900000| Untracked 
| 138|0x0000000088a00000, 0x0000000088b00000, 0x0000000088b00000|100%|HS|  |TAMS 0x0000000088a00000, 0x0000000088a00000| Complete 
| 139|0x0000000088b00000, 0x0000000088b00000, 0x0000000088c00000|  0%| F|  |TAMS 0x0000000088b00000, 0x0000000088b00000| Untracked 
| 140|0x0000000088c00000, 0x0000000088c00000, 0x0000000088d00000|  0%| F|  |TAMS 0x0000000088c00000, 0x0000000088c00000| Untracked 
| 141|0x0000000088d00000, 0x0000000088e00000, 0x0000000088e00000|100%| O|  |TAMS 0x0000000088e00000, 0x0000000088d00000| Untracked 
| 142|0x0000000088e00000, 0x0000000088e00000, 0x0000000088f00000|  0%| F|  |TAMS 0x0000000088e00000, 0x0000000088e00000| Untracked 
| 143|0x0000000088f00000, 0x0000000088f00000, 0x0000000089000000|  0%| F|  |TAMS 0x0000000088f00000, 0x0000000088f00000| Untracked 
| 144|0x0000000089000000, 0x0000000089000000, 0x0000000089100000|  0%| F|  |TAMS 0x0000000089000000, 0x0000000089000000| Untracked 
| 145|0x0000000089100000, 0x0000000089100000, 0x0000000089200000|  0%| F|  |TAMS 0x0000000089100000, 0x0000000089100000| Untracked 
| 146|0x0000000089200000, 0x0000000089200000, 0x0000000089300000|  0%| F|  |TAMS 0x0000000089200000, 0x0000000089200000| Untracked 
| 147|0x0000000089300000, 0x0000000089300000, 0x0000000089400000|  0%| F|  |TAMS 0x0000000089300000, 0x0000000089300000| Untracked 
| 148|0x0000000089400000, 0x0000000089400000, 0x0000000089500000|  0%| F|  |TAMS 0x0000000089400000, 0x0000000089400000| Untracked 
| 149|0x0000000089500000, 0x0000000089500000, 0x0000000089600000|  0%| F|  |TAMS 0x0000000089500000, 0x0000000089500000| Untracked 
| 150|0x0000000089600000, 0x0000000089600000, 0x0000000089700000|  0%| F|  |TAMS 0x0000000089600000, 0x0000000089600000| Untracked 
| 151|0x0000000089700000, 0x0000000089700000, 0x0000000089800000|  0%| F|  |TAMS 0x0000000089700000, 0x0000000089700000| Untracked 
| 152|0x0000000089800000, 0x0000000089800000, 0x0000000089900000|  0%| F|  |TAMS 0x0000000089800000, 0x0000000089800000| Untracked 
| 153|0x0000000089900000, 0x0000000089900000, 0x0000000089a00000|  0%| F|  |TAMS 0x0000000089900000, 0x0000000089900000| Untracked 
| 154|0x0000000089a00000, 0x0000000089a00000, 0x0000000089b00000|  0%| F|  |TAMS 0x0000000089a00000, 0x0000000089a00000| Untracked 
| 155|0x0000000089b00000, 0x0000000089c00000, 0x0000000089c00000|100%| O|  |TAMS 0x0000000089c00000, 0x0000000089b00000| Complete 
| 156|0x0000000089c00000, 0x0000000089d00000, 0x0000000089d00000|100%| O|  |TAMS 0x0000000089d00000, 0x0000000089c00000| Untracked 
| 157|0x0000000089d00000, 0x0000000089e00000, 0x0000000089e00000|100%| O|  |TAMS 0x0000000089e00000, 0x0000000089d00000| Untracked 
| 158|0x0000000089e00000, 0x0000000089e00000, 0x0000000089f00000|  0%| F|  |TAMS 0x0000000089e00000, 0x0000000089e00000| Untracked 
| 159|0x0000000089f00000, 0x0000000089f00000, 0x000000008a000000|  0%| F|  |TAMS 0x0000000089f00000, 0x0000000089f00000| Untracked 
| 160|0x000000008a000000, 0x000000008a000000, 0x000000008a100000|  0%| F|  |TAMS 0x000000008a000000, 0x000000008a000000| Untracked 
| 161|0x000000008a100000, 0x000000008a100000, 0x000000008a200000|  0%| F|  |TAMS 0x000000008a100000, 0x000000008a100000| Untracked 
| 162|0x000000008a200000, 0x000000008a200000, 0x000000008a300000|  0%| F|  |TAMS 0x000000008a200000, 0x000000008a200000| Untracked 
| 163|0x000000008a300000, 0x000000008a300000, 0x000000008a400000|  0%| F|  |TAMS 0x000000008a300000, 0x000000008a300000| Untracked 
| 164|0x000000008a400000, 0x000000008a400000, 0x000000008a500000|  0%| F|  |TAMS 0x000000008a400000, 0x000000008a400000| Untracked 
| 165|0x000000008a500000, 0x000000008a500000, 0x000000008a600000|  0%| F|  |TAMS 0x000000008a500000, 0x000000008a500000| Untracked 
| 166|0x000000008a600000, 0x000000008a600000, 0x000000008a700000|  0%| F|  |TAMS 0x000000008a600000, 0x000000008a600000| Untracked 
| 167|0x000000008a700000, 0x000000008a700000, 0x000000008a800000|  0%| F|  |TAMS 0x000000008a700000, 0x000000008a700000| Untracked 
| 168|0x000000008a800000, 0x000000008a900000, 0x000000008a900000|100%| O|  |TAMS 0x000000008a900000, 0x000000008a800000| Untracked 
| 169|0x000000008a900000, 0x000000008aa00000, 0x000000008aa00000|100%| O|  |TAMS 0x000000008aa00000, 0x000000008a900000| Untracked 
| 170|0x000000008aa00000, 0x000000008ab00000, 0x000000008ab00000|100%| O|  |TAMS 0x000000008ab00000, 0x000000008aa00000| Untracked 
| 171|0x000000008ab00000, 0x000000008ac00000, 0x000000008ac00000|100%| O|  |TAMS 0x000000008ac00000, 0x000000008ab00000| Untracked 
| 172|0x000000008ac00000, 0x000000008ad00000, 0x000000008ad00000|100%| O|  |TAMS 0x000000008ad00000, 0x000000008ac00000| Untracked 
| 173|0x000000008ad00000, 0x000000008ad00000, 0x000000008ae00000|  0%| F|  |TAMS 0x000000008ad00000, 0x000000008ad00000| Untracked 
| 174|0x000000008ae00000, 0x000000008ae00000, 0x000000008af00000|  0%| F|  |TAMS 0x000000008ae00000, 0x000000008ae00000| Untracked 
| 175|0x000000008af00000, 0x000000008b000000, 0x000000008b000000|100%| S|CS|TAMS 0x000000008af00000, 0x000000008af00000| Complete 
| 176|0x000000008b000000, 0x000000008b100000, 0x000000008b100000|100%| S|CS|TAMS 0x000000008b000000, 0x000000008b000000| Complete 
| 177|0x000000008b100000, 0x000000008b200000, 0x000000008b200000|100%| S|CS|TAMS 0x000000008b100000, 0x000000008b100000| Complete 
| 178|0x000000008b200000, 0x000000008b300000, 0x000000008b300000|100%| S|CS|TAMS 0x000000008b200000, 0x000000008b200000| Complete 
| 179|0x000000008b300000, 0x000000008b400000, 0x000000008b400000|100%| S|CS|TAMS 0x000000008b300000, 0x000000008b300000| Complete 
| 180|0x000000008b400000, 0x000000008b500000, 0x000000008b500000|100%| S|CS|TAMS 0x000000008b400000, 0x000000008b400000| Complete 
| 181|0x000000008b500000, 0x000000008b600000, 0x000000008b600000|100%| S|CS|TAMS 0x000000008b500000, 0x000000008b500000| Complete 
| 182|0x000000008b600000, 0x000000008b700000, 0x000000008b700000|100%| S|CS|TAMS 0x000000008b600000, 0x000000008b600000| Complete 
| 183|0x000000008b700000, 0x000000008b800000, 0x000000008b800000|100%| S|CS|TAMS 0x000000008b700000, 0x000000008b700000| Complete 
| 184|0x000000008b800000, 0x000000008b900000, 0x000000008b900000|100%| S|CS|TAMS 0x000000008b800000, 0x000000008b800000| Complete 
| 185|0x000000008b900000, 0x000000008ba00000, 0x000000008ba00000|100%| S|CS|TAMS 0x000000008b900000, 0x000000008b900000| Complete 
| 186|0x000000008ba00000, 0x000000008bb00000, 0x000000008bb00000|100%| S|CS|TAMS 0x000000008ba00000, 0x000000008ba00000| Complete 
| 187|0x000000008bb00000, 0x000000008bc00000, 0x000000008bc00000|100%| S|CS|TAMS 0x000000008bb00000, 0x000000008bb00000| Complete 
| 188|0x000000008bc00000, 0x000000008bd00000, 0x000000008bd00000|100%| S|CS|TAMS 0x000000008bc00000, 0x000000008bc00000| Complete 
| 189|0x000000008bd00000, 0x000000008bd00000, 0x000000008be00000|  0%| F|  |TAMS 0x000000008bd00000, 0x000000008bd00000| Untracked 
| 190|0x000000008be00000, 0x000000008be00000, 0x000000008bf00000|  0%| F|  |TAMS 0x000000008be00000, 0x000000008be00000| Untracked 
| 191|0x000000008bf00000, 0x000000008bf00000, 0x000000008c000000|  0%| F|  |TAMS 0x000000008bf00000, 0x000000008bf00000| Untracked 
| 192|0x000000008c000000, 0x000000008c000000, 0x000000008c100000|  0%| F|  |TAMS 0x000000008c000000, 0x000000008c000000| Untracked 
| 193|0x000000008c100000, 0x000000008c200000, 0x000000008c200000|100%| S|CS|TAMS 0x000000008c100000, 0x000000008c100000| Complete 
| 194|0x000000008c200000, 0x000000008c300000, 0x000000008c300000|100%| S|CS|TAMS 0x000000008c200000, 0x000000008c200000| Complete 
| 195|0x000000008c300000, 0x000000008c400000, 0x000000008c400000|100%| S|CS|TAMS 0x000000008c300000, 0x000000008c300000| Complete 
| 196|0x000000008c400000, 0x000000008c400000, 0x000000008c500000|  0%| F|  |TAMS 0x000000008c400000, 0x000000008c400000| Untracked 
| 197|0x000000008c500000, 0x000000008c500000, 0x000000008c600000|  0%| F|  |TAMS 0x000000008c500000, 0x000000008c500000| Untracked 
| 198|0x000000008c600000, 0x000000008c600000, 0x000000008c700000|  0%| F|  |TAMS 0x000000008c600000, 0x000000008c600000| Untracked 
| 199|0x000000008c700000, 0x000000008c700000, 0x000000008c800000|  0%| F|  |TAMS 0x000000008c700000, 0x000000008c700000| Untracked 
| 200|0x000000008c800000, 0x000000008c800000, 0x000000008c900000|  0%| F|  |TAMS 0x000000008c800000, 0x000000008c800000| Untracked 
| 201|0x000000008c900000, 0x000000008c900000, 0x000000008ca00000|  0%| F|  |TAMS 0x000000008c900000, 0x000000008c900000| Untracked 
| 202|0x000000008ca00000, 0x000000008ca00000, 0x000000008cb00000|  0%| F|  |TAMS 0x000000008ca00000, 0x000000008ca00000| Untracked 
| 203|0x000000008cb00000, 0x000000008cb00000, 0x000000008cc00000|  0%| F|  |TAMS 0x000000008cb00000, 0x000000008cb00000| Untracked 
| 204|0x000000008cc00000, 0x000000008cc00000, 0x000000008cd00000|  0%| F|  |TAMS 0x000000008cc00000, 0x000000008cc00000| Untracked 
| 205|0x000000008cd00000, 0x000000008cd00000, 0x000000008ce00000|  0%| F|  |TAMS 0x000000008cd00000, 0x000000008cd00000| Untracked 
| 206|0x000000008ce00000, 0x000000008ce00000, 0x000000008cf00000|  0%| F|  |TAMS 0x000000008ce00000, 0x000000008ce00000| Untracked 
| 207|0x000000008cf00000, 0x000000008cf00000, 0x000000008d000000|  0%| F|  |TAMS 0x000000008cf00000, 0x000000008cf00000| Untracked 
| 208|0x000000008d000000, 0x000000008d000000, 0x000000008d100000|  0%| F|  |TAMS 0x000000008d000000, 0x000000008d000000| Untracked 
| 209|0x000000008d100000, 0x000000008d100000, 0x000000008d200000|  0%| F|  |TAMS 0x000000008d100000, 0x000000008d100000| Untracked 
| 210|0x000000008d200000, 0x000000008d200000, 0x000000008d300000|  0%| F|  |TAMS 0x000000008d200000, 0x000000008d200000| Untracked 
| 211|0x000000008d300000, 0x000000008d300000, 0x000000008d400000|  0%| F|  |TAMS 0x000000008d300000, 0x000000008d300000| Untracked 
| 212|0x000000008d400000, 0x000000008d400000, 0x000000008d500000|  0%| F|  |TAMS 0x000000008d400000, 0x000000008d400000| Untracked 
| 213|0x000000008d500000, 0x000000008d500000, 0x000000008d600000|  0%| F|  |TAMS 0x000000008d500000, 0x000000008d500000| Untracked 
| 214|0x000000008d600000, 0x000000008d600000, 0x000000008d700000|  0%| F|  |TAMS 0x000000008d600000, 0x000000008d600000| Untracked 
| 215|0x000000008d700000, 0x000000008d700000, 0x000000008d800000|  0%| F|  |TAMS 0x000000008d700000, 0x000000008d700000| Untracked 
| 216|0x000000008d800000, 0x000000008d800000, 0x000000008d900000|  0%| F|  |TAMS 0x000000008d800000, 0x000000008d800000| Untracked 
| 217|0x000000008d900000, 0x000000008d900000, 0x000000008da00000|  0%| F|  |TAMS 0x000000008d900000, 0x000000008d900000| Untracked 
| 218|0x000000008da00000, 0x000000008da00000, 0x000000008db00000|  0%| F|  |TAMS 0x000000008da00000, 0x000000008da00000| Untracked 
| 219|0x000000008db00000, 0x000000008db00000, 0x000000008dc00000|  0%| F|  |TAMS 0x000000008db00000, 0x000000008db00000| Untracked 
| 220|0x000000008dc00000, 0x000000008dc00000, 0x000000008dd00000|  0%| F|  |TAMS 0x000000008dc00000, 0x000000008dc00000| Untracked 
| 221|0x000000008dd00000, 0x000000008dd00000, 0x000000008de00000|  0%| F|  |TAMS 0x000000008dd00000, 0x000000008dd00000| Untracked 
| 222|0x000000008de00000, 0x000000008de00000, 0x000000008df00000|  0%| F|  |TAMS 0x000000008de00000, 0x000000008de00000| Untracked 
| 223|0x000000008df00000, 0x000000008df00000, 0x000000008e000000|  0%| F|  |TAMS 0x000000008df00000, 0x000000008df00000| Untracked 
| 224|0x000000008e000000, 0x000000008e000000, 0x000000008e100000|  0%| F|  |TAMS 0x000000008e000000, 0x000000008e000000| Untracked 
| 225|0x000000008e100000, 0x000000008e100000, 0x000000008e200000|  0%| F|  |TAMS 0x000000008e100000, 0x000000008e100000| Untracked 
| 226|0x000000008e200000, 0x000000008e200000, 0x000000008e300000|  0%| F|  |TAMS 0x000000008e200000, 0x000000008e200000| Untracked 
| 227|0x000000008e300000, 0x000000008e300000, 0x000000008e400000|  0%| F|  |TAMS 0x000000008e300000, 0x000000008e300000| Untracked 
| 228|0x000000008e400000, 0x000000008e400000, 0x000000008e500000|  0%| F|  |TAMS 0x000000008e400000, 0x000000008e400000| Untracked 
| 229|0x000000008e500000, 0x000000008e500000, 0x000000008e600000|  0%| F|  |TAMS 0x000000008e500000, 0x000000008e500000| Untracked 
| 230|0x000000008e600000, 0x000000008e600000, 0x000000008e700000|  0%| F|  |TAMS 0x000000008e600000, 0x000000008e600000| Untracked 
| 231|0x000000008e700000, 0x000000008e700000, 0x000000008e800000|  0%| F|  |TAMS 0x000000008e700000, 0x000000008e700000| Untracked 
| 232|0x000000008e800000, 0x000000008e800000, 0x000000008e900000|  0%| F|  |TAMS 0x000000008e800000, 0x000000008e800000| Untracked 
| 233|0x000000008e900000, 0x000000008e900000, 0x000000008ea00000|  0%| F|  |TAMS 0x000000008e900000, 0x000000008e900000| Untracked 
| 234|0x000000008ea00000, 0x000000008ea00000, 0x000000008eb00000|  0%| F|  |TAMS 0x000000008ea00000, 0x000000008ea00000| Untracked 
| 235|0x000000008eb00000, 0x000000008eb00000, 0x000000008ec00000|  0%| F|  |TAMS 0x000000008eb00000, 0x000000008eb00000| Untracked 
| 236|0x000000008ec00000, 0x000000008ec00000, 0x000000008ed00000|  0%| F|  |TAMS 0x000000008ec00000, 0x000000008ec00000| Untracked 
| 237|0x000000008ed00000, 0x000000008ed00000, 0x000000008ee00000|  0%| F|  |TAMS 0x000000008ed00000, 0x000000008ed00000| Untracked 
| 238|0x000000008ee00000, 0x000000008ee00000, 0x000000008ef00000|  0%| F|  |TAMS 0x000000008ee00000, 0x000000008ee00000| Untracked 
| 239|0x000000008ef00000, 0x000000008ef00000, 0x000000008f000000|  0%| F|  |TAMS 0x000000008ef00000, 0x000000008ef00000| Untracked 
| 240|0x000000008f000000, 0x000000008f000000, 0x000000008f100000|  0%| F|  |TAMS 0x000000008f000000, 0x000000008f000000| Untracked 
| 241|0x000000008f100000, 0x000000008f100000, 0x000000008f200000|  0%| F|  |TAMS 0x000000008f100000, 0x000000008f100000| Untracked 
| 242|0x000000008f200000, 0x000000008f200000, 0x000000008f300000|  0%| F|  |TAMS 0x000000008f200000, 0x000000008f200000| Untracked 
| 243|0x000000008f300000, 0x000000008f300000, 0x000000008f400000|  0%| F|  |TAMS 0x000000008f300000, 0x000000008f300000| Untracked 
| 244|0x000000008f400000, 0x000000008f400000, 0x000000008f500000|  0%| F|  |TAMS 0x000000008f400000, 0x000000008f400000| Untracked 
| 245|0x000000008f500000, 0x000000008f500000, 0x000000008f600000|  0%| F|  |TAMS 0x000000008f500000, 0x000000008f500000| Untracked 
| 246|0x000000008f600000, 0x000000008f600000, 0x000000008f700000|  0%| F|  |TAMS 0x000000008f600000, 0x000000008f600000| Untracked 
| 247|0x000000008f700000, 0x000000008f700000, 0x000000008f800000|  0%| F|  |TAMS 0x000000008f700000, 0x000000008f700000| Untracked 
| 248|0x000000008f800000, 0x000000008f800000, 0x000000008f900000|  0%| F|  |TAMS 0x000000008f800000, 0x000000008f800000| Untracked 
| 249|0x000000008f900000, 0x000000008f900000, 0x000000008fa00000|  0%| F|  |TAMS 0x000000008f900000, 0x000000008f900000| Untracked 
| 250|0x000000008fa00000, 0x000000008fa00000, 0x000000008fb00000|  0%| F|  |TAMS 0x000000008fa00000, 0x000000008fa00000| Untracked 
| 251|0x000000008fb00000, 0x000000008fb00000, 0x000000008fc00000|  0%| F|  |TAMS 0x000000008fb00000, 0x000000008fb00000| Untracked 
| 252|0x000000008fc00000, 0x000000008fc00000, 0x000000008fd00000|  0%| F|  |TAMS 0x000000008fc00000, 0x000000008fc00000| Untracked 
| 253|0x000000008fd00000, 0x000000008fd00000, 0x000000008fe00000|  0%| F|  |TAMS 0x000000008fd00000, 0x000000008fd00000| Untracked 
| 254|0x000000008fe00000, 0x000000008fe00000, 0x000000008ff00000|  0%| F|  |TAMS 0x000000008fe00000, 0x000000008fe00000| Untracked 
| 255|0x000000008ff00000, 0x000000008ff00000, 0x0000000090000000|  0%| F|  |TAMS 0x000000008ff00000, 0x000000008ff00000| Untracked 
| 256|0x0000000090000000, 0x0000000090000000, 0x0000000090100000|  0%| F|  |TAMS 0x0000000090000000, 0x0000000090000000| Untracked 
| 257|0x0000000090100000, 0x0000000090100000, 0x0000000090200000|  0%| F|  |TAMS 0x0000000090100000, 0x0000000090100000| Untracked 
| 258|0x0000000090200000, 0x0000000090200000, 0x0000000090300000|  0%| F|  |TAMS 0x0000000090200000, 0x0000000090200000| Untracked 
| 259|0x0000000090300000, 0x0000000090300000, 0x0000000090400000|  0%| F|  |TAMS 0x0000000090300000, 0x0000000090300000| Untracked 
| 260|0x0000000090400000, 0x0000000090400000, 0x0000000090500000|  0%| F|  |TAMS 0x0000000090400000, 0x0000000090400000| Untracked 
| 261|0x0000000090500000, 0x0000000090500000, 0x0000000090600000|  0%| F|  |TAMS 0x0000000090500000, 0x0000000090500000| Untracked 
| 262|0x0000000090600000, 0x0000000090600000, 0x0000000090700000|  0%| F|  |TAMS 0x0000000090600000, 0x0000000090600000| Untracked 
| 263|0x0000000090700000, 0x0000000090700000, 0x0000000090800000|  0%| F|  |TAMS 0x0000000090700000, 0x0000000090700000| Untracked 
| 264|0x0000000090800000, 0x0000000090800000, 0x0000000090900000|  0%| F|  |TAMS 0x0000000090800000, 0x0000000090800000| Untracked 
| 265|0x0000000090900000, 0x0000000090900000, 0x0000000090a00000|  0%| F|  |TAMS 0x0000000090900000, 0x0000000090900000| Untracked 
| 266|0x0000000090a00000, 0x0000000090a00000, 0x0000000090b00000|  0%| F|  |TAMS 0x0000000090a00000, 0x0000000090a00000| Untracked 
| 267|0x0000000090b00000, 0x0000000090b00000, 0x0000000090c00000|  0%| F|  |TAMS 0x0000000090b00000, 0x0000000090b00000| Untracked 
| 268|0x0000000090c00000, 0x0000000090c00000, 0x0000000090d00000|  0%| F|  |TAMS 0x0000000090c00000, 0x0000000090c00000| Untracked 
| 269|0x0000000090d00000, 0x0000000090d00000, 0x0000000090e00000|  0%| F|  |TAMS 0x0000000090d00000, 0x0000000090d00000| Untracked 
| 270|0x0000000090e00000, 0x0000000090e00000, 0x0000000090f00000|  0%| F|  |TAMS 0x0000000090e00000, 0x0000000090e00000| Untracked 
| 271|0x0000000090f00000, 0x0000000090f00000, 0x0000000091000000|  0%| F|  |TAMS 0x0000000090f00000, 0x0000000090f00000| Untracked 
| 272|0x0000000091000000, 0x0000000091000000, 0x0000000091100000|  0%| F|  |TAMS 0x0000000091000000, 0x0000000091000000| Untracked 
| 273|0x0000000091100000, 0x0000000091100000, 0x0000000091200000|  0%| F|  |TAMS 0x0000000091100000, 0x0000000091100000| Untracked 
| 274|0x0000000091200000, 0x0000000091200000, 0x0000000091300000|  0%| F|  |TAMS 0x0000000091200000, 0x0000000091200000| Untracked 
| 275|0x0000000091300000, 0x0000000091300000, 0x0000000091400000|  0%| F|  |TAMS 0x0000000091300000, 0x0000000091300000| Untracked 
| 276|0x0000000091400000, 0x0000000091400000, 0x0000000091500000|  0%| F|  |TAMS 0x0000000091400000, 0x0000000091400000| Untracked 
| 277|0x0000000091500000, 0x0000000091500000, 0x0000000091600000|  0%| F|  |TAMS 0x0000000091500000, 0x0000000091500000| Untracked 
| 278|0x0000000091600000, 0x0000000091600000, 0x0000000091700000|  0%| F|  |TAMS 0x0000000091600000, 0x0000000091600000| Untracked 
| 279|0x0000000091700000, 0x0000000091700000, 0x0000000091800000|  0%| F|  |TAMS 0x0000000091700000, 0x0000000091700000| Untracked 
| 280|0x0000000091800000, 0x0000000091800000, 0x0000000091900000|  0%| F|  |TAMS 0x0000000091800000, 0x0000000091800000| Untracked 
| 281|0x0000000091900000, 0x0000000091900000, 0x0000000091a00000|  0%| F|  |TAMS 0x0000000091900000, 0x0000000091900000| Untracked 
| 282|0x0000000091a00000, 0x0000000091a00000, 0x0000000091b00000|  0%| F|  |TAMS 0x0000000091a00000, 0x0000000091a00000| Untracked 
| 283|0x0000000091b00000, 0x0000000091b00000, 0x0000000091c00000|  0%| F|  |TAMS 0x0000000091b00000, 0x0000000091b00000| Untracked 
| 284|0x0000000091c00000, 0x0000000091c00000, 0x0000000091d00000|  0%| F|  |TAMS 0x0000000091c00000, 0x0000000091c00000| Untracked 
| 285|0x0000000091d00000, 0x0000000091d00000, 0x0000000091e00000|  0%| F|  |TAMS 0x0000000091d00000, 0x0000000091d00000| Untracked 
| 286|0x0000000091e00000, 0x0000000091e00000, 0x0000000091f00000|  0%| F|  |TAMS 0x0000000091e00000, 0x0000000091e00000| Untracked 
| 287|0x0000000091f00000, 0x0000000091f00000, 0x0000000092000000|  0%| F|  |TAMS 0x0000000091f00000, 0x0000000091f00000| Untracked 
| 288|0x0000000092000000, 0x0000000092000000, 0x0000000092100000|  0%| F|  |TAMS 0x0000000092000000, 0x0000000092000000| Untracked 
| 289|0x0000000092100000, 0x0000000092100000, 0x0000000092200000|  0%| F|  |TAMS 0x0000000092100000, 0x0000000092100000| Untracked 
| 290|0x0000000092200000, 0x0000000092200000, 0x0000000092300000|  0%| F|  |TAMS 0x0000000092200000, 0x0000000092200000| Untracked 
| 291|0x0000000092300000, 0x0000000092300000, 0x0000000092400000|  0%| F|  |TAMS 0x0000000092300000, 0x0000000092300000| Untracked 
| 292|0x0000000092400000, 0x0000000092400000, 0x0000000092500000|  0%| F|  |TAMS 0x0000000092400000, 0x0000000092400000| Untracked 
| 293|0x0000000092500000, 0x0000000092500000, 0x0000000092600000|  0%| F|  |TAMS 0x0000000092500000, 0x0000000092500000| Untracked 
| 294|0x0000000092600000, 0x0000000092600000, 0x0000000092700000|  0%| F|  |TAMS 0x0000000092600000, 0x0000000092600000| Untracked 
| 295|0x0000000092700000, 0x0000000092700000, 0x0000000092800000|  0%| F|  |TAMS 0x0000000092700000, 0x0000000092700000| Untracked 
| 296|0x0000000092800000, 0x0000000092800000, 0x0000000092900000|  0%| F|  |TAMS 0x0000000092800000, 0x0000000092800000| Untracked 
| 297|0x0000000092900000, 0x0000000092900000, 0x0000000092a00000|  0%| F|  |TAMS 0x0000000092900000, 0x0000000092900000| Untracked 
| 298|0x0000000092a00000, 0x0000000092a00000, 0x0000000092b00000|  0%| F|  |TAMS 0x0000000092a00000, 0x0000000092a00000| Untracked 
| 299|0x0000000092b00000, 0x0000000092b00000, 0x0000000092c00000|  0%| F|  |TAMS 0x0000000092b00000, 0x0000000092b00000| Untracked 
| 300|0x0000000092c00000, 0x0000000092c00000, 0x0000000092d00000|  0%| F|  |TAMS 0x0000000092c00000, 0x0000000092c00000| Untracked 
| 301|0x0000000092d00000, 0x0000000092d00000, 0x0000000092e00000|  0%| F|  |TAMS 0x0000000092d00000, 0x0000000092d00000| Untracked 
| 302|0x0000000092e00000, 0x0000000092e00000, 0x0000000092f00000|  0%| F|  |TAMS 0x0000000092e00000, 0x0000000092e00000| Untracked 
| 303|0x0000000092f00000, 0x0000000092f00000, 0x0000000093000000|  0%| F|  |TAMS 0x0000000092f00000, 0x0000000092f00000| Untracked 
| 304|0x0000000093000000, 0x0000000093000000, 0x0000000093100000|  0%| F|  |TAMS 0x0000000093000000, 0x0000000093000000| Untracked 
| 305|0x0000000093100000, 0x0000000093100000, 0x0000000093200000|  0%| F|  |TAMS 0x0000000093100000, 0x0000000093100000| Untracked 
| 306|0x0000000093200000, 0x0000000093200000, 0x0000000093300000|  0%| F|  |TAMS 0x0000000093200000, 0x0000000093200000| Untracked 
| 307|0x0000000093300000, 0x0000000093300000, 0x0000000093400000|  0%| F|  |TAMS 0x0000000093300000, 0x0000000093300000| Untracked 
| 308|0x0000000093400000, 0x0000000093400000, 0x0000000093500000|  0%| F|  |TAMS 0x0000000093400000, 0x0000000093400000| Untracked 
| 309|0x0000000093500000, 0x0000000093500000, 0x0000000093600000|  0%| F|  |TAMS 0x0000000093500000, 0x0000000093500000| Untracked 
| 310|0x0000000093600000, 0x0000000093600000, 0x0000000093700000|  0%| F|  |TAMS 0x0000000093600000, 0x0000000093600000| Untracked 
| 311|0x0000000093700000, 0x0000000093700000, 0x0000000093800000|  0%| F|  |TAMS 0x0000000093700000, 0x0000000093700000| Untracked 
| 312|0x0000000093800000, 0x0000000093800000, 0x0000000093900000|  0%| F|  |TAMS 0x0000000093800000, 0x0000000093800000| Untracked 
| 313|0x0000000093900000, 0x0000000093900000, 0x0000000093a00000|  0%| F|  |TAMS 0x0000000093900000, 0x0000000093900000| Untracked 
| 314|0x0000000093a00000, 0x0000000093a00000, 0x0000000093b00000|  0%| F|  |TAMS 0x0000000093a00000, 0x0000000093a00000| Untracked 
| 315|0x0000000093b00000, 0x0000000093b00000, 0x0000000093c00000|  0%| F|  |TAMS 0x0000000093b00000, 0x0000000093b00000| Untracked 
| 316|0x0000000093c00000, 0x0000000093c00000, 0x0000000093d00000|  0%| F|  |TAMS 0x0000000093c00000, 0x0000000093c00000| Untracked 
| 317|0x0000000093d00000, 0x0000000093d00000, 0x0000000093e00000|  0%| F|  |TAMS 0x0000000093d00000, 0x0000000093d00000| Untracked 
| 318|0x0000000093e00000, 0x0000000093e00000, 0x0000000093f00000|  0%| F|  |TAMS 0x0000000093e00000, 0x0000000093e00000| Untracked 
| 319|0x0000000093f00000, 0x0000000093f00000, 0x0000000094000000|  0%| F|  |TAMS 0x0000000093f00000, 0x0000000093f00000| Untracked 
| 320|0x0000000094000000, 0x0000000094000000, 0x0000000094100000|  0%| F|  |TAMS 0x0000000094000000, 0x0000000094000000| Untracked 
| 321|0x0000000094100000, 0x0000000094100000, 0x0000000094200000|  0%| F|  |TAMS 0x0000000094100000, 0x0000000094100000| Untracked 
| 322|0x0000000094200000, 0x0000000094200000, 0x0000000094300000|  0%| F|  |TAMS 0x0000000094200000, 0x0000000094200000| Untracked 
| 323|0x0000000094300000, 0x0000000094300000, 0x0000000094400000|  0%| F|  |TAMS 0x0000000094300000, 0x0000000094300000| Untracked 
| 324|0x0000000094400000, 0x0000000094400000, 0x0000000094500000|  0%| F|  |TAMS 0x0000000094400000, 0x0000000094400000| Untracked 
| 325|0x0000000094500000, 0x0000000094500000, 0x0000000094600000|  0%| F|  |TAMS 0x0000000094500000, 0x0000000094500000| Untracked 
| 326|0x0000000094600000, 0x0000000094600000, 0x0000000094700000|  0%| F|  |TAMS 0x0000000094600000, 0x0000000094600000| Untracked 
| 327|0x0000000094700000, 0x0000000094700000, 0x0000000094800000|  0%| F|  |TAMS 0x0000000094700000, 0x0000000094700000| Untracked 
| 328|0x0000000094800000, 0x0000000094800000, 0x0000000094900000|  0%| F|  |TAMS 0x0000000094800000, 0x0000000094800000| Untracked 
| 329|0x0000000094900000, 0x0000000094900000, 0x0000000094a00000|  0%| F|  |TAMS 0x0000000094900000, 0x0000000094900000| Untracked 
| 330|0x0000000094a00000, 0x0000000094a00000, 0x0000000094b00000|  0%| F|  |TAMS 0x0000000094a00000, 0x0000000094a00000| Untracked 
| 331|0x0000000094b00000, 0x0000000094b00000, 0x0000000094c00000|  0%| F|  |TAMS 0x0000000094b00000, 0x0000000094b00000| Untracked 
| 332|0x0000000094c00000, 0x0000000094c00000, 0x0000000094d00000|  0%| F|  |TAMS 0x0000000094c00000, 0x0000000094c00000| Untracked 
| 333|0x0000000094d00000, 0x0000000094d00000, 0x0000000094e00000|  0%| F|  |TAMS 0x0000000094d00000, 0x0000000094d00000| Untracked 

Card table byte_map: [0x0000016159470000,0x0000016159870000] _byte_map_base: 0x0000016159070000

Marking Bits (Prev, Next): (CMBitMap*) 0x00000161462ab4b0, (CMBitMap*) 0x00000161462ab478
 Prev Bits: [0x000001615bc70000, 0x000001615dc70000)
 Next Bits: [0x0000016159c70000, 0x000001615bc70000)

Polling page: 0x00000161441a0000

Metaspace:

Usage:
  Non-class:    135.12 MB capacity,   132.24 MB ( 98%) used,     2.35 MB (  2%) free+waste,   545.75 KB ( <1%) overhead. 
      Class:     20.01 MB capacity,    18.35 MB ( 92%) used,     1.42 MB (  7%) free+waste,   237.13 KB (  1%) overhead. 
       Both:    155.13 MB capacity,   150.59 MB ( 97%) used,     3.77 MB (  2%) free+waste,   782.88 KB ( <1%) overhead. 

Virtual space:
  Non-class space:      136.00 MB reserved,     135.28 MB (>99%) committed 
      Class space:        1.00 GB reserved,      20.10 MB (  2%) committed 
             Both:        1.13 GB reserved,     155.38 MB ( 13%) committed 

Chunk freelists:
   Non-Class:  39.00 KB
       Class:  0 bytes
        Both:  39.00 KB

MaxMetaspaceSize: 17179869184.00 GB
CompressedClassSpaceSize: 1.00 GB

CodeHeap 'non-profiled nmethods': size=120000Kb used=22623Kb max_used=22727Kb free=97376Kb
 bounds [0x0000016151810000, 0x0000016152e60000, 0x0000016158d40000]
CodeHeap 'profiled nmethods': size=120000Kb used=58851Kb max_used=60156Kb free=61148Kb
 bounds [0x000001614a2e0000, 0x000001614de40000, 0x0000016151810000]
CodeHeap 'non-nmethods': size=5760Kb used=2415Kb max_used=2499Kb free=3344Kb
 bounds [0x0000016149d40000, 0x0000016149fc0000, 0x000001614a2e0000]
 total_blobs=27104 nmethods=26055 adapters=954
 compilation: enabled
              stopped_count=0, restarted_count=0
 full_count=0

Compilation events (20 events):
Event: 4480.188 Thread 0x0000016160f8c800 nmethod 31749 0x000001614b184d90 code [0x000001614b184f40, 0x000001614b185198]
Event: 4480.188 Thread 0x000001616b58d800 31746       4       com.android.tools.r8.graph.c0::a (258 bytes)
Event: 4480.193 Thread 0x0000016160f8c800 31753       3       com.android.tools.r8.internal.du::d (194 bytes)
Event: 4480.194 Thread 0x000001616b58d800 nmethod 31746 0x0000016152689390 code [0x0000016152689540, 0x0000016152689998]
Event: 4480.194 Thread 0x000001616b58d800 31752       4       com.android.tools.r8.graph.X::g (62 bytes)
Event: 4480.194 Thread 0x0000016160f8c800 nmethod 31753 0x000001614b359990 code [0x000001614b359c20, 0x000001614b35a8d8]
Event: 4480.201 Thread 0x000001616b58d800 nmethod 31752 0x000001615269a090 code [0x000001615269a260, 0x000001615269a998]
Event: 4480.201 Thread 0x000001616b58d800 31741       4       com.android.tools.r8.internal.Zj::a (444 bytes)
Event: 4480.203 Thread 0x0000016160f87000 nmethod 31731 0x0000016152779b10 code [0x0000016152779d00, 0x000001615277afe8]
Event: 4480.203 Thread 0x0000016160f87000 31751       4       com.android.tools.r8.graph.e0::equals (37 bytes)
Event: 4480.203 Thread 0x000001616b58d800 nmethod 31741 0x0000016152699a90 code [0x0000016152699c40, 0x0000016152699e48]
Event: 4480.203 Thread 0x000001616b58d800 31737       4       com.android.tools.r8.graph.e0::<init> (36 bytes)
Event: 4480.205 Thread 0x000001616b58d800 nmethod 31737 0x00000161526c6490 code [0x00000161526c6620, 0x00000161526c6758]
Event: 4480.205 Thread 0x000001616b58d800 31750       4       com.android.tools.r8.graph.a0::g (62 bytes)
Event: 4480.206 Thread 0x0000016160f87000 nmethod 31751 0x00000161526c5d90 code [0x00000161526c5f40, 0x00000161526c6258]
Event: 4480.206 Thread 0x0000016160f87000 31745       4       com.android.tools.r8.dex.j::a (83 bytes)
Event: 4480.207 Thread 0x0000016160f8c800 31756       3       com.android.tools.r8.internal.Zj::a (159 bytes)
Event: 4480.208 Thread 0x0000016160f8c800 nmethod 31756 0x000001614b1d6390 code [0x000001614b1d6580, 0x000001614b1d6b38]
Event: 4480.211 Thread 0x000001616b58d800 nmethod 31750 0x0000016152752690 code [0x0000016152752840, 0x0000016152752e78]
Event: 4480.211 Thread 0x000001616b58d800 31755       4       com.android.tools.r8.internal.lp::a (368 bytes)

GC Heap History (20 events):
Event: 4475.987 GC heap after
{Heap after GC invocations=144 (full 0):
 garbage-first heap   total 236544K, used 133684K [0x0000000080000000, 0x0000000100000000)
  region size 1024K, 6 young (6144K), 6 survivors (6144K)
 Metaspace       used 151854K, capacity 156354K, committed 156804K, reserved 1185792K
  class space    used 18564K, capacity 20181K, committed 20324K, reserved 1048576K
}
Event: 4476.283 GC heap before
{Heap before GC invocations=145 (full 0):
 garbage-first heap   total 236544K, used 185908K [0x0000000080000000, 0x0000000100000000)
  region size 1024K, 58 young (59392K), 6 survivors (6144K)
 Metaspace       used 152271K, capacity 156789K, committed 157060K, reserved 1185792K
  class space    used 18631K, capacity 20281K, committed 20324K, reserved 1048576K
}
Event: 4476.292 GC heap after
{Heap after GC invocations=146 (full 0):
 garbage-first heap   total 284672K, used 139132K [0x0000000080000000, 0x0000000100000000)
  region size 1024K, 8 young (8192K), 8 survivors (8192K)
 Metaspace       used 152271K, capacity 156789K, committed 157060K, reserved 1185792K
  class space    used 18631K, capacity 20281K, committed 20324K, reserved 1048576K
}
Event: 4476.316 GC heap before
{Heap before GC invocations=146 (full 0):
 garbage-first heap   total 284672K, used 144252K [0x0000000080000000, 0x0000000100000000)
  region size 1024K, 13 young (13312K), 8 survivors (8192K)
 Metaspace       used 152319K, capacity 156856K, committed 157060K, reserved 1185792K
  class space    used 18636K, capacity 20282K, committed 20324K, reserved 1048576K
}
Event: 4476.323 GC heap after
{Heap after GC invocations=147 (full 0):
 garbage-first heap   total 284672K, used 135182K [0x0000000080000000, 0x0000000100000000)
  region size 1024K, 2 young (2048K), 2 survivors (2048K)
 Metaspace       used 152319K, capacity 156856K, committed 157060K, reserved 1185792K
  class space    used 18636K, capacity 20282K, committed 20324K, reserved 1048576K
}
Event: 4476.698 GC heap before
{Heap before GC invocations=147 (full 0):
 garbage-first heap   total 284672K, used 209934K [0x0000000080000000, 0x0000000100000000)
  region size 1024K, 75 young (76800K), 2 survivors (2048K)
 Metaspace       used 153179K, capacity 157778K, committed 157956K, reserved 1187840K
  class space    used 18753K, capacity 20416K, committed 20452K, reserved 1048576K
}
Event: 4476.714 GC heap after
{Heap after GC invocations=148 (full 0):
 garbage-first heap   total 284672K, used 139621K [0x0000000080000000, 0x0000000100000000)
  region size 1024K, 7 young (7168K), 7 survivors (7168K)
 Metaspace       used 153179K, capacity 157778K, committed 157956K, reserved 1187840K
  class space    used 18753K, capacity 20416K, committed 20452K, reserved 1048576K
}
Event: 4477.115 GC heap before
{Heap before GC invocations=149 (full 0):
 garbage-first heap   total 284672K, used 216421K [0x0000000080000000, 0x0000000100000000)
  region size 1024K, 81 young (82944K), 7 survivors (7168K)
 Metaspace       used 153473K, capacity 158034K, committed 158212K, reserved 1187840K
  class space    used 18766K, capacity 20434K, committed 20452K, reserved 1048576K
}
Event: 4477.123 GC heap after
{Heap after GC invocations=150 (full 0):
 garbage-first heap   total 284672K, used 140410K [0x0000000080000000, 0x0000000100000000)
  region size 1024K, 6 young (6144K), 6 survivors (6144K)
 Metaspace       used 153473K, capacity 158034K, committed 158212K, reserved 1187840K
  class space    used 18766K, capacity 20434K, committed 20452K, reserved 1048576K
}
Event: 4477.372 GC heap before
{Heap before GC invocations=150 (full 0):
 garbage-first heap   total 284672K, used 219258K [0x0000000080000000, 0x0000000100000000)
  region size 1024K, 84 young (86016K), 6 survivors (6144K)
 Metaspace       used 153599K, capacity 158198K, committed 158212K, reserved 1187840K
  class space    used 18776K, capacity 20441K, committed 20452K, reserved 1048576K
}
Event: 4477.388 GC heap after
{Heap after GC invocations=151 (full 0):
 garbage-first heap   total 342016K, used 141249K [0x0000000080000000, 0x0000000100000000)
  region size 1024K, 7 young (7168K), 7 survivors (7168K)
 Metaspace       used 153599K, capacity 158198K, committed 158212K, reserved 1187840K
  class space    used 18776K, capacity 20441K, committed 20452K, reserved 1048576K
}
Event: 4477.837 GC heap before
{Heap before GC invocations=152 (full 0):
 garbage-first heap   total 342016K, used 249793K [0x0000000080000000, 0x0000000100000000)
  region size 1024K, 113 young (115712K), 7 survivors (7168K)
 Metaspace       used 153793K, capacity 158386K, committed 158596K, reserved 1187840K
  class space    used 18781K, capacity 20480K, committed 20580K, reserved 1048576K
}
Event: 4477.846 GC heap after
{Heap after GC invocations=153 (full 0):
 garbage-first heap   total 342016K, used 140863K [0x0000000080000000, 0x0000000100000000)
  region size 1024K, 7 young (7168K), 7 survivors (7168K)
 Metaspace       used 153793K, capacity 158386K, committed 158596K, reserved 1187840K
  class space    used 18781K, capacity 20480K, committed 20580K, reserved 1048576K
}
Event: 4478.138 GC heap before
{Heap before GC invocations=153 (full 0):
 garbage-first heap   total 342016K, used 258623K [0x0000000080000000, 0x0000000100000000)
  region size 1024K, 122 young (124928K), 7 survivors (7168K)
 Metaspace       used 153847K, capacity 158455K, committed 158596K, reserved 1187840K
  class space    used 18782K, capacity 20481K, committed 20580K, reserved 1048576K
}
Event: 4478.152 GC heap after
{Heap after GC invocations=154 (full 0):
 garbage-first heap   total 342016K, used 141434K [0x0000000080000000, 0x0000000100000000)
  region size 1024K, 7 young (7168K), 7 survivors (7168K)
 Metaspace       used 153847K, capacity 158455K, committed 158596K, reserved 1187840K
  class space    used 18782K, capacity 20481K, committed 20580K, reserved 1048576K
}
Event: 4478.591 GC heap before
{Heap before GC invocations=155 (full 0):
 garbage-first heap   total 342016K, used 271482K [0x0000000080000000, 0x0000000100000000)
  region size 1024K, 134 young (137216K), 7 survivors (7168K)
 Metaspace       used 153869K, capacity 158459K, committed 158596K, reserved 1187840K
  class space    used 18782K, capacity 20481K, committed 20580K, reserved 1048576K
}
Event: 4478.600 GC heap after
{Heap after GC invocations=156 (full 0):
 garbage-first heap   total 342016K, used 141204K [0x0000000080000000, 0x0000000100000000)
  region size 1024K, 7 young (7168K), 7 survivors (7168K)
 Metaspace       used 153869K, capacity 158459K, committed 158596K, reserved 1187840K
  class space    used 18782K, capacity 20481K, committed 20580K, reserved 1048576K
}
Event: 4478.962 GC heap before
{Heap before GC invocations=156 (full 0):
 garbage-first heap   total 342016K, used 274324K [0x0000000080000000, 0x0000000100000000)
  region size 1024K, 137 young (140288K), 7 survivors (7168K)
 Metaspace       used 153995K, capacity 158623K, committed 158852K, reserved 1187840K
  class space    used 18787K, capacity 20488K, committed 20580K, reserved 1048576K
}
Event: 4478.978 GC heap after
{Heap after GC invocations=157 (full 0):
 garbage-first heap   total 342016K, used 142212K [0x0000000080000000, 0x0000000100000000)
  region size 1024K, 8 young (8192K), 8 survivors (8192K)
 Metaspace       used 153995K, capacity 158623K, committed 158852K, reserved 1187840K
  class space    used 18787K, capacity 20488K, committed 20580K, reserved 1048576K
}
Event: 4480.218 GC heap before
{Heap before GC invocations=158 (full 0):
 garbage-first heap   total 342016K, used 294788K [0x0000000080000000, 0x0000000100000000)
  region size 1024K, 142 young (145408K), 8 survivors (8192K)
 Metaspace       used 154203K, capacity 158850K, committed 159108K, reserved 1187840K
  class space    used 18794K, capacity 20489K, committed 20580K, reserved 1048576K
}

Deoptimization events (20 events):
Event: 4480.088 Thread 0x00000161681cc800 Uncommon trap: trap_request=0xffffffbe fr.pc=0x000001615270680c relative=0x000000000000118c
Event: 4480.088 Thread 0x00000161681cc800 Uncommon trap: reason=profile_predicate action=maybe_recompile pc=0x000001615270680c method=java.util.regex.Pattern$CharPropertyGreedy.match(Ljava/util/regex/Matcher;ILjava/lang/CharSequence;)Z @ 12 c2
Event: 4480.088 Thread 0x00000161681cc800 DEOPT PACKING pc=0x000001615270680c sp=0x00000024512fdd90
Event: 4480.088 Thread 0x00000161681cc800 DEOPT UNPACKING pc=0x0000016149d678af sp=0x00000024512fdd20 mode 2
Event: 4480.095 Thread 0x00000161681cc800 Uncommon trap: trap_request=0xffffffbe fr.pc=0x000001615270680c relative=0x000000000000118c
Event: 4480.095 Thread 0x00000161681cc800 Uncommon trap: reason=profile_predicate action=maybe_recompile pc=0x000001615270680c method=java.util.regex.Pattern$CharPropertyGreedy.match(Ljava/util/regex/Matcher;ILjava/lang/CharSequence;)Z @ 12 c2
Event: 4480.095 Thread 0x00000161681cc800 DEOPT PACKING pc=0x000001615270680c sp=0x00000024512fdd90
Event: 4480.095 Thread 0x00000161681cc800 DEOPT UNPACKING pc=0x0000016149d678af sp=0x00000024512fdd20 mode 2
Event: 4480.169 Thread 0x00000161681cc800 Uncommon trap: trap_request=0xffffff4d fr.pc=0x000001615267a970 relative=0x0000000000000230
Event: 4480.169 Thread 0x00000161681cc800 Uncommon trap: reason=unstable_if action=reinterpret pc=0x000001615267a970 method=com.android.tools.r8.graph.c0.a([C)I @ 68 c2
Event: 4480.169 Thread 0x00000161681cc800 DEOPT PACKING pc=0x000001615267a970 sp=0x00000024512fd700
Event: 4480.169 Thread 0x00000161681cc800 DEOPT UNPACKING pc=0x0000016149d678af sp=0x00000024512fd688 mode 2
Event: 4480.178 Thread 0x00000161681cc800 Uncommon trap: trap_request=0xffffff4d fr.pc=0x000001615283b77c relative=0x000000000000061c
Event: 4480.178 Thread 0x00000161681cc800 Uncommon trap: reason=unstable_if action=reinterpret pc=0x000001615283b77c method=java.lang.Long.parseLong(Ljava/lang/String;I)J @ 120 c2
Event: 4480.178 Thread 0x00000161681cc800 DEOPT PACKING pc=0x000001615283b77c sp=0x00000024512fd5a0
Event: 4480.178 Thread 0x00000161681cc800 DEOPT UNPACKING pc=0x0000016149d678af sp=0x00000024512fd4f0 mode 2
Event: 4480.186 Thread 0x00000161681cc800 DEOPT PACKING pc=0x000001614b1df60e sp=0x00000024512fd5f0
Event: 4480.186 Thread 0x00000161681cc800 DEOPT UNPACKING pc=0x0000016149d676ce sp=0x00000024512fca68 mode 0
Event: 4480.192 Thread 0x00000161681cc800 DEOPT PACKING pc=0x000001614b1df60e sp=0x00000024512fd5f0
Event: 4480.192 Thread 0x00000161681cc800 DEOPT UNPACKING pc=0x0000016149d676ce sp=0x00000024512fca68 mode 0

Classes redefined (0 events):
No events

Internal exceptions (20 events):
Event: 4475.534 Thread 0x000001616c00b800 Exception <a 'sun/nio/fs/WindowsException'{0x000000008d90d920}> (0x000000008d90d920) thrown at [./src/hotspot/share/prims/jni.cpp, line 615]
Event: 4475.600 Thread 0x000001616c002800 Exception <a 'sun/nio/fs/WindowsException'{0x000000008d4bead8}> (0x000000008d4bead8) thrown at [./src/hotspot/share/prims/jni.cpp, line 615]
Event: 4475.608 Thread 0x000001616c008000 Exception <a 'sun/nio/fs/WindowsException'{0x000000008cfe7628}> (0x000000008cfe7628) thrown at [./src/hotspot/share/prims/jni.cpp, line 615]
Event: 4475.621 Thread 0x000001616c00b800 Exception <a 'sun/nio/fs/WindowsException'{0x000000008ca0dfe0}> (0x000000008ca0dfe0) thrown at [./src/hotspot/share/prims/jni.cpp, line 615]
Event: 4475.623 Thread 0x000001616c00a800 Exception <a 'sun/nio/fs/WindowsException'{0x000000008cf78000}> (0x000000008cf78000) thrown at [./src/hotspot/share/prims/jni.cpp, line 615]
Event: 4476.035 Thread 0x00000161681c7000 Exception <a 'java/lang/NoSuchMethodError'{0x000000008e258d70}: 'java.lang.Object java.lang.invoke.DirectMethodHandle$Holder.invokeVirtual(java.lang.Object, java.lang.Object, int)'> (0x000000008e258d70) thrown at [./src/hotspot/share/interpreter/linkResolver.cpp, line 773]
Event: 4476.223 Thread 0x000001616c00d000 Exception <a 'sun/nio/fs/WindowsException'{0x000000008cfb8d60}> (0x000000008cfb8d60) thrown at [./src/hotspot/share/prims/jni.cpp, line 615]
Event: 4476.226 Thread 0x000001616c00d000 Exception <a 'java/lang/NoSuchMethodError'{0x000000008cea2838}: 'void java.lang.invoke.DirectMethodHandle$Holder.invokeStatic(java.lang.Object, java.lang.Object, int, java.lang.Object, java.lang.Object, java.lang.Object, java.lang.Object)'> (0x000000008cea2838) thrown at [./src/hotspot/share/interpreter/linkResolver.cpp, line 773]
Event: 4476.249 Thread 0x000001616c00a800 Exception <a 'sun/nio/fs/WindowsException'{0x000000008c103600}> (0x000000008c103600) thrown at [./src/hotspot/share/prims/jni.cpp, line 615]
Event: 4476.264 Thread 0x000001616c004000 Exception <a 'sun/nio/fs/WindowsException'{0x000000008bb78240}> (0x000000008bb78240) thrown at [./src/hotspot/share/prims/jni.cpp, line 615]
Event: 4476.295 Thread 0x000001616c006800 Exception <a 'sun/nio/fs/WindowsException'{0x000000009155def0}> (0x000000009155def0) thrown at [./src/hotspot/share/prims/jni.cpp, line 615]
Event: 4476.432 Thread 0x000001616c00d000 Implicit null exception at 0x0000016152231012 to 0x000001615223120c
Event: 4476.433 Thread 0x000001616c00d000 Implicit null exception at 0x000001615222fa39 to 0x000001615222fb84
Event: 4476.504 Thread 0x000001616c00d000 Exception <a 'java/lang/NoSuchMethodError'{0x000000008fb82f38}: 'java.lang.Object java.lang.invoke.DirectMethodHandle$Holder.invokeInterface(java.lang.Object, java.lang.Object, int)'> (0x000000008fb82f38) thrown at [./src/hotspot/share/interpreter/linkResolver.cpp, line 773]
Event: 4476.956 Thread 0x000001616c00d000 Exception <a 'sun/nio/fs/WindowsException'{0x000000008f31dc88}> (0x000000008f31dc88) thrown at [./src/hotspot/share/prims/jni.cpp, line 615]
Event: 4478.907 Thread 0x000001616c004000 Exception <a 'sun/nio/fs/WindowsException'{0x000000008d999798}> (0x000000008d999798) thrown at [./src/hotspot/share/prims/jni.cpp, line 615]
Event: 4479.011 Thread 0x000001616c00a800 Exception <a 'sun/nio/fs/WindowsException'{0x000000009451c690}> (0x000000009451c690) thrown at [./src/hotspot/share/prims/jni.cpp, line 615]
Event: 4479.123 Thread 0x000001616c006800 Implicit null exception at 0x0000016151ea31a8 to 0x0000016151ea3a54
Event: 4479.505 Thread 0x000001616c006800 Exception <a 'sun/nio/fs/WindowsException'{0x000000008e87fba8}> (0x000000008e87fba8) thrown at [./src/hotspot/share/prims/jni.cpp, line 615]
Event: 4480.160 Thread 0x00000161681cc800 Exception <a 'sun/nio/fs/WindowsException'{0x000000008df31ca0}> (0x000000008df31ca0) thrown at [./src/hotspot/share/prims/jni.cpp, line 615]

Events (20 events):
Event: 4479.620 loading class com/android/ide/common/xml/ManifestData$UsesLibrary
Event: 4479.620 loading class com/android/ide/common/xml/ManifestData$UsesLibrary done
Event: 4479.620 loading class com/android/build/gradle/internal/dependency/AarResourcesCompilerTransform$transform$resourceFolders$1
Event: 4479.620 loading class com/android/build/gradle/internal/dependency/AarResourcesCompilerTransform$transform$resourceFolders$1 done
Event: 4479.621 loading class com/android/build/gradle/internal/res/Aapt2CompileRunnableKt
Event: 4479.621 loading class com/android/build/gradle/internal/res/Aapt2CompileRunnableKt done
Event: 4479.621 Executing VM operation: RevokeBias
Event: 4479.621 Executing VM operation: RevokeBias done
Event: 4479.622 Executing VM operation: RevokeBias
Event: 4479.622 Executing VM operation: RevokeBias done
Event: 4479.622 loading class com/android/build/gradle/internal/res/Aapt2CompileRunnable
Event: 4479.622 loading class com/android/build/gradle/internal/res/Aapt2CompileRunnable done
Event: 4479.685 Thread 0x0000016166eaa000 Thread added: 0x0000016166eaa000
Event: 4479.858 Thread 0x0000016166ea9000 Thread added: 0x0000016166ea9000
Event: 4479.859 Thread 0x0000016166eaa800 Thread added: 0x0000016166eaa800
Event: 4480.037 Thread 0x000001616b58d800 Thread exited: 0x000001616b58d800
Event: 4480.102 Thread 0x0000016164d73800 Thread exited: 0x0000016164d73800
Event: 4480.172 Thread 0x0000016164d73800 Thread added: 0x0000016164d73800
Event: 4480.188 Thread 0x000001616b58d800 Thread added: 0x000001616b58d800
Event: 4480.218 Executing VM operation: G1CollectForAllocation


Dynamic libraries:
0x00007ff7eaa10000 - 0x00007ff7eaa1a000 	D:\androi studio\jre\bin\java.exe
0x00007ffcdf400000 - 0x00007ffcdf60f000 	C:\WINDOWS\SYSTEM32\ntdll.dll
0x00007ffcde7c0000 - 0x00007ffcde87d000 	C:\WINDOWS\System32\KERNEL32.DLL
0x00007ffcdcbc0000 - 0x00007ffcdcf43000 	C:\WINDOWS\System32\KERNELBASE.dll
0x00007ffcd9a70000 - 0x00007ffcd9b02000 	C:\WINDOWS\SYSTEM32\apphelp.dll
0x00007ffcdd170000 - 0x00007ffcdd281000 	C:\WINDOWS\System32\ucrtbase.dll
0x00007ffcc3d70000 - 0x00007ffcc3d89000 	D:\androi studio\jre\bin\jli.dll
0x00007ffcde580000 - 0x00007ffcde72b000 	C:\WINDOWS\System32\USER32.dll
0x00007ffcdd0b0000 - 0x00007ffcdd0d6000 	C:\WINDOWS\System32\win32u.dll
0x00007ffcde970000 - 0x00007ffcde999000 	C:\WINDOWS\System32\GDI32.dll
0x00007ffcdc8d0000 - 0x00007ffcdc9e7000 	C:\WINDOWS\System32\gdi32full.dll
0x00007ffcdcb20000 - 0x00007ffcdcbbb000 	C:\WINDOWS\System32\msvcp_win.dll
0x00007ffcb3d10000 - 0x00007ffcb3fb1000 	C:\WINDOWS\WinSxS\amd64_microsoft.windows.common-controls_6595b64144ccf1df_6.0.22463.1000_none_23c1f42dacbc77da\COMCTL32.dll
0x00007ffcde430000 - 0x00007ffcde4d4000 	C:\WINDOWS\System32\msvcrt.dll
0x00007ffca5180000 - 0x00007ffca5197000 	D:\androi studio\jre\bin\VCRUNTIME140.dll
0x00007ffcdd750000 - 0x00007ffcdd781000 	C:\WINDOWS\System32\IMM32.DLL
0x00007ffc52150000 - 0x00007ffc521ed000 	D:\androi studio\jre\bin\msvcp140.dll
0x00007ffc59980000 - 0x00007ffc5a44f000 	D:\androi studio\jre\bin\server\jvm.dll
0x00007ffcdef30000 - 0x00007ffcdefdf000 	C:\WINDOWS\System32\ADVAPI32.dll
0x00007ffcde4e0000 - 0x00007ffcde57f000 	C:\WINDOWS\System32\sechost.dll
0x00007ffcde9b0000 - 0x00007ffcdeace000 	C:\WINDOWS\System32\RPCRT4.dll
0x00007ffcded50000 - 0x00007ffcded58000 	C:\WINDOWS\System32\PSAPI.DLL
0x00007ffcb7b20000 - 0x00007ffcb7b29000 	C:\WINDOWS\SYSTEM32\WSOCK32.dll
0x00007ffcdd500000 - 0x00007ffcdd571000 	C:\WINDOWS\System32\WS2_32.dll
0x00007ffccbe70000 - 0x00007ffccbea3000 	C:\WINDOWS\SYSTEM32\WINMM.dll
0x00007ffcd1390000 - 0x00007ffcd139a000 	C:\WINDOWS\SYSTEM32\VERSION.dll
0x00007ffcdb9b0000 - 0x00007ffcdb9c8000 	C:\WINDOWS\SYSTEM32\kernel.appcore.dll
0x00007ffcc6d70000 - 0x00007ffcc6d81000 	D:\androi studio\jre\bin\verify.dll
0x00007ffcda4c0000 - 0x00007ffcda6e7000 	C:\WINDOWS\SYSTEM32\DBGHELP.DLL
0x00007ffcdefe0000 - 0x00007ffcdf356000 	C:\WINDOWS\System32\combase.dll
0x00007ffcce020000 - 0x00007ffcce051000 	C:\WINDOWS\SYSTEM32\dbgcore.DLL
0x00007ffcdd0e0000 - 0x00007ffcdd161000 	C:\WINDOWS\System32\bcryptPrimitives.dll
0x00007ffcb7c80000 - 0x00007ffcb7ca9000 	D:\androi studio\jre\bin\java.dll
0x00007ffccd510000 - 0x00007ffccd51b000 	D:\androi studio\jre\bin\jimage.dll
0x00007ffcc3c20000 - 0x00007ffcc3c38000 	D:\androi studio\jre\bin\zip.dll
0x00007ffcdd790000 - 0x00007ffcddf3b000 	C:\WINDOWS\System32\SHELL32.dll
0x00007ffcda940000 - 0x00007ffcdb19a000 	C:\WINDOWS\SYSTEM32\windows.storage.dll
0x00007ffcda7d0000 - 0x00007ffcda938000 	C:\WINDOWS\SYSTEM32\wintypes.dll
0x00007ffcdd580000 - 0x00007ffcdd66e000 	C:\WINDOWS\System32\SHCORE.dll
0x00007ffcdd290000 - 0x00007ffcdd2eb000 	C:\WINDOWS\System32\shlwapi.dll
0x00007ffcdc800000 - 0x00007ffcdc821000 	C:\WINDOWS\SYSTEM32\profapi.dll
0x00007ffcb7c60000 - 0x00007ffcb7c7a000 	D:\androi studio\jre\bin\net.dll
0x00007ffccd2a0000 - 0x00007ffccd3b2000 	C:\WINDOWS\SYSTEM32\WINHTTP.dll
0x00007ffcdbdf0000 - 0x00007ffcdbe59000 	C:\WINDOWS\system32\mswsock.dll
0x00007ffcb7680000 - 0x00007ffcb7694000 	D:\androi studio\jre\bin\nio.dll
0x00007ffca3720000 - 0x00007ffca3747000 	C:\Users\ThanhLong\.gradle\native\8bec1ad78214c89d9ad589b4d07fe93259594b29d510b10fafb7a158f7737e5d\windows-amd64\native-platform.dll
0x00007ffc52a10000 - 0x00007ffc52b4d000 	C:\Users\ThanhLong\.gradle\native\53dbd7edfb1c66fb8903c78663c9afc45aea4f116125fa6feffd364cf09443e8\windows-amd64\native-platform-file-events.dll
0x00007ffccd4a0000 - 0x00007ffccd4aa000 	D:\androi studio\jre\bin\management.dll
0x00007ffcc5250000 - 0x00007ffcc525c000 	D:\androi studio\jre\bin\management_ext.dll
0x00007ffcdc040000 - 0x00007ffcdc058000 	C:\WINDOWS\SYSTEM32\CRYPTSP.dll
0x00007ffcdb910000 - 0x00007ffcdb945000 	C:\WINDOWS\system32\rsaenh.dll
0x00007ffcdbef0000 - 0x00007ffcdbf19000 	C:\WINDOWS\SYSTEM32\USERENV.dll
0x00007ffcdc1c0000 - 0x00007ffcdc1e8000 	C:\WINDOWS\SYSTEM32\bcrypt.dll
0x00007ffcdc060000 - 0x00007ffcdc06c000 	C:\WINDOWS\SYSTEM32\CRYPTBASE.dll
0x00007ffcdb420000 - 0x00007ffcdb44d000 	C:\WINDOWS\SYSTEM32\IPHLPAPI.DLL
0x00007ffcdead0000 - 0x00007ffcdead9000 	C:\WINDOWS\System32\NSI.dll
0x00007ffccb190000 - 0x00007ffccb1a9000 	C:\WINDOWS\SYSTEM32\dhcpcsvc6.DLL
0x00007ffccb170000 - 0x00007ffccb18e000 	C:\WINDOWS\SYSTEM32\dhcpcsvc.DLL
0x00007ffcdb490000 - 0x00007ffcdb583000 	C:\WINDOWS\SYSTEM32\DNSAPI.dll
0x00007ffcb2260000 - 0x00007ffcb2287000 	D:\androi studio\jre\bin\sunec.dll
0x00007ffccaa50000 - 0x00007ffccaa5a000 	C:\Windows\System32\rasadhlp.dll
0x00007ffccada0000 - 0x00007ffccae21000 	C:\WINDOWS\System32\fwpuclnt.dll
0x00007ffcdb370000 - 0x00007ffcdb3a4000 	C:\WINDOWS\SYSTEM32\ntmarta.dll

dbghelp: loaded successfully - version: 4.0.5 - missing functions: none
symbol engine: initialized successfully - sym options: 0x614 - pdb path: .;D:\androi studio\jre\bin;C:\WINDOWS\SYSTEM32;C:\WINDOWS\WinSxS\amd64_microsoft.windows.common-controls_6595b64144ccf1df_6.0.22463.1000_none_23c1f42dacbc77da;D:\androi studio\jre\bin\server;C:\Users\ThanhLong\.gradle\native\8bec1ad78214c89d9ad589b4d07fe93259594b29d510b10fafb7a158f7737e5d\windows-amd64;C:\Users\ThanhLong\.gradle\native\53dbd7edfb1c66fb8903c78663c9afc45aea4f116125fa6feffd364cf09443e8\windows-amd64

VM Arguments:
jvm_args: --add-opens=java.base/java.util=ALL-UNNAMED --add-opens=java.base/java.lang=ALL-UNNAMED --add-opens=java.base/java.lang.invoke=ALL-UNNAMED --add-opens=java.base/java.util=ALL-UNNAMED --add-opens=java.prefs/java.util.prefs=ALL-UNNAMED --add-opens=java.prefs/java.util.prefs=ALL-UNNAMED --add-opens=java.base/java.nio.charset=ALL-UNNAMED --add-opens=java.base/java.net=ALL-UNNAMED --add-opens=java.base/java.util.concurrent.atomic=ALL-UNNAMED -Xmx2048m -Dfile.encoding=UTF-8 -Duser.country=US -Duser.language=en -Duser.variant 
java_command: org.gradle.launcher.daemon.bootstrap.GradleDaemon 7.0.2
java_class_path (initial): C:\Users\ThanhLong\.gradle\wrapper\dists\gradle-7.0.2-bin\857tjihv64xamwrf0h14cai3r\gradle-7.0.2\lib\gradle-launcher-7.0.2.jar
Launcher Type: SUN_STANDARD

[Global flags]
     intx CICompilerCount                          = 4                                         {product} {ergonomic}
     uint ConcGCThreads                            = 2                                         {product} {ergonomic}
     uint G1ConcRefinementThreads                  = 8                                         {product} {ergonomic}
   size_t G1HeapRegionSize                         = 1048576                                   {product} {ergonomic}
    uintx GCDrainStackTargetSize                   = 64                                        {product} {ergonomic}
   size_t InitialHeapSize                          = 201326592                                 {product} {ergonomic}
   size_t MarkStackSize                            = 4194304                                   {product} {ergonomic}
   size_t MaxHeapSize                              = 2147483648                                {product} {command line}
   size_t MaxNewSize                               = 1287651328                                {product} {ergonomic}
   size_t MinHeapDeltaBytes                        = 1048576                                   {product} {ergonomic}
    uintx NonNMethodCodeHeapSize                   = 5836300                                {pd product} {ergonomic}
    uintx NonProfiledCodeHeapSize                  = 122910970                              {pd product} {ergonomic}
    uintx ProfiledCodeHeapSize                     = 122910970                              {pd product} {ergonomic}
    uintx ReservedCodeCacheSize                    = 251658240                              {pd product} {ergonomic}
     bool SegmentedCodeCache                       = true                                      {product} {ergonomic}
     bool UseCompressedClassPointers               = true                                 {lp64_product} {ergonomic}
     bool UseCompressedOops                        = true                                 {lp64_product} {ergonomic}
     bool UseG1GC                                  = true                                      {product} {ergonomic}
     bool UseLargePagesIndividualAllocation        = false                                  {pd product} {ergonomic}

Logging:
Log output configuration:
 #0: stdout all=warning uptime,level,tags
 #1: stderr all=off uptime,level,tags

Environment Variables:
PATH=C:\Python39\Scripts\;C:\Python39\;C:\Program Files\Microsoft MPI\Bin\;C:\Program Files (x86)\Common Files\Oracle\Java\javapath;C:\ProgramData\Oracle\Java\javapath;C:\WINDOWS\system32;C:\WINDOWS;C:\WINDOWS\System32\Wbem;C:\WINDOWS\System32\WindowsPowerShell\v1.0\;C:\WINDOWS\System32\OpenSSH\;C:\Program Files\Microsoft SQL Server\Client SDK\ODBC\170\Tools\Binn\;C:\Program Files (x86)\Microsoft SQL Server\150\Tools\Binn\;C:\Program Files\Microsoft SQL Server\150\Tools\Binn\;C:\Program Files\Microsoft SQL Server\150\DTS\Binn\;C:\Program Files\Azure Data Studio\bin;D:\Git\cmd;C:\Program Files\Microsoft SQL Server\130\Tools\Binn\;C:\Program Files\dotnet\;C:\Program Files (x86)\Microsoft SQL Server\150\DTS\Binn\;C:\Program Files (x86)\dotnet\;d:\quartus\quartus\bin;C:\Program Files\nodejs\;C:\ProgramData\chocolatey\bin;C:\Program Files\MySQL\MySQL Shell 8.0\bin\;C:\Users\ThanhLong\AppData\Local\Microsoft\WindowsApps;C:\Program Files\Azure Data Studio\bin;F:\H?c T?p\Microsoft VS Code\bin;C:\Users\ThanhLong\AppData\Local\GitHubDesktop\bin;C:\Users\ThanhLong\.dotnet\tools;C:\Users\ThanhLong\AppData\Roaming\npm;
USERNAME=ThanhLong
OS=Windows_NT
PROCESSOR_IDENTIFIER=Intel64 Family 6 Model 142 Stepping 12, GenuineIntel



---------------  S Y S T E M  ---------------

OS: Windows 10 , 64 bit Build 22463 (10.0.22463.1000)
OS uptime: 5 days 21:11 hours

CPU:total 8 (initial active 8) (4 cores per cpu, 2 threads per core) family 6 model 142 stepping 12 microcode 0xea, cmov, cx8, fxsr, mmx, sse, sse2, sse3, ssse3, sse4.1, sse4.2, popcnt, avx, avx2, aes, clmul, erms, 3dnowpref, lzcnt, ht, tsc, tscinvbit, bmi1, bmi2, adx, fma

Memory: 4k page, system-wide physical 12164M (682M free)
TotalPageFile size 16260M (AvailPageFile size 46M)
current process WorkingSet (physical memory assigned to process): 758M, peak: 770M
current process commit charge ("private bytes"): 831M, peak: 898M

vm_info: OpenJDK 64-Bit Server VM (11.0.10+0-b96-7249189) for windows-amd64 JRE (11.0.10+0-b96-7249189), built on Mar 31 2021 21:44:00 by "builder" with MS VC++ 14.0 (VS2015)

END.
